disease ---> HIV
experiment ---> GDS1726
type ---> single
closed the readers
about to evaluate model
Warning: discretizing data set
evaluated model
test instances:
11
total instances:
28

Bayes Network Classifier
Using ADTree
#attributes=61 #classindex=60
Network structure (nodes followed by parents)
AQR(2): class 
PTK2_binarized(2): class 
HNRPDL_binarized(2): class 
CADM1_binarized(2): class 
KCNC4_binarized(2): class 
CRABP2_binarized(2): class 
DLX4_binarized(2): class 
INHBB_binarized(2): class 
C4ORF10_binarized(2): class 
ST8SIA1_binarized(2): class 
GRM5_binarized(2): class 
CD6_binarized(2): class 
C4B_binarized(2): class 
CLINT1_binarized(2): class 
HSD17B8_binarized(2): class 
W28732_binarized(2): class 
EPB41_binarized(2): class 
TULP2_binarized(2): class 
PPP3CC_binarized(2): class 
DBI_binarized(2): class 
CACNA2D1_binarized(2): class 
FOXO3_binarized(2): class 
AHCYL1_binarized(2): class 
TCF20_binarized(2): class 
CD2BP2_binarized(2): class 
TRIM31_binarized(2): class 
SYT5_binarized(2): class 
CLDN3_binarized(2): class 
BMX_binarized(2): class 
TMED9_binarized(2): class 
MYC_binarized(2): class 
ABTB2_binarized(2): class 
RGS19_binarized(2): class 
CYP2A6_binarized(2): class 
EIF2S3_binarized(2): class 
DAB2_binarized(2): class 
FGF18_binarized(2): class 
CRYBA1_binarized(2): class 
MYO10_binarized(2): class 
GH2_binarized(2): class 
ADCY1_binarized(2): class 
PLA2G15_binarized(2): class 
IL1B_binarized(2): class 
LSM6_binarized(2): class 
UGT8_binarized(2): class 
ZFP37_binarized(2): class 
SH3BP2_binarized(2): class 
AF023203_binarized(2): class 
MAP3K7_binarized(2): class 
CXCR5_binarized(2): class 
PRKCD_binarized(2): class 
ELANE_binarized(2): class 
KDM5A_binarized(2): class 
CCL21_binarized(2): class 
CDKN2A_binarized(2): class 
GJC1_binarized(2): class 
MS4A2_binarized(2): class 
PKD2_binarized(2): class 
MMACHC_binarized(2): class 
AL049390_binarized(2): class 
class(2): 
LogScore Bayes: -548.0657663239803
LogScore BDeu: -651.1397927986269
LogScore MDL: -695.989419284383
LogScore ENTROPY: -524.5800119689825
LogScore AIC: -645.580011968983


Time taken to build model: 0.97 seconds
Time taken to test model on training data: 0.15 seconds

=== Error on training data ===

Correctly Classified Instances          17              100      %
Incorrectly Classified Instances         0                0      %
Kappa statistic                          1     
Mean absolute error                      0     
Root mean squared error                  0     
Relative absolute error                  0      %
Root relative squared error              0      %
Total Number of Instances               17     


=== Confusion Matrix ===

 a b   <-- classified as
 9 0 | a = Control
 0 8 | b = Infected


=== Error on test data ===

Correctly Classified Instances           7               63.6364 %
Incorrectly Classified Instances         4               36.3636 %
Kappa statistic                          0.2414
Mean absolute error                      0.3933
Root mean squared error                  0.6071
Relative absolute error                 76.8292 %
Root relative squared error            118.4631 %
Total Number of Instances               11     


=== Confusion Matrix ===

 a b   <-- classified as
 2 1 | a = Control
 3 5 | b = Infected

Weighted area under ROC: 
NaN
True negative (control): 
0.0
True positive: 
0.0
