disease ---> HIV
experiment ---> GDS1580
type ---> single
closed the readers
about to evaluate model
Warning: discretizing data set
evaluated model
test instances:
5
total instances:
8

Bayes Network Classifier
Using ADTree
#attributes=61 #classindex=60
Network structure (nodes followed by parents)
PRICKLE2(2): class 
PIAS4_binarized(2): class 
NHLRC2_binarized(2): class 
BC032716_binarized(2): class 
AK055514_binarized(2): class 
AI492388_binarized(2): class 
FKBP9_binarized(2): class 
ZNF720_binarized(2): class 
MGC39372_binarized(2): class 
AA621615_binarized(2): class 
DUSP27_binarized(2): class 
MYB_binarized(2): class 
CDY1B_binarized(2): class 
SYPL1_binarized(2): class 
AW002876_binarized(2): class 
NAB1_binarized(2): class 
AI186173_binarized(2): class 
DIDO1_binarized(2): class 
PCGF6_binarized(2): class 
BCORL1_binarized(2): class 
NCF2_binarized(2): class 
TWIST1_binarized(2): class 
AW026963_binarized(2): class 
AK024135_binarized(2): class 
LOC100130633_binarized(2): class 
IFIT1_binarized(2): class 
RPL5P1_binarized(2): class 
OR10H2_binarized(2): class 
ANKDD1A_binarized(2): class 
GATSL3_binarized(2): class 
TMED4_binarized(2): class 
AW244016_binarized(2): class 
BC018499_binarized(2): class 
VMA21_binarized(2): class 
FAM149B1_binarized(2): class 
CALCA_binarized(2): class 
CUL7_binarized(2): class 
BC016673_binarized(2): class 
EFTUD1_binarized(2): class 
PTPN22_binarized(2): class 
SORT1_binarized(2): class 
ZNF561_binarized(2): class 
ERBB3_binarized(2): class 
KBTBD8_binarized(2): class 
APPBP2_binarized(2): class 
BE465102_binarized(2): class 
MARS2_binarized(2): class 
MOSPD3_binarized(2): class 
SERPINI1_binarized(2): class 
GPSM3_binarized(2): class 
RAD51L3_binarized(2): class 
MME_binarized(2): class 
SP100_binarized(2): class 
AI863954_binarized(2): class 
AA026388_binarized(2): class 
GPT_binarized(2): class 
DLEU2L_binarized(2): class 
TACC2_binarized(2): class 
AK024568_binarized(2): class 
PMAIP1_binarized(2): class 
class(2): 
LogScore Bayes: -103.21117473654
LogScore BDeu: -206.2852012111866
LogScore MDL: -217.69353136724442
LogScore ENTROPY: -151.22748790282367
LogScore AIC: -272.2274879028239


Time taken to build model: 0.14 seconds
Time taken to test model on training data: 0.07 seconds

=== Error on training data ===

Correctly Classified Instances           3              100      %
Incorrectly Classified Instances         0                0      %
Kappa statistic                          1     
Mean absolute error                      0     
Root mean squared error                  0     
Relative absolute error                  0      %
Root relative squared error              0      %
Total Number of Instances                3     


=== Confusion Matrix ===

 a b   <-- classified as
 1 0 | a = Control
 0 2 | b = Infected


=== Error on test data ===

Correctly Classified Instances           5              100      %
Incorrectly Classified Instances         0                0      %
Kappa statistic                          1     
Mean absolute error                      0     
Root mean squared error                  0     
Relative absolute error                  0      %
Root relative squared error              0      %
Total Number of Instances                5     


=== Confusion Matrix ===

 a b   <-- classified as
 3 0 | a = Control
 0 2 | b = Infected

Weighted area under ROC: 
NaN
True negative (control): 
0.0
True positive: 
0.0
