disease ---> Breast_Neoplasm
experiment ---> GDS1326
type ---> single
closed the readers
about to evaluate model
Warning: discretizing data set
evaluated model
test instances:
3
total instances:
12

Bayes Network Classifier
Using ADTree
#attributes=11 #classindex=10
Network structure (nodes followed by parents)
RRN3P1(2): class 
TTC39A_binarized(2): class 
NPAS3_binarized(2): class 
SPATA6_binarized(2): class 
DEPDC1_binarized(2): class 
EFNB1_binarized(2): class 
C17ORF86_binarized(2): class 
PHF20_binarized(2): class 
TBRG4_binarized(2): class 
KLF10_binarized(2): class 
class(2): 
LogScore Bayes: -44.2518067779286
LogScore BDeu: -61.43081119036969
LogScore MDL: -70.56108706869439
LogScore ENTROPY: -47.49022900666408
LogScore AIC: -68.49022900666408


Time taken to build model: 0.08 seconds
Time taken to test model on training data: 0.05 seconds

=== Error on training data ===

Correctly Classified Instances           9              100      %
Incorrectly Classified Instances         0                0      %
Kappa statistic                          1     
Mean absolute error                      0     
Root mean squared error                  0     
Relative absolute error                  0.0001 %
Root relative squared error              0.0002 %
Total Number of Instances                9     


=== Confusion Matrix ===

 a b   <-- classified as
 5 0 | a = Control
 0 4 | b = Infected


=== Error on test data ===

Correctly Classified Instances           3              100      %
Incorrectly Classified Instances         0                0      %
Kappa statistic                          1     
Mean absolute error                      0.0068
Root mean squared error                  0.0117
Relative absolute error                  1.3274 %
Root relative squared error              2.2544 %
Total Number of Instances                3     


=== Confusion Matrix ===

 a b   <-- classified as
 1 0 | a = Control
 0 2 | b = Infected

Weighted area under ROC: 
NaN
True negative (control): 
0.0
True positive: 
0.0
