disease ---> Breast_Neoplasm
experiment ---> GDS1326
type ---> single
closed the readers
about to evaluate model
Warning: discretizing data set
evaluated model
test instances:
9
total instances:
12

Bayes Network Classifier
Using ADTree
#attributes=11 #classindex=10
Network structure (nodes followed by parents)
LOC100127972(2): class 
TEAD4_binarized(2): class 
DEPDC1_binarized(2): class 
MTMR15_binarized(2): class 
SPG7_binarized(2): class 
ADCYAP1R1_binarized(2): class 
ACOX1_binarized(2): class 
MAPK11_binarized(2): class 
S100A5_binarized(2): class 
IGKC_binarized(2): class 
class(2): 
LogScore Bayes: -19.512353057956492
LogScore BDeu: -36.69135747039759
LogScore MDL: -38.94522114201238
LogScore ENTROPY: -27.409792110997238
LogScore AIC: -48.40979211099722


Time taken to build model: 0.11 seconds
Time taken to test model on training data: 0 seconds

=== Error on training data ===

Correctly Classified Instances           3              100      %
Incorrectly Classified Instances         0                0      %
Kappa statistic                          1     
Mean absolute error                      0     
Root mean squared error                  0     
Relative absolute error                  0.0005 %
Root relative squared error              0.0006 %
Total Number of Instances                3     


=== Confusion Matrix ===

 a b   <-- classified as
 1 0 | a = Control
 0 2 | b = Infected


=== Error on test data ===

Correctly Classified Instances           7               77.7778 %
Incorrectly Classified Instances         2               22.2222 %
Kappa statistic                          0.55  
Mean absolute error                      0.2878
Root mean squared error                  0.4855
Relative absolute error                 56.3097 %
Root relative squared error             93.2424 %
Total Number of Instances                9     


=== Confusion Matrix ===

 a b   <-- classified as
 4 1 | a = Control
 1 3 | b = Infected

Weighted area under ROC: 
NaN
True negative (control): 
0.0
True positive: 
0.0
