disease ---> Breast_Neoplasm
experiment ---> GDS1326
type ---> single
closed the readers
about to evaluate model
Warning: discretizing data set
evaluated model
test instances:
9
total instances:
12

Bayes Network Classifier
Using ADTree
#attributes=51 #classindex=50
Network structure (nodes followed by parents)
LOC100127972(2): class 
TEAD4_binarized(2): class 
DEPDC1_binarized(2): class 
MTMR15_binarized(2): class 
SPG7_binarized(2): class 
ADCYAP1R1_binarized(2): class 
ACOX1_binarized(2): class 
MAPK11_binarized(2): class 
S100A5_binarized(2): class 
IGKC_binarized(2): class 
RAD54L_binarized(2): class 
AHSA1_binarized(2): class 
MYOZ1_binarized(2): class 
MAT1A_binarized(2): class 
RNF19B_binarized(2): class 
C6ORF162_binarized(2): class 
FOSL1_binarized(2): class 
AF035278_binarized(2): class 
MTA2_binarized(2): class 
HSPB11_binarized(2): class 
PRLR_binarized(2): class 
KIF1A_binarized(2): class 
C8ORF39_binarized(2): class 
XIAP_binarized(2): class 
CDK2_binarized(2): class 
PILRA_binarized(2): class 
ATP2C1_binarized(2): class 
INTS3_binarized(2): class 
USP2_binarized(2): class 
SFTPB_binarized(2): class 
RRN3P1_binarized(2): class 
SGCB_binarized(2): class 
LOC399491_binarized(2): class 
ETV6_binarized(2): class 
ASB1_binarized(2): class 
RHOD_binarized(2): class 
IL17A_binarized(2): class 
Z21967_binarized(2): class 
IFT20_binarized(2): class 
VAMP5_binarized(2): class 
GINS2_binarized(2): class 
SIGLEC7_binarized(2): class 
XPC_binarized(2): class 
FEN1_binarized(2): class 
IGLV2-11_binarized(2): class 
TTC39A_binarized(2): class 
STAT4_binarized(2): class 
HSPA6_binarized(2): class 
PCCA_binarized(2): class 
NDST2_binarized(2): class 
class(2): 
LogScore Bayes: -86.47141040082333
LogScore BDeu: -172.36643246302881
LogScore MDL: -181.94386932219794
LogScore ENTROPY: -126.46394874445829
LogScore AIC: -227.46394874445858


Time taken to build model: 0.1 seconds
Time taken to test model on training data: 0.09 seconds

=== Error on training data ===

Correctly Classified Instances           3              100      %
Incorrectly Classified Instances         0                0      %
Kappa statistic                          1     
Mean absolute error                      0     
Root mean squared error                  0     
Relative absolute error                  0      %
Root relative squared error              0      %
Total Number of Instances                3     


=== Confusion Matrix ===

 a b   <-- classified as
 1 0 | a = Control
 0 2 | b = Infected


=== Error on test data ===

Correctly Classified Instances           6               66.6667 %
Incorrectly Classified Instances         3               33.3333 %
Kappa statistic                          0.3415
Mean absolute error                      0.315 
Root mean squared error                  0.5421
Relative absolute error                 61.6256 %
Root relative squared error            104.1223 %
Total Number of Instances                9     


=== Confusion Matrix ===

 a b   <-- classified as
 3 2 | a = Control
 1 3 | b = Infected

Weighted area under ROC: 
NaN
True negative (control): 
0.0
True positive: 
0.0
