disease ---> Breast_Neoplasm
experiment ---> GDS1326
type ---> single
closed the readers
about to evaluate model
Warning: discretizing data set
evaluated model
test instances:
3
total instances:
12

Bayes Network Classifier
Using ADTree
#attributes=21 #classindex=20
Network structure (nodes followed by parents)
RRN3P1(2): class 
TTC39A_binarized(2): class 
NPAS3_binarized(2): class 
SPATA6_binarized(2): class 
DEPDC1_binarized(2): class 
EFNB1_binarized(2): class 
C17ORF86_binarized(2): class 
PHF20_binarized(2): class 
TBRG4_binarized(2): class 
KLF10_binarized(2): class 
SLC7A4_binarized(2): class 
FAM105A_binarized(2): class 
ZWINT_binarized(2): class 
DUOX1_binarized(2): class 
BTNL8_binarized(2): class 
F11_binarized(2): class 
CD38_binarized(2): class 
HOXD3_binarized(2): class 
TGFA_binarized(2): class 
SNAPC5_binarized(2): class 
class(2): 
LogScore Bayes: -90.698157473664
LogScore BDeu: -125.05616629854632
LogScore MDL: -140.28670692817073
LogScore ENTROPY: -95.24360309277836
LogScore AIC: -136.24360309277827


Time taken to build model: 0.07 seconds
Time taken to test model on training data: 0 seconds

=== Error on training data ===

Correctly Classified Instances           9              100      %
Incorrectly Classified Instances         0                0      %
Kappa statistic                          1     
Mean absolute error                      0     
Root mean squared error                  0     
Relative absolute error                  0      %
Root relative squared error              0      %
Total Number of Instances                9     


=== Confusion Matrix ===

 a b   <-- classified as
 5 0 | a = Control
 0 4 | b = Infected


=== Error on test data ===

Correctly Classified Instances           3              100      %
Incorrectly Classified Instances         0                0      %
Kappa statistic                          1     
Mean absolute error                      0.0132
Root mean squared error                  0.0202
Relative absolute error                  2.5558 %
Root relative squared error              3.9042 %
Total Number of Instances                3     


=== Confusion Matrix ===

 a b   <-- classified as
 1 0 | a = Control
 0 2 | b = Infected

Weighted area under ROC: 
NaN
True negative (control): 
0.0
True positive: 
0.0
