disease ---> Breast_Neoplasm
experiment ---> GDS1326
type ---> single
closed the readers
about to evaluate model
Warning: discretizing data set
evaluated model
test instances:
4
total instances:
12

Bayes Network Classifier
Using ADTree
#attributes=11 #classindex=10
Network structure (nodes followed by parents)
HSPA6(2): class 
NPAS3_binarized(2): class 
RNF19B_binarized(2): class 
SORBS2_binarized(2): class 
TTC39A_binarized(2): class 
SPATA6_binarized(2): class 
DEPDC1_binarized(2): class 
RPL39L_binarized(2): class 
MTMR15_binarized(2): class 
TUBB1_binarized(2): class 
class(2): 
LogScore Bayes: -38.61323414267977
LogScore BDeu: -55.79223855512087
LogScore MDL: -64.86747808177428
LogScore ENTROPY: -43.03334189413601
LogScore AIC: -64.03334189413602


Time taken to build model: 0.22 seconds
Time taken to test model on training data: 0 seconds

=== Error on training data ===

Correctly Classified Instances           8              100      %
Incorrectly Classified Instances         0                0      %
Kappa statistic                          1     
Mean absolute error                      0     
Root mean squared error                  0     
Relative absolute error                  0      %
Root relative squared error              0      %
Total Number of Instances                8     


=== Confusion Matrix ===

 a b   <-- classified as
 4 0 | a = Control
 0 4 | b = Infected


=== Error on test data ===

Correctly Classified Instances           3               75      %
Incorrectly Classified Instances         1               25      %
Kappa statistic                          0.5   
Mean absolute error                      0.2188
Root mean squared error                  0.4375
Relative absolute error                 43.7503 %
Root relative squared error             87.5    %
Total Number of Instances                4     


=== Confusion Matrix ===

 a b   <-- classified as
 1 1 | a = Control
 0 2 | b = Infected

Weighted area under ROC: 
NaN
True negative (control): 
0.0
True positive: 
0.0
