disease ---> Breast_Neoplasm
experiment ---> GDS1326
type ---> single
closed the readers
about to evaluate model
Warning: discretizing data set
evaluated model
test instances:
1
total instances:
12

Bayes Network Classifier
Using ADTree
#attributes=11 #classindex=10
Network structure (nodes followed by parents)
TTC39A(2): class 
USP2_binarized(2): class 
DEPDC1_binarized(2): class 
NPAS3_binarized(2): class 
SPATA6_binarized(2): class 
RNF19B_binarized(2): class 
NDST2_binarized(2): class 
SIGLEC7_binarized(2): class 
SEC14L3_binarized(2): class 
HSPA6_binarized(2): class 
class(2): 
LogScore Bayes: -48.92375272258542
LogScore BDeu: -66.10275713502651
LogScore MDL: -76.94139017298448
LogScore ENTROPY: -51.76348980860159
LogScore AIC: -72.76348980860159


Time taken to build model: 0.05 seconds
Time taken to test model on training data: 0 seconds

=== Error on training data ===

Correctly Classified Instances          11              100      %
Incorrectly Classified Instances         0                0      %
Kappa statistic                          1     
Mean absolute error                      0     
Root mean squared error                  0     
Relative absolute error                  0      %
Root relative squared error              0.0001 %
Total Number of Instances               11     


=== Confusion Matrix ===

 a b   <-- classified as
 5 0 | a = Control
 0 6 | b = Infected


=== Error on test data ===

Correctly Classified Instances           1              100      %
Incorrectly Classified Instances         0                0      %
Kappa statistic                          1     
Mean absolute error                      0.0002
Root mean squared error                  0.0002
Relative absolute error                  0.0419 %
Root relative squared error              0.0419 %
Total Number of Instances                1     


=== Confusion Matrix ===

 a b   <-- classified as
 1 0 | a = Control
 0 0 | b = Infected

Weighted area under ROC: 
NaN
True negative (control): 
0.0
True positive: 
0.0
