disease ---> Breast_Neoplasm
experiment ---> GDS1326
type ---> single
closed the readers
about to evaluate model
Warning: discretizing data set
evaluated model
test instances:
2
total instances:
12

Bayes Network Classifier
Using ADTree
#attributes=11 #classindex=10
Network structure (nodes followed by parents)
DEPDC1(2): class 
NPAS3_binarized(2): class 
TTC39A_binarized(2): class 
SPATA6_binarized(2): class 
RRN3P1_binarized(2): class 
ETV6_binarized(2): class 
RPL39L_binarized(2): class 
SNAPC5_binarized(2): class 
C17ORF86_binarized(2): class 
IL11RA_binarized(2): class 
class(2): 
LogScore Bayes: -49.55771634946538
LogScore BDeu: -66.73672076190648
LogScore MDL: -76.14005024559147
LogScore ENTROPY: -51.962906769153996
LogScore AIC: -72.962906769154


Time taken to build model: 0.02 seconds
Time taken to test model on training data: 0 seconds

=== Error on training data ===

Correctly Classified Instances          10              100      %
Incorrectly Classified Instances         0                0      %
Kappa statistic                          1     
Mean absolute error                      0     
Root mean squared error                  0     
Relative absolute error                  0.0001 %
Root relative squared error              0.0003 %
Total Number of Instances               10     


=== Confusion Matrix ===

 a b   <-- classified as
 5 0 | a = Control
 0 5 | b = Infected


=== Error on test data ===

Correctly Classified Instances           2              100      %
Incorrectly Classified Instances         0                0      %
Kappa statistic                          1     
Mean absolute error                      0.0001
Root mean squared error                  0.0001
Relative absolute error                  0.0168 %
Root relative squared error              0.0237 %
Total Number of Instances                2     


=== Confusion Matrix ===

 a b   <-- classified as
 1 0 | a = Control
 0 1 | b = Infected

Weighted area under ROC: 
NaN
True negative (control): 
0.0
True positive: 
0.0
