disease ---> Breast_Neoplasm
experiment ---> GDS1326
type ---> single
closed the readers
about to evaluate model
Warning: discretizing data set
evaluated model
test instances:
8
total instances:
12

Bayes Network Classifier
Using ADTree
#attributes=11 #classindex=10
Network structure (nodes followed by parents)
OSTF1(2): class 
KIAA0408_binarized(2): class 
BCAS3_binarized(2): class 
MTAP_binarized(2): class 
GLI2_binarized(2): class 
LTBP1_binarized(2): class 
GCH1_binarized(2): class 
ABHD8_binarized(2): class 
C17ORF86_binarized(2): class 
ITPA_binarized(2): class 
class(2): 
LogScore Bayes: -21.805572255141772
LogScore BDeu: -38.98457666758287
LogScore MDL: -43.92792164466695
LogScore ENTROPY: -29.37183085290811
LogScore AIC: -50.3718308529081


Time taken to build model: 0.08 seconds
Time taken to test model on training data: 0 seconds

=== Error on training data ===

Correctly Classified Instances           4              100      %
Incorrectly Classified Instances         0                0      %
Kappa statistic                          1     
Mean absolute error                      0     
Root mean squared error                  0     
Relative absolute error                  0.0003 %
Root relative squared error              0.0003 %
Total Number of Instances                4     


=== Confusion Matrix ===

 a b   <-- classified as
 3 0 | a = Control
 0 1 | b = Infected


=== Error on test data ===

Correctly Classified Instances           4               50      %
Incorrectly Classified Instances         4               50      %
Kappa statistic                          0.1579
Mean absolute error                      0.4693
Root mean squared error                  0.6671
Relative absolute error                 86.6354 %
Root relative squared error            118.031  %
Total Number of Instances                8     


=== Confusion Matrix ===

 a b   <-- classified as
 3 0 | a = Control
 4 1 | b = Infected

Weighted area under ROC: 
NaN
True negative (control): 
0.0
True positive: 
0.0
