disease ---> Breast_Neoplasm
experiment ---> GDS1326
type ---> single
closed the readers
about to evaluate model
Warning: discretizing data set
evaluated model
test instances:
4
total instances:
12

Bayes Network Classifier
Using ADTree
#attributes=61 #classindex=60
Network structure (nodes followed by parents)
HSPA6(2): class 
NPAS3_binarized(2): class 
RNF19B_binarized(2): class 
SORBS2_binarized(2): class 
TTC39A_binarized(2): class 
SPATA6_binarized(2): class 
DEPDC1_binarized(2): class 
RPL39L_binarized(2): class 
MTMR15_binarized(2): class 
TUBB1_binarized(2): class 
IL11RA_binarized(2): class 
USP2_binarized(2): class 
NDST2_binarized(2): class 
RRN3P1_binarized(2): class 
XIAP_binarized(2): class 
FOSL1_binarized(2): class 
MAT1A_binarized(2): class 
SP140L_binarized(2): class 
SNAPC5_binarized(2): class 
PCCA_binarized(2): class 
MMP19_binarized(2): class 
KIF1A_binarized(2): class 
SPOCK2_binarized(2): class 
CALB2_binarized(2): class 
SEC14L3_binarized(2): class 
SIGLEC7_binarized(2): class 
Z21967_binarized(2): class 
SYNE1_binarized(2): class 
SYNPO_binarized(2): class 
PLAGL2_binarized(2): class 
TTC38_binarized(2): class 
FAM57A_binarized(2): class 
SLC37A4_binarized(2): class 
BMPR2_binarized(2): class 
ZCWPW1_binarized(2): class 
BAZ1B_binarized(2): class 
CDT1_binarized(2): class 
ZNF550_binarized(2): class 
SCPEP1_binarized(2): class 
MRPL9_binarized(2): class 
AK021505_binarized(2): class 
C21ORF33_binarized(2): class 
SULT1B1_binarized(2): class 
OTOR_binarized(2): class 
GALNT1_binarized(2): class 
TNKS_binarized(2): class 
C3_binarized(2): class 
ENC1_binarized(2): class 
TAGLN2_binarized(2): class 
AL110190_binarized(2): class 
TRIM15_binarized(2): class 
AF023203_binarized(2): class 
TCAP_binarized(2): class 
ATRIP_binarized(2): class 
HIST1H1E_binarized(2): class 
BRIP1_binarized(2): class 
OR6A2_binarized(2): class 
HMMR_binarized(2): class 
SLC7A4_binarized(2): class 
PERP_binarized(2): class 
class(2): 
LogScore Bayes: -224.29941543054616
LogScore BDeu: -327.3734419051938
LogScore MDL: -372.6246710519478
LogScore ENTROPY: -246.8184577803183
LogScore AIC: -367.8184577803175


Time taken to build model: 0.33 seconds
Time taken to test model on training data: 0 seconds

=== Error on training data ===

Correctly Classified Instances           8              100      %
Incorrectly Classified Instances         0                0      %
Kappa statistic                          1     
Mean absolute error                      0     
Root mean squared error                  0     
Relative absolute error                  0      %
Root relative squared error              0      %
Total Number of Instances                8     


=== Confusion Matrix ===

 a b   <-- classified as
 4 0 | a = Control
 0 4 | b = Infected


=== Error on test data ===

Correctly Classified Instances           4              100      %
Incorrectly Classified Instances         0                0      %
Kappa statistic                          1     
Mean absolute error                      0     
Root mean squared error                  0.0001
Relative absolute error                  0.0099 %
Root relative squared error              0.0198 %
Total Number of Instances                4     


=== Confusion Matrix ===

 a b   <-- classified as
 2 0 | a = Control
 0 2 | b = Infected

Weighted area under ROC: 
NaN
True negative (control): 
0.0
True positive: 
0.0
