disease ---> Breast_Neoplasm
experiment ---> GDS1326
type ---> single
closed the readers
about to evaluate model
Warning: discretizing data set
evaluated model
test instances:
9
total instances:
12

Bayes Network Classifier
Using ADTree
#attributes=31 #classindex=30
Network structure (nodes followed by parents)
LOC100127972(2): class 
TEAD4_binarized(2): class 
DEPDC1_binarized(2): class 
MTMR15_binarized(2): class 
SPG7_binarized(2): class 
ADCYAP1R1_binarized(2): class 
ACOX1_binarized(2): class 
MAPK11_binarized(2): class 
S100A5_binarized(2): class 
IGKC_binarized(2): class 
RAD54L_binarized(2): class 
AHSA1_binarized(2): class 
MYOZ1_binarized(2): class 
MAT1A_binarized(2): class 
RNF19B_binarized(2): class 
C6ORF162_binarized(2): class 
FOSL1_binarized(2): class 
AF035278_binarized(2): class 
MTA2_binarized(2): class 
HSPB11_binarized(2): class 
PRLR_binarized(2): class 
KIF1A_binarized(2): class 
C8ORF39_binarized(2): class 
XIAP_binarized(2): class 
CDK2_binarized(2): class 
PILRA_binarized(2): class 
ATP2C1_binarized(2): class 
INTS3_binarized(2): class 
USP2_binarized(2): class 
SFTPB_binarized(2): class 
class(2): 
LogScore Bayes: -52.991881729389945
LogScore BDeu: -104.52889496671322
LogScore MDL: -110.44454523210506
LogScore ENTROPY: -76.93687042772777
LogScore AIC: -137.93687042772777


Time taken to build model: 0.05 seconds
Time taken to test model on training data: 0.09 seconds

=== Error on training data ===

Correctly Classified Instances           3              100      %
Incorrectly Classified Instances         0                0      %
Kappa statistic                          1     
Mean absolute error                      0     
Root mean squared error                  0     
Relative absolute error                  0      %
Root relative squared error              0      %
Total Number of Instances                3     


=== Confusion Matrix ===

 a b   <-- classified as
 1 0 | a = Control
 0 2 | b = Infected


=== Error on test data ===

Correctly Classified Instances           5               55.5556 %
Incorrectly Classified Instances         4               44.4444 %
Kappa statistic                          0.1818
Mean absolute error                      0.4256
Root mean squared error                  0.5807
Relative absolute error                 83.272  %
Root relative squared error            111.5182 %
Total Number of Instances                9     


=== Confusion Matrix ===

 a b   <-- classified as
 1 4 | a = Control
 0 4 | b = Infected

Weighted area under ROC: 
NaN
True negative (control): 
0.0
True positive: 
0.0
