disease ---> Breast_Neoplasm
experiment ---> GDS1326
type ---> single
closed the readers
about to evaluate model
Warning: discretizing data set
evaluated model
test instances:
7
total instances:
12

Bayes Network Classifier
Using ADTree
#attributes=11 #classindex=10
Network structure (nodes followed by parents)
EGR3(2): class 
RNF19B_binarized(2): class 
AF117899_binarized(2): class 
PBX2_binarized(2): class 
BNC1_binarized(2): class 
NDST2_binarized(2): class 
CD97_binarized(2): class 
RPL39L_binarized(2): class 
NPAS3_binarized(2): class 
ATG7_binarized(2): class 
class(2): 
LogScore Bayes: -25.88636578398552
LogScore BDeu: -43.06537019642663
LogScore MDL: -49.56190039275381
LogScore ENTROPY: -32.662802312195765
LogScore AIC: -53.66280231219575


Time taken to build model: 0.02 seconds
Time taken to test model on training data: 0 seconds

=== Error on training data ===

Correctly Classified Instances           5              100      %
Incorrectly Classified Instances         0                0      %
Kappa statistic                          1     
Mean absolute error                      0     
Root mean squared error                  0     
Relative absolute error                  0      %
Root relative squared error              0      %
Total Number of Instances                5     


=== Confusion Matrix ===

 a b   <-- classified as
 2 0 | a = Control
 0 3 | b = Infected


=== Error on test data ===

Correctly Classified Instances           4               57.1429 %
Incorrectly Classified Instances         3               42.8571 %
Kappa statistic                          0     
Mean absolute error                      0.3418
Root mean squared error                  0.5295
Relative absolute error                 67.0003 %
Root relative squared error            102.797  %
Total Number of Instances                7     


=== Confusion Matrix ===

 a b   <-- classified as
 4 0 | a = Control
 3 0 | b = Infected

Weighted area under ROC: 
NaN
True negative (control): 
0.0
True positive: 
0.0
