disease ---> Breast_Neoplasm
experiment ---> GDS1326
type ---> single
closed the readers
about to evaluate model
Warning: discretizing data set
evaluated model
test instances:
10
total instances:
12

Bayes Network Classifier
Using ADTree
#attributes=61 #classindex=60
Network structure (nodes followed by parents)
HIST1H1E(1): class 
BRIP1_binarized(2): class 
TTC38_binarized(2): class 
FAM57A_binarized(2): class 
SEPP1_binarized(2): class 
PERP_binarized(2): class 
TCAP_binarized(2): class 
SLC7A4_binarized(2): class 
ATRIP_binarized(2): class 
AK021505_binarized(2): class 
PLAGL2_binarized(2): class 
SULT1B1_binarized(2): class 
MRPL9_binarized(2): class 
ZCWPW1_binarized(2): class 
BMPR2_binarized(2): class 
SYNPO_binarized(2): class 
SLC37A4_binarized(2): class 
SYNE1_binarized(2): class 
SLC15A1_binarized(2): class 
AZIN1_binarized(2): class 
ENC1_binarized(2): class 
TAGLN2_binarized(2): class 
PSMB9_binarized(2): class 
C9ORF9_binarized(2): class 
SLCO3A1_binarized(2): class 
LRCH4_binarized(2): class 
CCDC46_binarized(2): class 
TNKS_binarized(2): class 
C3_binarized(2): class 
OR6A2_binarized(2): class 
HMMR_binarized(2): class 
AF023203_binarized(2): class 
TRIM15_binarized(2): class 
OTOR_binarized(2): class 
AL110190_binarized(2): class 
GALNT1_binarized(2): class 
ATRN_binarized(2): class 
IRAK1_binarized(2): class 
NBL1_binarized(2): class 
NM_018350_binarized(2): class 
RANBP3_binarized(2): class 
NLK_binarized(2): class 
ZNF440_binarized(2): class 
ALOXE3_binarized(2): class 
IL7R_binarized(2): class 
C16ORF42_binarized(2): class 
ARSA_binarized(2): class 
KLRC2_binarized(2): class 
UIMC1_binarized(2): class 
TIMM17A_binarized(2): class 
AV763520_binarized(2): class 
DDC_binarized(2): class 
SH2B1_binarized(2): class 
PSG1_binarized(2): class 
QSOX1_binarized(2): class 
SLC22A6_binarized(2): class 
GCGR_binarized(2): class 
CSE1L_binarized(2): class 
CDT1_binarized(2): class 
C21ORF33_binarized(2): class 
class(2): 
LogScore Bayes: -68.73726577871655
LogScore BDeu: -170.0933918121189
LogScore MDL: -169.7887797280168
LogScore ENTROPY: -128.54652248469995
LogScore AIC: -247.54652248469998


Time taken to build model: 0.12 seconds
Time taken to test model on training data: 0.05 seconds

=== Error on training data ===

Correctly Classified Instances           2              100      %
Incorrectly Classified Instances         0                0      %
Kappa statistic                          1     
Mean absolute error                      0     
Root mean squared error                  0     
Relative absolute error                  0      %
Root relative squared error              0      %
Total Number of Instances                2     


=== Confusion Matrix ===

 a b   <-- classified as
 0 0 | a = Control
 0 2 | b = Infected


=== Error on test data ===

Correctly Classified Instances           4               40      %
Incorrectly Classified Instances         6               60      %
Kappa statistic                          0     
Mean absolute error                      0.6   
Root mean squared error                  0.7746
Relative absolute error                109.0909 %
Root relative squared error            128.6535 %
Total Number of Instances               10     


=== Confusion Matrix ===

 a b   <-- classified as
 0 6 | a = Control
 0 4 | b = Infected

Weighted area under ROC: 
NaN
True negative (control): 
0.0
True positive: 
0.0
