disease ---> Breast_Neoplasm
experiment ---> GDS3716
type ---> single
closed the readers
about to evaluate model
Warning: discretizing data set
evaluated model
test instances:
8
total instances:
42

Bayes Network Classifier
Using ADTree
#attributes=41 #classindex=40
Network structure (nodes followed by parents)
IRS2(2): class 
ATP2A2_binarized(2): class 
CEACAM3_binarized(2): class 
GTF2A2_binarized(2): class 
SR140_binarized(2): class 
COX7C_binarized(2): class 
SRM_binarized(2): class 
EXPH5_binarized(2): class 
TKT_binarized(2): class 
POGK_binarized(2): class 
CWF19L1_binarized(2): class 
TCIRG1_binarized(2): class 
CCND1_binarized(2): class 
PTP4A2_binarized(2): class 
NCRNA00260_binarized(2): class 
KLC1_binarized(2): class 
DGCR8_binarized(2): class 
SCARB2_binarized(2): class 
VAMP8_binarized(2): class 
GADD45GIP1_binarized(2): class 
GAB2_binarized(2): class 
FSTL3_binarized(2): class 
RNF7_binarized(2): class 
JAK1_binarized(2): class 
GALT_binarized(2): class 
RRAGA_binarized(2): class 
MRPL39_binarized(2): class 
SLC9A6_binarized(2): class 
CLDN1_binarized(2): class 
TLK1_binarized(2): class 
C21ORF62_binarized(2): class 
MRPL20_binarized(2): class 
NM_025056_binarized(2): class 
RBM19_binarized(2): class 
HIST2H3PS2_binarized(2): class 
CHMP7_binarized(2): class 
SPRY1_binarized(2): class 
NR4A1_binarized(2): class 
ATF3_binarized(2): class 
TELO2_binarized(2): class 
class(2): 
LogScore Bayes: -582.9015192577547
LogScore BDeu: -651.617536907519
LogScore MDL: -697.4472188413043
LogScore ENTROPY: -554.6296175943496
LogScore AIC: -635.6296175943497


Time taken to build model: 0.39 seconds
Time taken to test model on training data: 0.04 seconds

=== Error on training data ===

Correctly Classified Instances          34              100      %
Incorrectly Classified Instances         0                0      %
Kappa statistic                          1     
Mean absolute error                      0.0011
Root mean squared error                  0.0037
Relative absolute error                  0.218  %
Root relative squared error              0.7453 %
Total Number of Instances               34     


=== Confusion Matrix ===

  a  b   <-- classified as
 19  0 |  a = Control
  0 15 |  b = Infected


=== Error on test data ===

Correctly Classified Instances           5               62.5    %
Incorrectly Classified Instances         3               37.5    %
Kappa statistic                          0.25  
Mean absolute error                      0.4416
Root mean squared error                  0.6317
Relative absolute error                 90.8503 %
Root relative squared error            129.1652 %
Total Number of Instances                8     


=== Confusion Matrix ===

 a b   <-- classified as
 3 2 | a = Control
 1 2 | b = Infected

Weighted area under ROC: 
NaN
True negative (control): 
0.0
True positive: 
0.0
