disease ---> Breast_Neoplasm
experiment ---> GDS3716
type ---> single
closed the readers
about to evaluate model
Warning: discretizing data set
evaluated model
test instances:
21
total instances:
42

Bayes Network Classifier
Using ADTree
#attributes=81 #classindex=80
Network structure (nodes followed by parents)
NPDC1(2): class 
KIAA0586_binarized(2): class 
GJA1_binarized(2): class 
ALDH5A1_binarized(2): class 
TMEM110_binarized(2): class 
SLC9A6_binarized(2): class 
DPM3_binarized(2): class 
SR140_binarized(2): class 
PNLIPRP2_binarized(2): class 
CEACAM3_binarized(2): class 
PNPO_binarized(2): class 
GTF2A2_binarized(2): class 
PTP4A2_binarized(2): class 
COX7C_binarized(2): class 
MED25_binarized(2): class 
LARS2_binarized(2): class 
IRS2_binarized(2): class 
AW973834_binarized(2): class 
H2AFV_binarized(2): class 
ACTR6_binarized(2): class 
ATP2A2_binarized(2): class 
EXPH5_binarized(2): class 
WWP1_binarized(2): class 
BRD3_binarized(2): class 
NDUFB5_binarized(2): class 
FBXO24_binarized(2): class 
POMP_binarized(2): class 
CCND1_binarized(2): class 
PSRC1_binarized(2): class 
SRM_binarized(2): class 
TKT_binarized(2): class 
CEACAM7_binarized(2): class 
SHB_binarized(2): class 
AW974995_binarized(2): class 
GFER_binarized(2): class 
RPS14P3_binarized(2): class 
MAP2K1_binarized(2): class 
RGS9_binarized(2): class 
TRIB1_binarized(2): class 
SNAPC2_binarized(2): class 
NOP16_binarized(2): class 
TIMM44_binarized(2): class 
LILRA4_binarized(2): class 
TNC_binarized(2): class 
FNBP1_binarized(2): class 
NGLY1_binarized(2): class 
AK025064_binarized(2): class 
TPSB2_binarized(2): class 
GSS_binarized(2): class 
SNN_binarized(2): class 
RNF7_binarized(2): class 
TIMM23B_binarized(2): class 
FSTL3_binarized(2): class 
ILF3_binarized(2): class 
GAS8_binarized(2): class 
ARPC2_binarized(2): class 
HIST2H3PS2_binarized(2): class 
CWF19L1_binarized(2): class 
LRP3_binarized(2): class 
CYCSP52_binarized(2): class 
SPRY1_binarized(2): class 
TCIRG1_binarized(2): class 
ATG4B_binarized(2): class 
NCRNA00260_binarized(2): class 
CD63_binarized(2): class 
GAB2_binarized(2): class 
BCKDK_binarized(2): class 
AURKA_binarized(2): class 
C7ORF23_binarized(2): class 
C21ORF45_binarized(2): class 
SSB_binarized(2): class 
CBY1_binarized(2): class 
PDCD11_binarized(2): class 
PKNOX1_binarized(2): class 
FAM184A_binarized(2): class 
TOP3A_binarized(2): class 
HBXIP_binarized(2): class 
SNRPA_binarized(2): class 
UTP14A_binarized(2): class 
PLXNA1_binarized(2): class 
class(2): 
LogScore Bayes: -840.5164115275916
LogScore BDeu: -977.948446827119
LogScore MDL: -1045.833618560862
LogScore ENTROPY: -800.7495623241252
LogScore AIC: -961.7495623241252


Time taken to build model: 0.15 seconds
Time taken to test model on training data: 0.01 seconds

=== Error on training data ===

Correctly Classified Instances          21              100      %
Incorrectly Classified Instances         0                0      %
Kappa statistic                          1     
Mean absolute error                      0.0167
Root mean squared error                  0.0765
Relative absolute error                  3.3508 %
Root relative squared error             15.3235 %
Total Number of Instances               21     


=== Confusion Matrix ===

  a  b   <-- classified as
 11  0 |  a = Control
  0 10 |  b = Infected


=== Error on test data ===

Correctly Classified Instances          13               61.9048 %
Incorrectly Classified Instances         8               38.0952 %
Kappa statistic                          0.2294
Mean absolute error                      0.379 
Root mean squared error                  0.6127
Relative absolute error                 76.6002 %
Root relative squared error            123.7033 %
Total Number of Instances               21     


=== Confusion Matrix ===

 a b   <-- classified as
 8 5 | a = Control
 3 5 | b = Infected

Weighted area under ROC: 
NaN
True negative (control): 
0.0
True positive: 
0.0
