disease ---> Breast_Neoplasm
experiment ---> GDS3716
type ---> single
closed the readers
about to evaluate model
Warning: discretizing data set
evaluated model
test instances:
4
total instances:
42

Bayes Network Classifier
Using ADTree
#attributes=91 #classindex=90
Network structure (nodes followed by parents)
COX7C(2): class 
CEACAM3_binarized(2): class 
SRM_binarized(2): class 
POGK_binarized(2): class 
PNPLA6_binarized(2): class 
KLC1_binarized(2): class 
FSTL3_binarized(2): class 
VAMP8_binarized(2): class 
GADD45GIP1_binarized(2): class 
CWF19L1_binarized(2): class 
EXPH5_binarized(2): class 
NPDC1_binarized(2): class 
DGCR8_binarized(2): class 
LDB1_binarized(2): class 
TELO2_binarized(2): class 
MTHFD2_binarized(2): class 
ATAD3C_binarized(2): class 
CCDC130_binarized(2): class 
AP3D1_binarized(2): class 
HS3ST1_binarized(2): class 
HIST2H3PS2_binarized(2): class 
B3GAT3_binarized(2): class 
KIF25_binarized(2): class 
PSMD6_binarized(2): class 
NR4A1_binarized(2): class 
PARP12_binarized(2): class 
RBM19_binarized(2): class 
C19ORF10_binarized(2): class 
BAIAP2_binarized(2): class 
CHMP7_binarized(2): class 
ZNF205_binarized(2): class 
MIA3_binarized(2): class 
TCIRG1_binarized(2): class 
ATF3_binarized(2): class 
AV763520_binarized(2): class 
AVP_binarized(2): class 
UBTF_binarized(2): class 
CYCSP52_binarized(2): class 
BMP2_binarized(2): class 
GTF2A2_binarized(2): class 
SLC9A6_binarized(2): class 
SYNCRIP_binarized(2): class 
ZBTB40_binarized(2): class 
TNFAIP3_binarized(2): class 
TRIB1_binarized(2): class 
CHST10_binarized(2): class 
GFER_binarized(2): class 
AW974995_binarized(2): class 
C21ORF62_binarized(2): class 
MRPL20_binarized(2): class 
RFX5_binarized(2): class 
ZDHHC6_binarized(2): class 
CBY1_binarized(2): class 
TPSB2_binarized(2): class 
IPO9_binarized(2): class 
MYST4_binarized(2): class 
SBF1_binarized(2): class 
STUB1_binarized(2): class 
PKNOX1_binarized(2): class 
GATA2_binarized(2): class 
TMUB2_binarized(2): class 
IRS2_binarized(2): class 
ATP2A2_binarized(2): class 
PTP4A2_binarized(2): class 
KAT2A_binarized(2): class 
PAX1_binarized(2): class 
PALM2-AKAP2_binarized(2): class 
PDCD11_binarized(2): class 
FOSB_binarized(2): class 
TRAM1_binarized(2): class 
MGST3_binarized(2): class 
AK025064_binarized(2): class 
PINK1_binarized(2): class 
TRIM44_binarized(2): class 
NRBP1_binarized(2): class 
ST8SIA3_binarized(2): class 
NDRG1_binarized(2): class 
TIMM44_binarized(2): class 
NOP16_binarized(2): class 
UBE2V1P2_binarized(2): class 
RGS2_binarized(2): class 
MYST2_binarized(2): class 
DDX39_binarized(2): class 
MASP2_binarized(2): class 
SR140_binarized(2): class 
CLDN1_binarized(2): class 
TLK1_binarized(2): class 
ELMO2_binarized(2): class 
TRADD_binarized(2): class 
AGPAT1_binarized(2): class 
class(2): 
LogScore Bayes: -1607.2529642439918
LogScore BDeu: -1761.8640039559623
LogScore MDL: -1844.0096091455498
LogScore ENTROPY: -1514.8080616903103
LogScore AIC: -1695.8080616903098


Time taken to build model: 0.18 seconds
Time taken to test model on training data: 0.01 seconds

=== Error on training data ===

Correctly Classified Instances          35               92.1053 %
Incorrectly Classified Instances         3                7.8947 %
Kappa statistic                          0.8394
Mean absolute error                      0.0752
Root mean squared error                  0.2684
Relative absolute error                 15.4144 %
Root relative squared error             54.3694 %
Total Number of Instances               38     


=== Confusion Matrix ===

  a  b   <-- classified as
 20  2 |  a = Control
  1 15 |  b = Infected


=== Error on test data ===

Correctly Classified Instances           3               75      %
Incorrectly Classified Instances         1               25      %
Kappa statistic                          0.5   
Mean absolute error                      0.25  
Root mean squared error                  0.5   
Relative absolute error                 50.0064 %
Root relative squared error             98.8936 %
Total Number of Instances                4     


=== Confusion Matrix ===

 a b   <-- classified as
 2 0 | a = Control
 1 1 | b = Infected

Weighted area under ROC: 
NaN
True negative (control): 
0.0
True positive: 
0.0
