disease ---> Breast_Neoplasm
experiment ---> GDS3716
type ---> single
closed the readers
about to evaluate model
Warning: discretizing data set
evaluated model
test instances:
12
total instances:
42

Bayes Network Classifier
Using ADTree
#attributes=71 #classindex=70
Network structure (nodes followed by parents)
SLC9A6(2): class 
GTF2A2_binarized(2): class 
MYST2_binarized(2): class 
CEACAM3_binarized(2): class 
CYCSP52_binarized(2): class 
SR140_binarized(2): class 
PTP4A2_binarized(2): class 
DDX39_binarized(2): class 
COX7C_binarized(2): class 
U2AF2_binarized(2): class 
EXPH5_binarized(2): class 
PLSCR3_binarized(2): class 
NDRG1_binarized(2): class 
PRSS8_binarized(2): class 
MGAT1_binarized(2): class 
UBTF_binarized(2): class 
AV763520_binarized(2): class 
GFER_binarized(2): class 
CCND1_binarized(2): class 
VAMP8_binarized(2): class 
CWF19L1_binarized(2): class 
TKT_binarized(2): class 
RNF7_binarized(2): class 
AGPAT1_binarized(2): class 
TNFAIP3_binarized(2): class 
P2RX3_binarized(2): class 
SRP72_binarized(2): class 
C14ORF1_binarized(2): class 
GJA1_binarized(2): class 
GAB2_binarized(2): class 
KIF25_binarized(2): class 
LDB1_binarized(2): class 
B3GAT3_binarized(2): class 
SRM_binarized(2): class 
GALT_binarized(2): class 
DGCR8_binarized(2): class 
POGK_binarized(2): class 
NM_025056_binarized(2): class 
ATF3_binarized(2): class 
NCRNA00260_binarized(2): class 
NDUFB5_binarized(2): class 
RGS2_binarized(2): class 
CSDE1_binarized(2): class 
PSMB4_binarized(2): class 
MRPL19_binarized(2): class 
L3MBTL_binarized(2): class 
BG389073_binarized(2): class 
SIPA1L1_binarized(2): class 
CHST10_binarized(2): class 
LILRA4_binarized(2): class 
DNAJC8_binarized(2): class 
ST8SIA3_binarized(2): class 
NPDC1_binarized(2): class 
ZBTB40_binarized(2): class 
FUT3_binarized(2): class 
RFX5_binarized(2): class 
RNF19A_binarized(2): class 
MYST4_binarized(2): class 
PTGES_binarized(2): class 
SBF1_binarized(2): class 
LOC100288281_binarized(2): class 
KIF22_binarized(2): class 
DCN_binarized(2): class 
GBAP1_binarized(2): class 
IL8_binarized(2): class 
ZDHHC6_binarized(2): class 
IPO9_binarized(2): class 
PDCD11_binarized(2): class 
TPSB2_binarized(2): class 
STUB1_binarized(2): class 
class(2): 
LogScore Bayes: -1020.4586277778857
LogScore BDeu: -1140.7116586649734
LogScore MDL: -1206.0861934895734
LogScore ENTROPY: -966.30177808239
LogScore AIC: -1107.301778082391


Time taken to build model: 0.17 seconds
Time taken to test model on training data: 0.01 seconds

=== Error on training data ===

Correctly Classified Instances          25               83.3333 %
Incorrectly Classified Instances         5               16.6667 %
Kappa statistic                          0.6696
Mean absolute error                      0.152 
Root mean squared error                  0.3785
Relative absolute error                 30.9061 %
Root relative squared error             76.3798 %
Total Number of Instances               30     


=== Confusion Matrix ===

  a  b   <-- classified as
 13  4 |  a = Control
  1 12 |  b = Infected


=== Error on test data ===

Correctly Classified Instances           4               33.3333 %
Incorrectly Classified Instances         8               66.6667 %
Kappa statistic                         -0.2973
Mean absolute error                      0.6513
Root mean squared error                  0.7909
Relative absolute error                133.041  %
Root relative squared error            160.2815 %
Total Number of Instances               12     


=== Confusion Matrix ===

 a b   <-- classified as
 2 5 | a = Control
 3 2 | b = Infected

Weighted area under ROC: 
NaN
True negative (control): 
0.0
True positive: 
0.0
