disease ---> Breast_Neoplasm
experiment ---> GDS3716
type ---> single
closed the readers
about to evaluate model
Warning: discretizing data set
evaluated model
test instances:
12
total instances:
42

Bayes Network Classifier
Using ADTree
#attributes=61 #classindex=60
Network structure (nodes followed by parents)
SLC9A6(2): class 
GTF2A2_binarized(2): class 
MYST2_binarized(2): class 
CEACAM3_binarized(2): class 
CYCSP52_binarized(2): class 
SR140_binarized(2): class 
PTP4A2_binarized(2): class 
DDX39_binarized(2): class 
COX7C_binarized(2): class 
U2AF2_binarized(2): class 
EXPH5_binarized(2): class 
PLSCR3_binarized(2): class 
NDRG1_binarized(2): class 
PRSS8_binarized(2): class 
MGAT1_binarized(2): class 
UBTF_binarized(2): class 
AV763520_binarized(2): class 
GFER_binarized(2): class 
CCND1_binarized(2): class 
VAMP8_binarized(2): class 
CWF19L1_binarized(2): class 
TKT_binarized(2): class 
RNF7_binarized(2): class 
AGPAT1_binarized(2): class 
TNFAIP3_binarized(2): class 
P2RX3_binarized(2): class 
SRP72_binarized(2): class 
C14ORF1_binarized(2): class 
GJA1_binarized(2): class 
GAB2_binarized(2): class 
KIF25_binarized(2): class 
LDB1_binarized(2): class 
B3GAT3_binarized(2): class 
SRM_binarized(2): class 
GALT_binarized(2): class 
DGCR8_binarized(2): class 
POGK_binarized(2): class 
NM_025056_binarized(2): class 
ATF3_binarized(2): class 
NCRNA00260_binarized(2): class 
NDUFB5_binarized(2): class 
RGS2_binarized(2): class 
CSDE1_binarized(2): class 
PSMB4_binarized(2): class 
MRPL19_binarized(2): class 
L3MBTL_binarized(2): class 
BG389073_binarized(2): class 
SIPA1L1_binarized(2): class 
CHST10_binarized(2): class 
LILRA4_binarized(2): class 
DNAJC8_binarized(2): class 
ST8SIA3_binarized(2): class 
NPDC1_binarized(2): class 
ZBTB40_binarized(2): class 
FUT3_binarized(2): class 
RFX5_binarized(2): class 
RNF19A_binarized(2): class 
MYST4_binarized(2): class 
PTGES_binarized(2): class 
SBF1_binarized(2): class 
class(2): 
LogScore Bayes: -879.2872870430173
LogScore BDeu: -982.3613135176635
LogScore MDL: -1036.9378043311108
LogScore ENTROPY: -831.1653627405485
LogScore AIC: -952.165362740549


Time taken to build model: 0.32 seconds
Time taken to test model on training data: 0.01 seconds

=== Error on training data ===

Correctly Classified Instances          26               86.6667 %
Incorrectly Classified Instances         4               13.3333 %
Kappa statistic                          0.7333
Mean absolute error                      0.1325
Root mean squared error                  0.342 
Relative absolute error                 26.9508 %
Root relative squared error             69.0105 %
Total Number of Instances               30     


=== Confusion Matrix ===

  a  b   <-- classified as
 14  3 |  a = Control
  1 12 |  b = Infected


=== Error on test data ===

Correctly Classified Instances           5               41.6667 %
Incorrectly Classified Instances         7               58.3333 %
Kappa statistic                         -0.1667
Mean absolute error                      0.5836
Root mean squared error                  0.7575
Relative absolute error                119.1978 %
Root relative squared error            153.5067 %
Total Number of Instances               12     


=== Confusion Matrix ===

 a b   <-- classified as
 3 4 | a = Control
 3 2 | b = Infected

Weighted area under ROC: 
NaN
True negative (control): 
0.0
True positive: 
0.0
