disease ---> Breast_Neoplasm
experiment ---> GDS3716
type ---> single
closed the readers
about to evaluate model
Warning: discretizing data set
evaluated model
test instances:
25
total instances:
42

Bayes Network Classifier
Using ADTree
#attributes=41 #classindex=40
Network structure (nodes followed by parents)
AW974995(2): class 
TIMM44_binarized(2): class 
NPDC1_binarized(2): class 
C21ORF62_binarized(2): class 
MRPL20_binarized(2): class 
ARHGAP32_binarized(2): class 
DNAJC17_binarized(2): class 
PTP4A2_binarized(2): class 
GTF2A2_binarized(2): class 
ULK2_binarized(2): class 
AURKA_binarized(2): class 
NCRNA00260_binarized(2): class 
FAH_binarized(2): class 
AVP_binarized(2): class 
TRIB1_binarized(2): class 
CEACAM3_binarized(2): class 
SOLH_binarized(2): class 
HIST2H3PS2_binarized(2): class 
EIF5_binarized(2): class 
ZFP64_binarized(2): class 
THNSL2_binarized(2): class 
INO80B_binarized(2): class 
PAFAH1B1_binarized(2): class 
PFKFB3_binarized(2): class 
CASP9_binarized(2): class 
SRM_binarized(2): class 
TDRD3_binarized(2): class 
PAX1_binarized(2): class 
ATG4B_binarized(2): class 
PIN1_binarized(2): class 
PPP1R12B_binarized(2): class 
CHMP7_binarized(2): class 
DVL2_binarized(2): class 
BAZ1B_binarized(2): class 
MIA3_binarized(2): class 
FSTL3_binarized(2): class 
ATAD3C_binarized(2): class 
TCIRG1_binarized(2): class 
GALT_binarized(2): class 
PDIA6_binarized(2): class 
class(2): 
LogScore Bayes: -266.58022091192737
LogScore BDeu: -335.29623856169184
LogScore MDL: -377.52291010785444
LogScore ENTROPY: -262.77776967357727
LogScore AIC: -343.77776967357755


Time taken to build model: 0.41 seconds
Time taken to test model on training data: 0.07 seconds

=== Error on training data ===

Correctly Classified Instances          17              100      %
Incorrectly Classified Instances         0                0      %
Kappa statistic                          1     
Mean absolute error                      0     
Root mean squared error                  0     
Relative absolute error                  0      %
Root relative squared error              0.0002 %
Total Number of Instances               17     


=== Confusion Matrix ===

  a  b   <-- classified as
 12  0 |  a = Control
  0  5 |  b = Infected


=== Error on test data ===

Correctly Classified Instances          13               52      %
Incorrectly Classified Instances        12               48      %
Kappa statistic                          0.0566
Mean absolute error                      0.4621
Root mean squared error                  0.6544
Relative absolute error                 91.0815 %
Root relative squared error            121.2539 %
Total Number of Instances               25     


=== Confusion Matrix ===

 a b   <-- classified as
 9 3 | a = Control
 9 4 | b = Infected

Weighted area under ROC: 
NaN
True negative (control): 
0.0
True positive: 
0.0
