disease ---> Breast_Neoplasm
experiment ---> GDS3716
type ---> single
closed the readers
about to evaluate model
Warning: discretizing data set
evaluated model
test instances:
25
total instances:
42

Bayes Network Classifier
Using ADTree
#attributes=51 #classindex=50
Network structure (nodes followed by parents)
AW974995(2): class 
TIMM44_binarized(2): class 
NPDC1_binarized(2): class 
C21ORF62_binarized(2): class 
MRPL20_binarized(2): class 
ARHGAP32_binarized(2): class 
DNAJC17_binarized(2): class 
PTP4A2_binarized(2): class 
GTF2A2_binarized(2): class 
ULK2_binarized(2): class 
AURKA_binarized(2): class 
NCRNA00260_binarized(2): class 
FAH_binarized(2): class 
AVP_binarized(2): class 
TRIB1_binarized(2): class 
CEACAM3_binarized(2): class 
SOLH_binarized(2): class 
HIST2H3PS2_binarized(2): class 
EIF5_binarized(2): class 
ZFP64_binarized(2): class 
THNSL2_binarized(2): class 
INO80B_binarized(2): class 
PAFAH1B1_binarized(2): class 
PFKFB3_binarized(2): class 
CASP9_binarized(2): class 
SRM_binarized(2): class 
TDRD3_binarized(2): class 
PAX1_binarized(2): class 
ATG4B_binarized(2): class 
PIN1_binarized(2): class 
PPP1R12B_binarized(2): class 
CHMP7_binarized(2): class 
DVL2_binarized(2): class 
BAZ1B_binarized(2): class 
MIA3_binarized(2): class 
FSTL3_binarized(2): class 
ATAD3C_binarized(2): class 
TCIRG1_binarized(2): class 
GALT_binarized(2): class 
PDIA6_binarized(2): class 
MAP2K7_binarized(2): class 
ZNF839_binarized(2): class 
RTN3_binarized(2): class 
KLC1_binarized(2): class 
RNF7_binarized(2): class 
COX7C_binarized(2): class 
CCDC130_binarized(2): class 
GADD45GIP1_binarized(2): class 
ITIH4_binarized(2): class 
BNIP3L_binarized(2): class 
class(2): 
LogScore Bayes: -329.2981917365434
LogScore BDeu: -415.19321379874856
LogScore MDL: -467.79971134217607
LogScore ENTROPY: -324.7224374673367
LogScore AIC: -425.722437467337


Time taken to build model: 0.33 seconds
Time taken to test model on training data: 0.01 seconds

=== Error on training data ===

Correctly Classified Instances          17              100      %
Incorrectly Classified Instances         0                0      %
Kappa statistic                          1     
Mean absolute error                      0     
Root mean squared error                  0     
Relative absolute error                  0.0004 %
Root relative squared error              0.0015 %
Total Number of Instances               17     


=== Confusion Matrix ===

  a  b   <-- classified as
 12  0 |  a = Control
  0  5 |  b = Infected


=== Error on test data ===

Correctly Classified Instances          14               56      %
Incorrectly Classified Instances        11               44      %
Kappa statistic                          0.1379
Mean absolute error                      0.4211
Root mean squared error                  0.6189
Relative absolute error                 83.0027 %
Root relative squared error            114.6698 %
Total Number of Instances               25     


=== Confusion Matrix ===

  a  b   <-- classified as
 10  2 |  a = Control
  9  4 |  b = Infected

Weighted area under ROC: 
NaN
True negative (control): 
0.0
True positive: 
0.0
