disease ---> Breast_Neoplasm
experiment ---> GDS3716
type ---> single
closed the readers
about to evaluate model
Warning: discretizing data set
evaluated model
test instances:
37
total instances:
42

Bayes Network Classifier
Using ADTree
#attributes=21 #classindex=20
Network structure (nodes followed by parents)
AL080072(2): class 
PLXNB3_binarized(2): class 
AW503390_binarized(2): class 
PKNOX1_binarized(2): class 
ENDOD1_binarized(2): class 
PDIA4_binarized(2): class 
ST8SIA3_binarized(2): class 
STEAP3_binarized(2): class 
ZNF654_binarized(2): class 
EXPH5_binarized(2): class 
GATA2_binarized(2): class 
TIMM44_binarized(2): class 
ACADVL_binarized(2): class 
PNMAL1_binarized(2): class 
CEACAM3_binarized(2): class 
DYRK1A_binarized(2): class 
RENBP_binarized(2): class 
DOK1_binarized(2): class 
MAPK13_binarized(2): class 
CNOT2_binarized(2): class 
class(2): 
LogScore Bayes: -47.326166412159594
LogScore BDeu: -81.6841752370418
LogScore MDL: -94.24392223334146
LogScore ENTROPY: -61.25044502844235
LogScore AIC: -102.25044502844239


Time taken to build model: 0.06 seconds
Time taken to test model on training data: 0 seconds

=== Error on training data ===

Correctly Classified Instances           5              100      %
Incorrectly Classified Instances         0                0      %
Kappa statistic                          1     
Mean absolute error                      0     
Root mean squared error                  0     
Relative absolute error                  0      %
Root relative squared error              0      %
Total Number of Instances                5     


=== Confusion Matrix ===

 a b   <-- classified as
 3 0 | a = Control
 0 2 | b = Infected


=== Error on test data ===

Correctly Classified Instances          22               59.4595 %
Incorrectly Classified Instances        15               40.5405 %
Kappa statistic                          0.2037
Mean absolute error                      0.4071
Root mean squared error                  0.6226
Relative absolute error                 83.0135 %
Root relative squared error            125.669  %
Total Number of Instances               37     


=== Confusion Matrix ===

  a  b   <-- classified as
 11 10 |  a = Control
  5 11 |  b = Infected

Weighted area under ROC: 
NaN
True negative (control): 
0.0
True positive: 
0.0
