disease ---> Breast_Neoplasm
experiment ---> GDS3716
type ---> single
closed the readers
about to evaluate model
Warning: discretizing data set
evaluated model
test instances:
29
total instances:
42

Bayes Network Classifier
Using ADTree
#attributes=21 #classindex=20
Network structure (nodes followed by parents)
NRBP1(2): class 
APOBEC3G_binarized(2): class 
NDRG1_binarized(2): class 
GATA2_binarized(2): class 
TRIM44_binarized(2): class 
TMUB2_binarized(2): class 
SCARA3_binarized(2): class 
SRM_binarized(2): class 
SLC9A6_binarized(2): class 
HMG20B_binarized(2): class 
ZBTB40_binarized(2): class 
CDV3_binarized(2): class 
UBXN4_binarized(2): class 
ANGPT2_binarized(2): class 
FARP1_binarized(2): class 
ARHGAP32_binarized(2): class 
PRDX2_binarized(2): class 
GFER_binarized(2): class 
BMP7_binarized(2): class 
PPP2R1A_binarized(2): class 
class(2): 
LogScore Bayes: -126.2548679987168
LogScore BDeu: -160.612876823599
LogScore MDL: -177.64840981246056
LogScore ENTROPY: -125.06694798449905
LogScore AIC: -166.06694798449905


Time taken to build model: 0.18 seconds
Time taken to test model on training data: 0 seconds

=== Error on training data ===

Correctly Classified Instances          13              100      %
Incorrectly Classified Instances         0                0      %
Kappa statistic                          1     
Mean absolute error                      0.0001
Root mean squared error                  0.0005
Relative absolute error                  0.0276 %
Root relative squared error              0.0975 %
Total Number of Instances               13     


=== Confusion Matrix ===

 a b   <-- classified as
 8 0 | a = Control
 0 5 | b = Infected


=== Error on test data ===

Correctly Classified Instances          20               68.9655 %
Incorrectly Classified Instances         9               31.0345 %
Kappa statistic                          0.368 
Mean absolute error                      0.3202
Root mean squared error                  0.5416
Relative absolute error                 65.3831 %
Root relative squared error            108.3993 %
Total Number of Instances               29     


=== Confusion Matrix ===

  a  b   <-- classified as
 12  4 |  a = Control
  5  8 |  b = Infected

Weighted area under ROC: 
NaN
True negative (control): 
0.0
True positive: 
0.0
