disease ---> Breast_Neoplasm
experiment ---> GDS3716
type ---> single
closed the readers
about to evaluate model
Warning: discretizing data set
evaluated model
test instances:
25
total instances:
42

Bayes Network Classifier
Using ADTree
#attributes=11 #classindex=10
Network structure (nodes followed by parents)
AW974995(2): class 
TIMM44_binarized(2): class 
NPDC1_binarized(2): class 
C21ORF62_binarized(2): class 
MRPL20_binarized(2): class 
ARHGAP32_binarized(2): class 
DNAJC17_binarized(2): class 
PTP4A2_binarized(2): class 
GTF2A2_binarized(2): class 
ULK2_binarized(2): class 
class(2): 
LogScore Bayes: -72.31566265629687
LogScore BDeu: -89.49466706873794
LogScore MDL: -101.02033519671278
LogScore ENTROPY: -71.2715950841225
LogScore AIC: -92.2715950841225


Time taken to build model: 0.11 seconds
Time taken to test model on training data: 0.07 seconds

=== Error on training data ===

Correctly Classified Instances          17              100      %
Incorrectly Classified Instances         0                0      %
Kappa statistic                          1     
Mean absolute error                      0.0005
Root mean squared error                  0.0018
Relative absolute error                  0.1128 %
Root relative squared error              0.3953 %
Total Number of Instances               17     


=== Confusion Matrix ===

  a  b   <-- classified as
 12  0 |  a = Control
  0  5 |  b = Infected


=== Error on test data ===

Correctly Classified Instances          16               64      %
Incorrectly Classified Instances         9               36      %
Kappa statistic                          0.2812
Mean absolute error                      0.3519
Root mean squared error                  0.5841
Relative absolute error                 69.3575 %
Root relative squared error            108.2224 %
Total Number of Instances               25     


=== Confusion Matrix ===

 a b   <-- classified as
 8 4 | a = Control
 5 8 | b = Infected

Weighted area under ROC: 
NaN
True negative (control): 
0.0
True positive: 
0.0
