disease ---> Breast_Neoplasm
experiment ---> GDS3716
type ---> single
closed the readers
about to evaluate model
Warning: discretizing data set
evaluated model
test instances:
12
total instances:
42

Bayes Network Classifier
Using ADTree
#attributes=31 #classindex=30
Network structure (nodes followed by parents)
SLC9A6(2): class 
GTF2A2_binarized(2): class 
MYST2_binarized(2): class 
CEACAM3_binarized(2): class 
CYCSP52_binarized(2): class 
SR140_binarized(2): class 
PTP4A2_binarized(2): class 
DDX39_binarized(2): class 
COX7C_binarized(2): class 
U2AF2_binarized(2): class 
EXPH5_binarized(2): class 
PLSCR3_binarized(2): class 
NDRG1_binarized(2): class 
PRSS8_binarized(2): class 
MGAT1_binarized(2): class 
UBTF_binarized(2): class 
AV763520_binarized(2): class 
GFER_binarized(2): class 
CCND1_binarized(2): class 
VAMP8_binarized(2): class 
CWF19L1_binarized(2): class 
TKT_binarized(2): class 
RNF7_binarized(2): class 
AGPAT1_binarized(2): class 
TNFAIP3_binarized(2): class 
P2RX3_binarized(2): class 
SRP72_binarized(2): class 
C14ORF1_binarized(2): class 
GJA1_binarized(2): class 
GAB2_binarized(2): class 
class(2): 
LogScore Bayes: -446.86030676092815
LogScore BDeu: -498.3973199982514
LogScore MDL: -527.1888675690765
LogScore ENTROPY: -423.452347428381
LogScore AIC: -484.452347428381


Time taken to build model: 0.5 seconds
Time taken to test model on training data: 0.07 seconds

=== Error on training data ===

Correctly Classified Instances          27               90      %
Incorrectly Classified Instances         3               10      %
Kappa statistic                          0.7982
Mean absolute error                      0.0952
Root mean squared error                  0.3001
Relative absolute error                 19.3617 %
Root relative squared error             60.5632 %
Total Number of Instances               30     


=== Confusion Matrix ===

  a  b   <-- classified as
 15  2 |  a = Control
  1 12 |  b = Infected


=== Error on test data ===

Correctly Classified Instances           5               41.6667 %
Incorrectly Classified Instances         7               58.3333 %
Kappa statistic                         -0.1667
Mean absolute error                      0.5358
Root mean squared error                  0.7083
Relative absolute error                109.4461 %
Root relative squared error            143.5463 %
Total Number of Instances               12     


=== Confusion Matrix ===

 a b   <-- classified as
 3 4 | a = Control
 3 2 | b = Infected

Weighted area under ROC: 
NaN
True negative (control): 
0.0
True positive: 
0.0
