disease ---> Breast_Neoplasm
experiment ---> GDS3716
type ---> single
closed the readers
about to evaluate model
Warning: discretizing data set
evaluated model
test instances:
29
total instances:
42

Bayes Network Classifier
Using ADTree
#attributes=11 #classindex=10
Network structure (nodes followed by parents)
NRBP1(2): class 
APOBEC3G_binarized(2): class 
NDRG1_binarized(2): class 
GATA2_binarized(2): class 
TRIM44_binarized(2): class 
TMUB2_binarized(2): class 
SCARA3_binarized(2): class 
SRM_binarized(2): class 
SLC9A6_binarized(2): class 
HMG20B_binarized(2): class 
class(2): 
LogScore Bayes: -65.51221055691272
LogScore BDeu: -82.69121496935381
LogScore MDL: -91.9369963124772
LogScore ENTROPY: -65.00502805913106
LogScore AIC: -86.00502805913106


Time taken to build model: 0.09 seconds
Time taken to test model on training data: 0 seconds

=== Error on training data ===

Correctly Classified Instances          13              100      %
Incorrectly Classified Instances         0                0      %
Kappa statistic                          1     
Mean absolute error                      0.0005
Root mean squared error                  0.0018
Relative absolute error                  0.1054 %
Root relative squared error              0.3656 %
Total Number of Instances               13     


=== Confusion Matrix ===

 a b   <-- classified as
 8 0 | a = Control
 0 5 | b = Infected


=== Error on test data ===

Correctly Classified Instances          22               75.8621 %
Incorrectly Classified Instances         7               24.1379 %
Kappa statistic                          0.5085
Mean absolute error                      0.2619
Root mean squared error                  0.4824
Relative absolute error                 53.4833 %
Root relative squared error             96.5505 %
Total Number of Instances               29     


=== Confusion Matrix ===

  a  b   <-- classified as
 13  3 |  a = Control
  4  9 |  b = Infected

Weighted area under ROC: 
NaN
True negative (control): 
0.0
True positive: 
0.0
