disease ---> Breast_Neoplasm
experiment ---> GDS3716
type ---> single
closed the readers
about to evaluate model
Warning: discretizing data set
evaluated model
test instances:
16
total instances:
42

Bayes Network Classifier
Using ADTree
#attributes=11 #classindex=10
Network structure (nodes followed by parents)
CEACAM3(2): class 
TCIRG1_binarized(2): class 
IRS2_binarized(2): class 
ATP2A2_binarized(2): class 
RNF7_binarized(2): class 
KLC1_binarized(2): class 
GADD45GIP1_binarized(2): class 
RBM19_binarized(2): class 
GAB2_binarized(2): class 
GALT_binarized(2): class 
class(2): 
LogScore Bayes: -129.57460625591477
LogScore BDeu: -146.75361066835583
LogScore MDL: -158.2524694619877
LogScore ENTROPY: -124.04245581276214
LogScore AIC: -145.04245581276214


Time taken to build model: 0.1 seconds
Time taken to test model on training data: 0 seconds

=== Error on training data ===

Correctly Classified Instances          26              100      %
Incorrectly Classified Instances         0                0      %
Kappa statistic                          1     
Mean absolute error                      0.0902
Root mean squared error                  0.1646
Relative absolute error                 18.4364 %
Root relative squared error             33.3142 %
Total Number of Instances               26     


=== Confusion Matrix ===

  a  b   <-- classified as
 15  0 |  a = Control
  0 11 |  b = Infected


=== Error on test data ===

Correctly Classified Instances          12               75      %
Incorrectly Classified Instances         4               25      %
Kappa statistic                          0.4754
Mean absolute error                      0.2313
Root mean squared error                  0.4197
Relative absolute error                 47.1104 %
Root relative squared error             84.5938 %
Total Number of Instances               16     


=== Confusion Matrix ===

 a b   <-- classified as
 8 1 | a = Control
 3 4 | b = Infected

Weighted area under ROC: 
NaN
True negative (control): 
0.0
True positive: 
0.0
