disease ---> Breast_Neoplasm
experiment ---> GDS3716
type ---> single
closed the readers
about to evaluate model
Warning: discretizing data set
evaluated model
test instances:
21
total instances:
42

Bayes Network Classifier
Using ADTree
#attributes=21 #classindex=20
Network structure (nodes followed by parents)
NPDC1(2): class 
KIAA0586_binarized(2): class 
GJA1_binarized(2): class 
ALDH5A1_binarized(2): class 
TMEM110_binarized(2): class 
SLC9A6_binarized(2): class 
DPM3_binarized(2): class 
SR140_binarized(2): class 
PNLIPRP2_binarized(2): class 
CEACAM3_binarized(2): class 
PNPO_binarized(2): class 
GTF2A2_binarized(2): class 
PTP4A2_binarized(2): class 
COX7C_binarized(2): class 
MED25_binarized(2): class 
LARS2_binarized(2): class 
IRS2_binarized(2): class 
AW973834_binarized(2): class 
H2AFV_binarized(2): class 
ACTR6_binarized(2): class 
class(2): 
LogScore Bayes: -218.9001446254154
LogScore BDeu: -253.2581534502977
LogScore MDL: -271.5483705567129
LogScore ENTROPY: -209.1356605833827
LogScore AIC: -250.13566058338267


Time taken to build model: 0.23 seconds
Time taken to test model on training data: 0 seconds

=== Error on training data ===

Correctly Classified Instances          20               95.2381 %
Incorrectly Classified Instances         1                4.7619 %
Kappa statistic                          0.9041
Mean absolute error                      0.0447
Root mean squared error                  0.1816
Relative absolute error                  8.9611 %
Root relative squared error             36.3615 %
Total Number of Instances               21     


=== Confusion Matrix ===

  a  b   <-- classified as
 11  0 |  a = Control
  1  9 |  b = Infected


=== Error on test data ===

Correctly Classified Instances          13               61.9048 %
Incorrectly Classified Instances         8               38.0952 %
Kappa statistic                          0.2294
Mean absolute error                      0.4339
Root mean squared error                  0.6267
Relative absolute error                 87.6831 %
Root relative squared error            126.5297 %
Total Number of Instances               21     


=== Confusion Matrix ===

 a b   <-- classified as
 8 5 | a = Control
 3 5 | b = Infected

Weighted area under ROC: 
NaN
True negative (control): 
0.0
True positive: 
0.0
