disease ---> Breast_Neoplasm
experiment ---> GDS3716
type ---> single
closed the readers
about to evaluate model
Warning: discretizing data set
evaluated model
test instances:
12
total instances:
42

Bayes Network Classifier
Using ADTree
#attributes=41 #classindex=40
Network structure (nodes followed by parents)
SLC9A6(2): class 
GTF2A2_binarized(2): class 
MYST2_binarized(2): class 
CEACAM3_binarized(2): class 
CYCSP52_binarized(2): class 
SR140_binarized(2): class 
PTP4A2_binarized(2): class 
DDX39_binarized(2): class 
COX7C_binarized(2): class 
U2AF2_binarized(2): class 
EXPH5_binarized(2): class 
PLSCR3_binarized(2): class 
NDRG1_binarized(2): class 
PRSS8_binarized(2): class 
MGAT1_binarized(2): class 
UBTF_binarized(2): class 
AV763520_binarized(2): class 
GFER_binarized(2): class 
CCND1_binarized(2): class 
VAMP8_binarized(2): class 
CWF19L1_binarized(2): class 
TKT_binarized(2): class 
RNF7_binarized(2): class 
AGPAT1_binarized(2): class 
TNFAIP3_binarized(2): class 
P2RX3_binarized(2): class 
SRP72_binarized(2): class 
C14ORF1_binarized(2): class 
GJA1_binarized(2): class 
GAB2_binarized(2): class 
KIF25_binarized(2): class 
LDB1_binarized(2): class 
B3GAT3_binarized(2): class 
SRM_binarized(2): class 
GALT_binarized(2): class 
DGCR8_binarized(2): class 
POGK_binarized(2): class 
NM_025056_binarized(2): class 
ATF3_binarized(2): class 
NCRNA00260_binarized(2): class 
class(2): 
LogScore Bayes: -552.3764909042906
LogScore BDeu: -621.092508554055
LogScore MDL: -662.7752597937842
LogScore ENTROPY: -525.0267658364663
LogScore AIC: -606.0267658364667


Time taken to build model: 0.25 seconds
Time taken to test model on training data: 0.05 seconds

=== Error on training data ===

Correctly Classified Instances          28               93.3333 %
Incorrectly Classified Instances         2                6.6667 %
Kappa statistic                          0.8643
Mean absolute error                      0.0761
Root mean squared error                  0.2619
Relative absolute error                 15.4702 %
Root relative squared error             52.8472 %
Total Number of Instances               30     


=== Confusion Matrix ===

  a  b   <-- classified as
 16  1 |  a = Control
  1 12 |  b = Infected


=== Error on test data ===

Correctly Classified Instances           6               50      %
Incorrectly Classified Instances         6               50      %
Kappa statistic                         -0.0286
Mean absolute error                      0.5093
Root mean squared error                  0.7035
Relative absolute error                104.0205 %
Root relative squared error            142.5775 %
Total Number of Instances               12     


=== Confusion Matrix ===

 a b   <-- classified as
 4 3 | a = Control
 3 2 | b = Infected

Weighted area under ROC: 
NaN
True negative (control): 
0.0
True positive: 
0.0
