disease ---> HIV
experiment ---> GDS1580
type ---> multi
closed the readers
about to evaluate model
Warning: discretizing data set
evaluated model
test instances:
3
total instances:
42

Bayes Network Classifier
Using ADTree
#attributes=91 #classindex=90
Network structure (nodes followed by parents)
ZNF148(2): class 
TSPAN4_binarized(2): class 
FLOT1_binarized(2): class 
COL1A1_binarized(2): class 
OPTN_binarized(2): class 
LGALS3BP_binarized(2): class 
ARID5B_binarized(2): class 
MICA_binarized(2): class 
DLGAP2_binarized(2): class 
AMMECR1_binarized(2): class 
TIA1_binarized(2): class 
SLC6A8_binarized(2): class 
CCR9_binarized(2): class 
MAP3K7_binarized(2): class 
NKX2-2_binarized(2): class 
CNTN1_binarized(2): class 
HBBP1_binarized(2): class 
ZHX2_binarized(2): class 
ID4_binarized(2): class 
NUP188_binarized(2): class 
ATP6V0A2_binarized(2): class 
MAGI1_binarized(2): class 
NRG1_binarized(2): class 
TBX2_binarized(2): class 
CYP3A4_binarized(2): class 
SYCP2_binarized(2): class 
NF1_binarized(2): class 
TSC22D3_binarized(2): class 
RIF1_binarized(2): class 
ADD2_binarized(2): class 
CDH12_binarized(2): class 
STAT4_binarized(2): class 
NTRK2_binarized(2): class 
FAM49A_binarized(2): class 
CD6_binarized(2): class 
IFITM1_binarized(2): class 
HPGD_binarized(2): class 
ZNF91_binarized(2): class 
PPP3CC_binarized(2): class 
MR1_binarized(2): class 
NEDD4L_binarized(2): class 
GAGE12D_binarized(2): class 
JAK3_binarized(2): class 
IFIT3_binarized(2): class 
SLC1A4_binarized(2): class 
B9D1_binarized(2): class 
KSR1_binarized(2): class 
SLC8A1_binarized(2): class 
RAPGEF5_binarized(2): class 
HLA-F_binarized(2): class 
LSM14A_binarized(2): class 
MAPT_binarized(2): class 
GFPT1_binarized(2): class 
CACNA1E_binarized(2): class 
EMP1_binarized(2): class 
EPAS1_binarized(2): class 
PRPF40A_binarized(2): class 
TOX_binarized(2): class 
GRIN2A_binarized(2): class 
GPR107_binarized(2): class 
ZNF529_binarized(2): class 
FGFR2_binarized(2): class 
PICALM_binarized(2): class 
ABCA8_binarized(2): class 
PCLO_binarized(2): class 
CSNK1A1_binarized(2): class 
CASP2_binarized(2): class 
TMF1_binarized(2): class 
GAB1_binarized(2): class 
TBCB_binarized(2): class 
EIF5_binarized(2): class 
PPP1R1A_binarized(2): class 
GK_binarized(2): class 
HBG2_binarized(2): class 
CAPRIN1_binarized(2): class 
CELF1_binarized(2): class 
TEF_binarized(2): class 
ZC3H13_binarized(2): class 
CCNE1_binarized(2): class 
PAFAH1B3_binarized(2): class 
CALM3_binarized(2): class 
WSB1_binarized(2): class 
RCHY1_binarized(2): class 
PDLIM5_binarized(2): class 
HABP4_binarized(2): class 
FLT1_binarized(2): class 
ARL4C_binarized(2): class 
DTNA_binarized(2): class 
G3BP1_binarized(2): class 
GABRB3_binarized(2): class 
class(2): 
LogScore Bayes: -1657.9673776815987
LogScore BDeu: -1812.5784173935706
LogScore MDL: -1897.9477229079941
LogScore ENTROPY: -1566.3953939332607
LogScore AIC: -1747.3953939332598


Time taken to build model: 0.23 seconds
Time taken to test model on training data: 0.06 seconds

=== Error on training data ===

Correctly Classified Instances          32               82.0513 %
Incorrectly Classified Instances         7               17.9487 %
Kappa statistic                          0.6276
Mean absolute error                      0.2073
Root mean squared error                  0.3931
Relative absolute error                 42.1219 %
Root relative squared error             79.2708 %
Total Number of Instances               39     


=== Confusion Matrix ===

  a  b   <-- classified as
 12  5 |  a = Control
  2 20 |  b = Infected


=== Error on test data ===

Correctly Classified Instances           2               66.6667 %
Incorrectly Classified Instances         1               33.3333 %
Kappa statistic                          0     
Mean absolute error                      0.3584
Root mean squared error                  0.4859
Relative absolute error                 68.8729 %
Root relative squared error             92.8239 %
Total Number of Instances                3     


=== Confusion Matrix ===

 a b   <-- classified as
 2 0 | a = Control
 1 0 | b = Infected

Weighted area under ROC: 
NaN
True negative (control): 
0.0
True positive: 
0.0
