disease ---> HIV
experiment ---> GDS1580
type ---> multi
closed the readers
about to evaluate model
Warning: discretizing data set
evaluated model
test instances:
5
total instances:
42

Bayes Network Classifier
Using ADTree
#attributes=31 #classindex=30
Network structure (nodes followed by parents)
ZNF148(2): class 
RAPGEF5_binarized(2): class 
PPP3CC_binarized(2): class 
COL1A1_binarized(2): class 
LGALS3BP_binarized(2): class 
ARID5B_binarized(2): class 
MICA_binarized(2): class 
DLGAP2_binarized(2): class 
NKX2-2_binarized(2): class 
SLC6A8_binarized(2): class 
AMMECR1_binarized(2): class 
MAP3K7_binarized(2): class 
OPTN_binarized(2): class 
CNTN1_binarized(2): class 
CCR9_binarized(2): class 
MAGI1_binarized(2): class 
HBBP1_binarized(2): class 
ATP6V0A2_binarized(2): class 
CYP3A4_binarized(2): class 
NUP188_binarized(2): class 
ID4_binarized(2): class 
TSC22D3_binarized(2): class 
TBX2_binarized(2): class 
NRG1_binarized(2): class 
NF1_binarized(2): class 
ZHX2_binarized(2): class 
RIF1_binarized(2): class 
SYCP2_binarized(2): class 
FAM49A_binarized(2): class 
STAT4_binarized(2): class 
class(2): 
LogScore Bayes: -569.954102131689
LogScore BDeu: -621.491115369012
LogScore MDL: -647.2917851647803
LogScore ENTROPY: -537.1587888291315
LogScore AIC: -598.1587888291317


Time taken to build model: 0.09 seconds
Time taken to test model on training data: 0.07 seconds

=== Error on training data ===

Correctly Classified Instances          24               64.8649 %
Incorrectly Classified Instances        13               35.1351 %
Kappa statistic                          0.3216
Mean absolute error                      0.3457
Root mean squared error                  0.459 
Relative absolute error                 71.5694 %
Root relative squared error             93.4834 %
Total Number of Instances               37     


=== Confusion Matrix ===

  a  b   <-- classified as
 12  3 |  a = Control
 10 12 |  b = Infected


=== Error on test data ===

Correctly Classified Instances           1               20      %
Incorrectly Classified Instances         4               80      %
Kappa statistic                          0     
Mean absolute error                      0.8006
Root mean squared error                  0.8938
Relative absolute error                144.5519 %
Root relative squared error            160.0398 %
Total Number of Instances                5     


=== Confusion Matrix ===

 a b   <-- classified as
 0 4 | a = Control
 0 1 | b = Infected

Weighted area under ROC: 
NaN
True negative (control): 
0.0
True positive: 
0.0
