disease ---> HIV
experiment ---> GDS1726
type ---> multi
closed the readers
about to evaluate model
Warning: discretizing data set
evaluated model
test instances:
3
total instances:
42

Bayes Network Classifier
Using ADTree
#attributes=31 #classindex=30
Network structure (nodes followed by parents)
ZNF148(2): class 
TSPAN4_binarized(2): class 
FLOT1_binarized(2): class 
PPP3CC_binarized(2): class 
COL1A1_binarized(2): class 
OPTN_binarized(2): class 
LGALS3BP_binarized(2): class 
DLGAP2_binarized(2): class 
ARID5B_binarized(2): class 
MICA_binarized(2): class 
NKX2-2_binarized(2): class 
SLC6A8_binarized(2): class 
AMMECR1_binarized(2): class 
MAP3K7_binarized(2): class 
CNTN1_binarized(2): class 
CCR9_binarized(2): class 
ID4_binarized(2): class 
ZHX2_binarized(2): class 
HBBP1_binarized(2): class 
NUP188_binarized(2): class 
ATP6V0A2_binarized(2): class 
MAGI1_binarized(2): class 
CYP3A4_binarized(2): class 
TBX2_binarized(2): class 
NRG1_binarized(2): class 
SYCP2_binarized(2): class 
NF1_binarized(2): class 
TSC22D3_binarized(2): class 
RIF1_binarized(2): class 
FAM49A_binarized(2): class 
class(2): 
LogScore Bayes: -619.6910567702371
LogScore BDeu: -671.2280700075605
LogScore MDL: -694.8764156523133
LogScore ENTROPY: -583.1377854453588
LogScore AIC: -644.1377854453588


Time taken to build model: 0.1 seconds
Time taken to test model on training data: 0.06 seconds

=== Error on training data ===

Correctly Classified Instances          30               76.9231 %
Incorrectly Classified Instances         9               23.0769 %
Kappa statistic                          0.5145
Mean absolute error                      0.2561
Root mean squared error                  0.3825
Relative absolute error                 52.0394 %
Root relative squared error             77.133  %
Total Number of Instances               39     


=== Confusion Matrix ===

  a  b   <-- classified as
 10  7 |  a = Control
  2 20 |  b = Infected


=== Error on test data ===

Correctly Classified Instances           1               33.3333 %
Incorrectly Classified Instances         2               66.6667 %
Kappa statistic                         -0.5   
Mean absolute error                      0.5831
Root mean squared error                  0.6952
Relative absolute error                112.0567 %
Root relative squared error            132.7934 %
Total Number of Instances                3     


=== Confusion Matrix ===

 a b   <-- classified as
 1 1 | a = Control
 1 0 | b = Infected

Weighted area under ROC: 
NaN
True negative (control): 
0.0
True positive: 
0.0
