disease ---> HIV
experiment ---> GDS2883
type ---> multi
closed the readers
about to evaluate model
Warning: discretizing data set
evaluated model
test instances:
3
total instances:
42

Bayes Network Classifier
Using ADTree
#attributes=31 #classindex=30
Network structure (nodes followed by parents)
ZNF148(1): class 
FLOT1_binarized(2): class 
TSPAN4_binarized(2): class 
PDE5A_binarized(2): class 
ADD2_binarized(2): class 
STAT4_binarized(2): class 
ABCA8_binarized(2): class 
CACNA1E_binarized(2): class 
MICA_binarized(2): class 
DLGAP2_binarized(2): class 
LGALS3BP_binarized(2): class 
COL1A1_binarized(2): class 
CNTN1_binarized(2): class 
AMMECR1_binarized(2): class 
NKX2-2_binarized(2): class 
OPTN_binarized(2): class 
CCR9_binarized(2): class 
MAP3K7_binarized(2): class 
ATP6V0A2_binarized(2): class 
ZHX2_binarized(2): class 
HBBP1_binarized(2): class 
ID4_binarized(2): class 
MAGI1_binarized(2): class 
NUP188_binarized(2): class 
NRG1_binarized(2): class 
ARID5B_binarized(2): class 
TBX2_binarized(2): class 
SYCP2_binarized(2): class 
NF1_binarized(2): class 
TSC22D3_binarized(2): class 
class(2): 
LogScore Bayes: -588.1373217429378
LogScore BDeu: -637.956434539017
LogScore MDL: -661.6614253743046
LogScore ENTROPY: -553.5863568134797
LogScore AIC: -612.5863568134799


Time taken to build model: 0.08 seconds
Time taken to test model on training data: 0.01 seconds

=== Error on training data ===

Correctly Classified Instances          29               74.359  %
Incorrectly Classified Instances        10               25.641  %
Kappa statistic                          0.4758
Mean absolute error                      0.3034
Root mean squared error                  0.4569
Relative absolute error                 61.0293 %
Root relative squared error             91.6535 %
Total Number of Instances               39     


=== Confusion Matrix ===

  a  b   <-- classified as
 11  7 |  a = Control
  3 18 |  b = Infected


=== Error on test data ===

Correctly Classified Instances           1               33.3333 %
Incorrectly Classified Instances         2               66.6667 %
Kappa statistic                          0     
Mean absolute error                      0.6599
Root mean squared error                  0.8081
Relative absolute error                135.2773 %
Root relative squared error            165.2515 %
Total Number of Instances                3     


=== Confusion Matrix ===

 a b   <-- classified as
 1 0 | a = Control
 2 0 | b = Infected

Weighted area under ROC: 
NaN
True negative (control): 
0.0
True positive: 
0.0
