disease ---> HIV
experiment ---> GDS2883
type ---> multi
closed the readers
about to evaluate model
Warning: discretizing data set
evaluated model
test instances:
1
total instances:
42

Bayes Network Classifier
Using ADTree
#attributes=31 #classindex=30
Network structure (nodes followed by parents)
ZNF148(1): class 
FLOT1_binarized(2): class 
TSPAN4_binarized(2): class 
PDE5A_binarized(2): class 
ADD2_binarized(2): class 
STAT4_binarized(2): class 
ABCA8_binarized(2): class 
CACNA1E_binarized(2): class 
MICA_binarized(2): class 
DLGAP2_binarized(2): class 
LGALS3BP_binarized(2): class 
COL1A1_binarized(2): class 
CNTN1_binarized(2): class 
AMMECR1_binarized(2): class 
NKX2-2_binarized(2): class 
OPTN_binarized(2): class 
CCR9_binarized(2): class 
MAP3K7_binarized(2): class 
ATP6V0A2_binarized(2): class 
ZHX2_binarized(2): class 
HBBP1_binarized(2): class 
ID4_binarized(2): class 
MAGI1_binarized(2): class 
NUP188_binarized(2): class 
NRG1_binarized(2): class 
ARID5B_binarized(2): class 
TBX2_binarized(2): class 
SYCP2_binarized(2): class 
NF1_binarized(2): class 
TSC22D3_binarized(2): class 
class(2): 
LogScore Bayes: -629.7954063654853
LogScore BDeu: -679.6145191615647
LogScore MDL: -702.9199985125115
LogScore ENTROPY: -593.3696225447342
LogScore AIC: -652.3696225447344


Time taken to build model: 0.1 seconds
Time taken to test model on training data: 0.06 seconds

=== Error on training data ===

Correctly Classified Instances          26               63.4146 %
Incorrectly Classified Instances        15               36.5854 %
Kappa statistic                          0.2398
Mean absolute error                      0.3203
Root mean squared error                  0.4834
Relative absolute error                 64.3875 %
Root relative squared error             96.9418 %
Total Number of Instances               41     


=== Confusion Matrix ===

  a  b   <-- classified as
  7 12 |  a = Control
  3 19 |  b = Infected


=== Error on test data ===

Correctly Classified Instances           0                0      %
Incorrectly Classified Instances         1              100      %
Kappa statistic                          0     
Mean absolute error                      0.9854
Root mean squared error                  0.9854
Relative absolute error                211.8712 %
Root relative squared error            211.8712 %
Total Number of Instances                1     


=== Confusion Matrix ===

 a b   <-- classified as
 0 0 | a = Control
 1 0 | b = Infected

Weighted area under ROC: 
NaN
True negative (control): 
0.0
True positive: 
0.0
