disease ---> Breast_Neoplasm
experiment ---> GDS1326,GDS3716
type ---> multi
closed the readers
about to evaluate model
evaluated model
test instances:
6
total instances:
54

=== Structure for class 'Control' ===
Bayes Network Classifier
not using ADTree
#attributes=21 #classindex=20
Network structure (nodes followed by parents)
FNDC3A_binarized(2): OR1F2P_binarized 
PAX4_binarized(2): MUT_binarized 
GSDMD_binarized(2): FNDC3A_binarized 
MUT_binarized(2): PFKL_binarized 
OR1F2P_binarized(2): PFKL_binarized 
ZFP36L1_binarized(2): BRD7P3_binarized 
RNF13_binarized(2): MUT_binarized 
C6ORF26_binarized(2): ENOSF1_binarized 
TMEM48_binarized(2): C6ORF26_binarized 
PFKL_binarized(2): RABEP2_binarized 
SEMA3F_binarized(2): ZNF335_binarized 
ZNF335_binarized(2): 
CEP68_binarized(2): ZNF335_binarized 
APOE_binarized(2): FNDC3A_binarized 
ENOSF1_binarized(2): MUT_binarized 
RABEP2_binarized(2): SEMA3F_binarized 
TCN2_binarized(2): ENOSF1_binarized 
RNF103_binarized(2): C6ORF26_binarized 
SFI1_binarized(2): SEMA3F_binarized 
BRD7P3_binarized(2): RNF13_binarized 
class(2): 
LogScore Bayes: -231.929825306619
LogScore BDeu: -264.5699336902571
LogScore MDL: -290.5889824490445
LogScore ENTROPY: -224.672245128958
LogScore AIC: -264.67224512895797

=== Structure for class 'Infected' ===
Bayes Network Classifier
not using ADTree
#attributes=21 #classindex=20
Network structure (nodes followed by parents)
FNDC3A_binarized(2): GSDMD_binarized 
PAX4_binarized(2): FNDC3A_binarized 
GSDMD_binarized(2): SEMA3F_binarized 
MUT_binarized(2): FNDC3A_binarized 
OR1F2P_binarized(2): 
ZFP36L1_binarized(2): FNDC3A_binarized 
RNF13_binarized(2): FNDC3A_binarized 
C6ORF26_binarized(2): RABEP2_binarized 
TMEM48_binarized(2): C6ORF26_binarized 
PFKL_binarized(2): OR1F2P_binarized 
SEMA3F_binarized(2): RABEP2_binarized 
ZNF335_binarized(2): OR1F2P_binarized 
CEP68_binarized(2): ZNF335_binarized 
APOE_binarized(2): ENOSF1_binarized 
ENOSF1_binarized(2): PFKL_binarized 
RABEP2_binarized(2): ZNF335_binarized 
TCN2_binarized(2): SFI1_binarized 
RNF103_binarized(2): ENOSF1_binarized 
SFI1_binarized(2): SEMA3F_binarized 
BRD7P3_binarized(2): FNDC3A_binarized 
class(2): 
LogScore Bayes: -151.46408016915106
LogScore BDeu: -184.1041885527891
LogScore MDL: -213.49309239428166
LogScore ENTROPY: -152.60264363981315
LogScore AIC: -192.60264363981315

=== Overall Scores ===
LogScore Bayes: -418.455642320302
LogScore BDeu: -483.7358590875782
LogScore MDL: -539.6136167223336
LogScore ENTROPY: -410.8708301423246
LogScore AIC: -491.8708301423246


Time taken to build model: 0.14 seconds
Time taken to test model on training data: 0.01 seconds

=== Error on training data ===

Correctly Classified Instances          43               89.5833 %
Incorrectly Classified Instances         5               10.4167 %
Kappa statistic                          0.7938
Mean absolute error                      0.1203
Root mean squared error                  0.2482
Relative absolute error                 24.4292 %
Root relative squared error             50.0343 %
Total Number of Instances               48     


=== Confusion Matrix ===

  a  b   <-- classified as
 22  5 |  a = Control
  0 21 |  b = Infected


=== Error on test data ===

Correctly Classified Instances           3               50      %
Incorrectly Classified Instances         3               50      %
Kappa statistic                          0     
Mean absolute error                      0.3887
Root mean squared error                  0.5422
Relative absolute error                 77.7354 %
Root relative squared error            107.6585 %
Total Number of Instances                6     


=== Confusion Matrix ===

 a b   <-- classified as
 2 1 | a = Control
 2 1 | b = Infected

