disease ---> Breast_Neoplasm
experiment ---> GDS1326,GDS3716
type ---> multi
closed the readers
about to evaluate model
Warning: discretizing data set
evaluated model
test instances:
1
total instances:
54

Bayes Network Classifier
Using ADTree
#attributes=21 #classindex=20
Network structure (nodes followed by parents)
GSDMD(2): class 
FNDC3A_binarized(2): class 
C2ORF34_binarized(2): class 
SLC7A8_binarized(2): class 
BAZ1B_binarized(2): class 
MUT_binarized(2): class 
ZFP36L1_binarized(2): class 
PAX4_binarized(2): class 
OR1F2P_binarized(2): class 
TMEM48_binarized(2): class 
C6ORF26_binarized(2): class 
SIDT2_binarized(2): class 
PFKL_binarized(2): class 
RNF103_binarized(2): class 
CEP68_binarized(2): class 
ZNF335_binarized(2): class 
APOE_binarized(2): class 
GOLGA1_binarized(2): class 
ENOSF1_binarized(2): class 
STX6_binarized(2): class 
class(2): 
LogScore Bayes: -545.0963928816293
LogScore BDeu: -579.4544017065112
LogScore MDL: -597.8138459367126
LogScore ENTROPY: -516.4228617088942
LogScore AIC: -557.4228617088942


Time taken to build model: 0.12 seconds
Time taken to test model on training data: 0.05 seconds

=== Error on training data ===

Correctly Classified Instances          45               84.9057 %
Incorrectly Classified Instances         8               15.0943 %
Kappa statistic                          0.6989
Mean absolute error                      0.188 
Root mean squared error                  0.3919
Relative absolute error                 38.2421 %
Root relative squared error             79.0736 %
Total Number of Instances               53     


=== Confusion Matrix ===

  a  b   <-- classified as
 24  6 |  a = Control
  2 21 |  b = Infected


=== Error on test data ===

Correctly Classified Instances           1              100      %
Incorrectly Classified Instances         0                0      %
Kappa statistic                          1     
Mean absolute error                      0.0017
Root mean squared error                  0.0017
Relative absolute error                  0.3047 %
Root relative squared error              0.3047 %
Total Number of Instances                1     


=== Confusion Matrix ===

 a b   <-- classified as
 0 0 | a = Control
 0 1 | b = Infected

Weighted area under ROC: 
NaN
True negative (control): 
0.0
True positive: 
0.0
