disease ---> Breast_Neoplasm
experiment ---> GDS1326,GDS3716
type ---> multi
closed the readers
about to evaluate model
evaluated model
test instances:
7
total instances:
54

=== Structure for class 'Control' ===
Bayes Network Classifier
not using ADTree
#attributes=81 #classindex=80
Network structure (nodes followed by parents)
FNDC3A_binarized(2): OR1F2P_binarized 
GSDMD_binarized(2): FNDC3A_binarized 
LARS2_binarized(2): FNDC3A_binarized 
C2ORF34_binarized(2): FNDC3A_binarized 
SLC7A8_binarized(2): FNDC3A_binarized 
MUT_binarized(2): ENOSF1_binarized 
ZFP36L1_binarized(2): CTTN_binarized 
OR1F2P_binarized(2): PFKL_binarized 
RNF13_binarized(2): MUT_binarized 
PAX4_binarized(2): MUT_binarized 
C6ORF26_binarized(2): ENOSF1_binarized 
TMEM48_binarized(2): C6ORF26_binarized 
PFKL_binarized(2): MUT_binarized 
SEMA3F_binarized(2): SFI1_binarized 
GOLGA1_binarized(2): ENOSF1_binarized 
ZNF335_binarized(2): 
CEP68_binarized(2): ZNF335_binarized 
TCN2_binarized(2): GOLGA1_binarized 
APOE_binarized(2): FNDC3A_binarized 
ENOSF1_binarized(2): ST3GAL2_binarized 
ST3GAL2_binarized(2): ZNF335_binarized 
SFI1_binarized(2): SEZ6L_binarized 
FCGR2C_binarized(2): FNDC3A_binarized 
STX6_binarized(2): FNDC3A_binarized 
CTTN_binarized(2): ST3GAL2_binarized 
TPSB2_binarized(2): ISG20_binarized 
MIA3_binarized(2): FNDC3A_binarized 
FARP1_binarized(2): SEMA3F_binarized 
L3MBTL_binarized(2): FNDC3A_binarized 
TCIRG1_binarized(2): SEMA3F_binarized 
CDC20_binarized(2): FNDC3A_binarized 
BRD7P3_binarized(2): RNF13_binarized 
NCDN_binarized(2): MAP3K12_binarized 
KIR3DX1_binarized(2): FNDC3A_binarized 
SMARCA1_binarized(2): FNDC3A_binarized 
VPS13D_binarized(2): FNDC3A_binarized 
INTS3_binarized(2): FNDC3A_binarized 
ICAM3_binarized(2): FNDC3A_binarized 
MCFD2_binarized(2): FNDC3A_binarized 
COMT_binarized(2): ENOSF1_binarized 
CYHR1_binarized(2): FNDC3A_binarized 
SIPA1L3_binarized(2): FNDC3A_binarized 
AGXT_binarized(2): SFI1_binarized 
GPR3_binarized(2): FNDC3A_binarized 
IGL@_binarized(2): MUT_binarized 
MAP3K12_binarized(2): SEMA3F_binarized 
FRY_binarized(2): SEMA3F_binarized 
WDR55_binarized(2): SEMA3F_binarized 
BCKDHA_binarized(2): SEMA3F_binarized 
SEZ6L_binarized(2): PFKL_binarized 
DNPEP_binarized(2): FNDC3A_binarized 
MUM1_binarized(2): PFKL_binarized 
SYDE1_binarized(2): FNDC3A_binarized 
HEY2_binarized(2): SEZ6L_binarized 
RUFY3_binarized(2): FNDC3A_binarized 
PHF3_binarized(2): GOLGA1_binarized 
IHH_binarized(2): FNDC3A_binarized 
CPNE7_binarized(2): FNDC3A_binarized 
TTF2_binarized(2): PAX4_binarized 
ARF3_binarized(2): FNDC3A_binarized 
PARD6B_binarized(2): TPSB2_binarized 
RGS5_binarized(2): FNDC3A_binarized 
PERP_binarized(2): FNDC3A_binarized 
ISG20_binarized(2): SEMA3F_binarized 
ZNF267_binarized(2): SEMA3F_binarized 
LZTS1_binarized(2): PARD6B_binarized 
ANXA9_binarized(2): FNDC3A_binarized 
DOPEY1_binarized(2): SEMA3F_binarized 
KCNJ5_binarized(2): PHF3_binarized 
INO80B_binarized(2): FNDC3A_binarized 
APITD1_binarized(2): FNDC3A_binarized 
DCLRE1C_binarized(2): FNDC3A_binarized 
SDC3_binarized(2): SEMA3F_binarized 
UBE2D3_binarized(2): FNDC3A_binarized 
NSDHL_binarized(2): TTF2_binarized 
C17ORF86_binarized(2): FNDC3A_binarized 
OR51E2_binarized(2): FNDC3A_binarized 
TDRD3_binarized(2): FNDC3A_binarized 
MAPK13_binarized(2): FNDC3A_binarized 
DTYMK_binarized(2): FNDC3A_binarized 
class(2): 
LogScore Bayes: -561.2167552730281
LogScore BDeu: -696.9308901313126
LogScore MDL: -836.1596875835322
LogScore ENTROPY: -572.4927383031844
LogScore AIC: -732.4927383031843

=== Structure for class 'Infected' ===
Bayes Network Classifier
not using ADTree
#attributes=81 #classindex=80
Network structure (nodes followed by parents)
FNDC3A_binarized(2): GSDMD_binarized 
GSDMD_binarized(2): NCDN_binarized 
LARS2_binarized(2): TCN2_binarized 
C2ORF34_binarized(2): PARD6B_binarized 
SLC7A8_binarized(2): FARP1_binarized 
MUT_binarized(2): FNDC3A_binarized 
ZFP36L1_binarized(2): FNDC3A_binarized 
OR1F2P_binarized(2): ZNF335_binarized 
RNF13_binarized(2): FNDC3A_binarized 
PAX4_binarized(2): FARP1_binarized 
C6ORF26_binarized(2): AGXT_binarized 
TMEM48_binarized(2): C6ORF26_binarized 
PFKL_binarized(2): ENOSF1_binarized 
SEMA3F_binarized(2): SLC7A8_binarized 
GOLGA1_binarized(2): ENOSF1_binarized 
ZNF335_binarized(2): STX6_binarized 
CEP68_binarized(2): ZNF335_binarized 
TCN2_binarized(2): ZNF267_binarized 
APOE_binarized(2): ST3GAL2_binarized 
ENOSF1_binarized(2): PARD6B_binarized 
ST3GAL2_binarized(2): GOLGA1_binarized 
SFI1_binarized(2): MAP3K12_binarized 
FCGR2C_binarized(2): FNDC3A_binarized 
STX6_binarized(2): VPS13D_binarized 
CTTN_binarized(2): 
TPSB2_binarized(2): TCN2_binarized 
MIA3_binarized(2): FNDC3A_binarized 
FARP1_binarized(2): SFI1_binarized 
L3MBTL_binarized(2): APOE_binarized 
TCIRG1_binarized(2): SFI1_binarized 
CDC20_binarized(2): FNDC3A_binarized 
BRD7P3_binarized(2): FNDC3A_binarized 
NCDN_binarized(2): ST3GAL2_binarized 
KIR3DX1_binarized(2): FNDC3A_binarized 
SMARCA1_binarized(2): FNDC3A_binarized 
VPS13D_binarized(2): WDR55_binarized 
INTS3_binarized(2): FARP1_binarized 
ICAM3_binarized(2): FNDC3A_binarized 
MCFD2_binarized(2): FNDC3A_binarized 
COMT_binarized(2): GOLGA1_binarized 
CYHR1_binarized(2): FNDC3A_binarized 
SIPA1L3_binarized(2): FNDC3A_binarized 
AGXT_binarized(2): OR1F2P_binarized 
GPR3_binarized(2): FNDC3A_binarized 
IGL@_binarized(2): PFKL_binarized 
MAP3K12_binarized(2): SEZ6L_binarized 
FRY_binarized(2): SFI1_binarized 
WDR55_binarized(2): FARP1_binarized 
BCKDHA_binarized(2): SFI1_binarized 
SEZ6L_binarized(2): CTTN_binarized 
DNPEP_binarized(2): FNDC3A_binarized 
MUM1_binarized(2): IGL@_binarized 
SYDE1_binarized(2): FNDC3A_binarized 
HEY2_binarized(2): SEZ6L_binarized 
RUFY3_binarized(2): FNDC3A_binarized 
PHF3_binarized(2): FNDC3A_binarized 
IHH_binarized(2): FNDC3A_binarized 
CPNE7_binarized(2): FNDC3A_binarized 
TTF2_binarized(2): OR51E2_binarized 
ARF3_binarized(2): FNDC3A_binarized 
PARD6B_binarized(2): ZNF267_binarized 
RGS5_binarized(2): FNDC3A_binarized 
PERP_binarized(2): FNDC3A_binarized 
ISG20_binarized(2): PAX4_binarized 
ZNF267_binarized(2): SLC7A8_binarized 
LZTS1_binarized(2): ENOSF1_binarized 
ANXA9_binarized(2): FNDC3A_binarized 
DOPEY1_binarized(2): SFI1_binarized 
KCNJ5_binarized(2): VPS13D_binarized 
INO80B_binarized(2): FNDC3A_binarized 
APITD1_binarized(2): FNDC3A_binarized 
DCLRE1C_binarized(2): FNDC3A_binarized 
SDC3_binarized(2): SFI1_binarized 
UBE2D3_binarized(2): FNDC3A_binarized 
NSDHL_binarized(2): FNDC3A_binarized 
C17ORF86_binarized(2): FNDC3A_binarized 
OR51E2_binarized(2): VPS13D_binarized 
TDRD3_binarized(2): FNDC3A_binarized 
MAPK13_binarized(2): FNDC3A_binarized 
DTYMK_binarized(2): FNDC3A_binarized 
class(2): 
LogScore Bayes: -391.02960543323303
LogScore BDeu: -526.7437402915169
LogScore MDL: -666.1579549294828
LogScore ENTROPY: -426.4993730451636
LogScore AIC: -586.4993730451628

=== Overall Scores ===
LogScore Bayes: -986.4573214260295
LogScore BDeu: -1257.885591142598
LogScore MDL: -1537.001539542995
LogScore ENTROPY: -1031.750934577473
LogScore AIC: -1352.750934577472


Time taken to build model: 0.15 seconds
Time taken to test model on training data: 0.02 seconds

=== Error on training data ===

Correctly Classified Instances          47              100      %
Incorrectly Classified Instances         0                0      %
Kappa statistic                          1     
Mean absolute error                      0.0351
Root mean squared error                  0.1   
Relative absolute error                  7.1715 %
Root relative squared error             20.2332 %
Total Number of Instances               47     


=== Confusion Matrix ===

  a  b   <-- classified as
 27  0 |  a = Control
  0 20 |  b = Infected


=== Error on test data ===

Correctly Classified Instances           3               42.8571 %
Incorrectly Classified Instances         4               57.1429 %
Kappa statistic                         -0.0769
Mean absolute error                      0.523 
Root mean squared error                  0.6448
Relative absolute error                102.5071 %
Root relative squared error            125.1909 %
Total Number of Instances                7     


=== Confusion Matrix ===

 a b   <-- classified as
 2 1 | a = Control
 3 1 | b = Infected

