disease ---> Breast_Neoplasm
experiment ---> GDS1326,GDS3716
type ---> multi
closed the readers
about to evaluate model
Warning: discretizing data set
evaluated model
test instances:
7
total instances:
54

Bayes Network Classifier
Using ADTree
#attributes=71 #classindex=70
Network structure (nodes followed by parents)
FNDC3A(2): class 
GSDMD_binarized(2): class 
LARS2_binarized(2): class 
C2ORF34_binarized(2): class 
SLC7A8_binarized(2): class 
MUT_binarized(2): class 
ZFP36L1_binarized(2): class 
OR1F2P_binarized(2): class 
RNF13_binarized(2): class 
PAX4_binarized(2): class 
C6ORF26_binarized(2): class 
TMEM48_binarized(2): class 
PFKL_binarized(2): class 
SEMA3F_binarized(2): class 
GOLGA1_binarized(2): class 
ZNF335_binarized(2): class 
CEP68_binarized(2): class 
TCN2_binarized(2): class 
APOE_binarized(2): class 
ENOSF1_binarized(2): class 
ST3GAL2_binarized(2): class 
SFI1_binarized(2): class 
FCGR2C_binarized(2): class 
STX6_binarized(2): class 
CTTN_binarized(2): class 
TPSB2_binarized(2): class 
MIA3_binarized(2): class 
FARP1_binarized(2): class 
L3MBTL_binarized(2): class 
TCIRG1_binarized(2): class 
CDC20_binarized(2): class 
BRD7P3_binarized(2): class 
NCDN_binarized(2): class 
KIR3DX1_binarized(2): class 
SMARCA1_binarized(2): class 
VPS13D_binarized(2): class 
INTS3_binarized(2): class 
ICAM3_binarized(2): class 
MCFD2_binarized(2): class 
COMT_binarized(2): class 
CYHR1_binarized(2): class 
SIPA1L3_binarized(2): class 
AGXT_binarized(2): class 
GPR3_binarized(2): class 
IGL@_binarized(2): class 
MAP3K12_binarized(2): class 
FRY_binarized(2): class 
WDR55_binarized(2): class 
BCKDHA_binarized(2): class 
SEZ6L_binarized(2): class 
DNPEP_binarized(2): class 
MUM1_binarized(2): class 
SYDE1_binarized(2): class 
HEY2_binarized(2): class 
RUFY3_binarized(2): class 
PHF3_binarized(2): class 
IHH_binarized(2): class 
CPNE7_binarized(2): class 
TTF2_binarized(2): class 
ARF3_binarized(2): class 
PARD6B_binarized(2): class 
RGS5_binarized(2): class 
PERP_binarized(2): class 
ISG20_binarized(2): class 
ZNF267_binarized(2): class 
LZTS1_binarized(2): class 
ANXA9_binarized(2): class 
DOPEY1_binarized(2): class 
KCNJ5_binarized(2): class 
INO80B_binarized(2): class 
class(2): 
LogScore Bayes: -1231.289128051453
LogScore BDeu: -1351.5421589385385
LogScore MDL: -1447.0790320285353
LogScore ENTROPY: -1175.6436261079764
LogScore AIC: -1316.6436261079768


Time taken to build model: 0.17 seconds
Time taken to test model on training data: 0.03 seconds

=== Error on training data ===

Correctly Classified Instances          39               82.9787 %
Incorrectly Classified Instances         8               17.0213 %
Kappa statistic                          0.6606
Mean absolute error                      0.1822
Root mean squared error                  0.4025
Relative absolute error                 37.2401 %
Root relative squared error             81.4096 %
Total Number of Instances               47     


=== Confusion Matrix ===

  a  b   <-- classified as
 21  6 |  a = Control
  2 18 |  b = Infected


=== Error on test data ===

Correctly Classified Instances           4               57.1429 %
Incorrectly Classified Instances         3               42.8571 %
Kappa statistic                          0     
Mean absolute error                      0.4344
Root mean squared error                  0.6547
Relative absolute error                 85.1484 %
Root relative squared error            127.1111 %
Total Number of Instances                7     


=== Confusion Matrix ===

 a b   <-- classified as
 0 3 | a = Control
 0 4 | b = Infected

Weighted area under ROC: 
NaN
True negative (control): 
0.0
True positive: 
0.0
