disease ---> Breast_Neoplasm
experiment ---> GDS1326,GDS3716
type ---> multi
closed the readers
about to evaluate model
Warning: discretizing data set
evaluated model
test instances:
1
total instances:
54

Bayes Network Classifier
Using ADTree
#attributes=51 #classindex=50
Network structure (nodes followed by parents)
GSDMD(2): class 
FNDC3A_binarized(2): class 
C2ORF34_binarized(2): class 
SLC7A8_binarized(2): class 
BAZ1B_binarized(2): class 
MUT_binarized(2): class 
ZFP36L1_binarized(2): class 
PAX4_binarized(2): class 
OR1F2P_binarized(2): class 
TMEM48_binarized(2): class 
C6ORF26_binarized(2): class 
SIDT2_binarized(2): class 
PFKL_binarized(2): class 
RNF103_binarized(2): class 
CEP68_binarized(2): class 
ZNF335_binarized(2): class 
APOE_binarized(2): class 
GOLGA1_binarized(2): class 
ENOSF1_binarized(2): class 
STX6_binarized(2): class 
L3MBTL_binarized(2): class 
TCIRG1_binarized(2): class 
CTTN_binarized(2): class 
FARP1_binarized(2): class 
SYDE1_binarized(2): class 
ST3GAL2_binarized(2): class 
SFI1_binarized(2): class 
KIR3DX1_binarized(2): class 
MIA3_binarized(2): class 
SMARCA1_binarized(2): class 
VPS13D_binarized(2): class 
FCGR2C_binarized(2): class 
TPSB2_binarized(2): class 
CDC20_binarized(2): class 
BRD7P3_binarized(2): class 
NCDN_binarized(2): class 
MCFD2_binarized(2): class 
FRY_binarized(2): class 
ICAM3_binarized(2): class 
SIPA1L3_binarized(2): class 
INTS3_binarized(2): class 
CYHR1_binarized(2): class 
IGL@_binarized(2): class 
RABEP2_binarized(2): class 
GPR3_binarized(2): class 
BCKDHA_binarized(2): class 
MAP3K12_binarized(2): class 
AGXT_binarized(2): class 
WDR55_binarized(2): class 
MUM1_binarized(2): class 
class(2): 
LogScore Bayes: -1100.7628699717093
LogScore BDeu: -1186.657892033915
LogScore MDL: -1248.2750576121293
LogScore ENTROPY: -1047.7753159777467
LogScore AIC: -1148.7753159777465


Time taken to build model: 0.21 seconds
Time taken to test model on training data: 0.05 seconds

=== Error on training data ===

Correctly Classified Instances          42               79.2453 %
Incorrectly Classified Instances        11               20.7547 %
Kappa statistic                          0.592 
Mean absolute error                      0.2086
Root mean squared error                  0.4272
Relative absolute error                 42.4302 %
Root relative squared error             86.1971 %
Total Number of Instances               53     


=== Confusion Matrix ===

  a  b   <-- classified as
 21  9 |  a = Control
  2 21 |  b = Infected


=== Error on test data ===

Correctly Classified Instances           1              100      %
Incorrectly Classified Instances         0                0      %
Kappa statistic                          1     
Mean absolute error                      0.0003
Root mean squared error                  0.0003
Relative absolute error                  0.0562 %
Root relative squared error              0.0562 %
Total Number of Instances                1     


=== Confusion Matrix ===

 a b   <-- classified as
 0 0 | a = Control
 0 1 | b = Infected

Weighted area under ROC: 
NaN
True negative (control): 
0.0
True positive: 
0.0
