disease ---> Breast_Neoplasm
experiment ---> GDS1326,GDS3716
type ---> multi
closed the readers
about to evaluate model
evaluated model
test instances:
7
total instances:
54

=== Structure for class 'Control' ===
Bayes Network Classifier
not using ADTree
#attributes=51 #classindex=50
Network structure (nodes followed by parents)
FNDC3A_binarized(2): OR1F2P_binarized 
GSDMD_binarized(2): FNDC3A_binarized 
LARS2_binarized(2): FNDC3A_binarized 
C2ORF34_binarized(2): FNDC3A_binarized 
SLC7A8_binarized(2): FNDC3A_binarized 
MUT_binarized(2): ENOSF1_binarized 
ZFP36L1_binarized(2): CTTN_binarized 
OR1F2P_binarized(2): PFKL_binarized 
RNF13_binarized(2): MUT_binarized 
PAX4_binarized(2): MUT_binarized 
C6ORF26_binarized(2): ENOSF1_binarized 
TMEM48_binarized(2): C6ORF26_binarized 
PFKL_binarized(2): MUT_binarized 
SEMA3F_binarized(2): SFI1_binarized 
GOLGA1_binarized(2): ENOSF1_binarized 
ZNF335_binarized(2): 
CEP68_binarized(2): ZNF335_binarized 
TCN2_binarized(2): GOLGA1_binarized 
APOE_binarized(2): FNDC3A_binarized 
ENOSF1_binarized(2): ST3GAL2_binarized 
ST3GAL2_binarized(2): ZNF335_binarized 
SFI1_binarized(2): SEZ6L_binarized 
FCGR2C_binarized(2): FNDC3A_binarized 
STX6_binarized(2): FNDC3A_binarized 
CTTN_binarized(2): ST3GAL2_binarized 
TPSB2_binarized(2): SEMA3F_binarized 
MIA3_binarized(2): FNDC3A_binarized 
FARP1_binarized(2): SEMA3F_binarized 
L3MBTL_binarized(2): FNDC3A_binarized 
TCIRG1_binarized(2): SEMA3F_binarized 
CDC20_binarized(2): FNDC3A_binarized 
BRD7P3_binarized(2): RNF13_binarized 
NCDN_binarized(2): MAP3K12_binarized 
KIR3DX1_binarized(2): FNDC3A_binarized 
SMARCA1_binarized(2): FNDC3A_binarized 
VPS13D_binarized(2): FNDC3A_binarized 
INTS3_binarized(2): FNDC3A_binarized 
ICAM3_binarized(2): FNDC3A_binarized 
MCFD2_binarized(2): FNDC3A_binarized 
COMT_binarized(2): ENOSF1_binarized 
CYHR1_binarized(2): FNDC3A_binarized 
SIPA1L3_binarized(2): FNDC3A_binarized 
AGXT_binarized(2): SFI1_binarized 
GPR3_binarized(2): FNDC3A_binarized 
IGL@_binarized(2): MUT_binarized 
MAP3K12_binarized(2): SEMA3F_binarized 
FRY_binarized(2): SEMA3F_binarized 
WDR55_binarized(2): SEMA3F_binarized 
BCKDHA_binarized(2): SEMA3F_binarized 
SEZ6L_binarized(2): PFKL_binarized 
class(2): 
LogScore Bayes: -409.0484001939066
LogScore BDeu: -493.2255218148681
LogScore MDL: -573.2730909159529
LogScore ENTROPY: -408.48124761573644
LogScore AIC: -508.4812476157364

=== Structure for class 'Infected' ===
Bayes Network Classifier
not using ADTree
#attributes=51 #classindex=50
Network structure (nodes followed by parents)
FNDC3A_binarized(2): GSDMD_binarized 
GSDMD_binarized(2): NCDN_binarized 
LARS2_binarized(2): TCN2_binarized 
C2ORF34_binarized(2): PAX4_binarized 
SLC7A8_binarized(2): FARP1_binarized 
MUT_binarized(2): FNDC3A_binarized 
ZFP36L1_binarized(2): FNDC3A_binarized 
OR1F2P_binarized(2): 
RNF13_binarized(2): FNDC3A_binarized 
PAX4_binarized(2): FARP1_binarized 
C6ORF26_binarized(2): AGXT_binarized 
TMEM48_binarized(2): C6ORF26_binarized 
PFKL_binarized(2): ENOSF1_binarized 
SEMA3F_binarized(2): SLC7A8_binarized 
GOLGA1_binarized(2): COMT_binarized 
ZNF335_binarized(2): OR1F2P_binarized 
CEP68_binarized(2): ZNF335_binarized 
TCN2_binarized(2): SLC7A8_binarized 
APOE_binarized(2): ST3GAL2_binarized 
ENOSF1_binarized(2): GOLGA1_binarized 
ST3GAL2_binarized(2): GOLGA1_binarized 
SFI1_binarized(2): FARP1_binarized 
FCGR2C_binarized(2): FNDC3A_binarized 
STX6_binarized(2): ZNF335_binarized 
CTTN_binarized(2): SEZ6L_binarized 
TPSB2_binarized(2): TCN2_binarized 
MIA3_binarized(2): FNDC3A_binarized 
FARP1_binarized(2): WDR55_binarized 
L3MBTL_binarized(2): APOE_binarized 
TCIRG1_binarized(2): SFI1_binarized 
CDC20_binarized(2): FNDC3A_binarized 
BRD7P3_binarized(2): FNDC3A_binarized 
NCDN_binarized(2): ST3GAL2_binarized 
KIR3DX1_binarized(2): FNDC3A_binarized 
SMARCA1_binarized(2): FNDC3A_binarized 
VPS13D_binarized(2): STX6_binarized 
INTS3_binarized(2): FARP1_binarized 
ICAM3_binarized(2): FNDC3A_binarized 
MCFD2_binarized(2): FNDC3A_binarized 
COMT_binarized(2): MAP3K12_binarized 
CYHR1_binarized(2): FNDC3A_binarized 
SIPA1L3_binarized(2): FNDC3A_binarized 
AGXT_binarized(2): OR1F2P_binarized 
GPR3_binarized(2): FNDC3A_binarized 
IGL@_binarized(2): PFKL_binarized 
MAP3K12_binarized(2): SFI1_binarized 
FRY_binarized(2): SFI1_binarized 
WDR55_binarized(2): VPS13D_binarized 
BCKDHA_binarized(2): SFI1_binarized 
SEZ6L_binarized(2): MAP3K12_binarized 
class(2): 
LogScore Bayes: -300.7435547669238
LogScore BDeu: -384.9206763878852
LogScore MDL: -463.13231564934415
LogScore ENTROPY: -313.34570197164487
LogScore AIC: -413.34570197164476

=== Overall Scores ===
LogScore Bayes: -744.0029156805989
LogScore BDeu: -912.3571589225216
LogScore MDL: -1071.089303595277
LogScore ENTROPY: -754.5857728165062
LogScore AIC: -955.585772816506


Time taken to build model: 0.15 seconds
Time taken to test model on training data: 0.01 seconds

=== Error on training data ===

Correctly Classified Instances          46               97.8723 %
Incorrectly Classified Instances         1                2.1277 %
Kappa statistic                          0.9562
Mean absolute error                      0.0398
Root mean squared error                  0.1078
Relative absolute error                  8.1316 %
Root relative squared error             21.8084 %
Total Number of Instances               47     


=== Confusion Matrix ===

  a  b   <-- classified as
 27  0 |  a = Control
  1 19 |  b = Infected


=== Error on test data ===

Correctly Classified Instances           4               57.1429 %
Incorrectly Classified Instances         3               42.8571 %
Kappa statistic                          0.16  
Mean absolute error                      0.5282
Root mean squared error                  0.6413
Relative absolute error                103.5222 %
Root relative squared error            124.51   %
Total Number of Instances                7     


=== Confusion Matrix ===

 a b   <-- classified as
 2 1 | a = Control
 2 2 | b = Infected

