disease ---> Breast_Neoplasm
experiment ---> GDS1326,GDS3716
type ---> multi
closed the readers
about to evaluate model
evaluated model
test instances:
4
total instances:
54

=== Structure for class 'Control' ===
Bayes Network Classifier
not using ADTree
#attributes=61 #classindex=60
Network structure (nodes followed by parents)
FNDC3A_binarized(2): APOE_binarized 
GSDMD_binarized(2): FNDC3A_binarized 
C2ORF34_binarized(2): FNDC3A_binarized 
MUT_binarized(2): ENOSF1_binarized 
BAZ1B_binarized(2): FNDC3A_binarized 
ZFP36L1_binarized(2): KCNF1_binarized 
ABCB6_binarized(2): FNDC3A_binarized 
RUSC1_binarized(2): FNDC3A_binarized 
SLC7A8_binarized(2): FNDC3A_binarized 
SEMA3F_binarized(2): RABEP2_binarized 
TMEM48_binarized(2): ENOSF1_binarized 
C6ORF26_binarized(2): TMEM48_binarized 
PFKL_binarized(2): MUT_binarized 
GOLGA1_binarized(2): ENOSF1_binarized 
SIDT2_binarized(2): RABEP2_binarized 
OR1F2P_binarized(2): TNFAIP3_binarized 
CEP68_binarized(2): 
ZNF335_binarized(2): CEP68_binarized 
APOE_binarized(2): TNFAIP3_binarized 
RABEP2_binarized(2): SEZ6L_binarized 
ESRP2_binarized(2): SIDT2_binarized 
ENOSF1_binarized(2): ST3GAL2_binarized 
PAX4_binarized(2): MUT_binarized 
ST3GAL2_binarized(2): CEP68_binarized 
ZNF701_binarized(2): SEMA3F_binarized 
KCNF1_binarized(2): ENOSF1_binarized 
TNFAIP3_binarized(2): ENOSF1_binarized 
NCDN_binarized(2): RABEP2_binarized 
BRD7P3_binarized(2): ZFP36L1_binarized 
STX6_binarized(2): FNDC3A_binarized 
SFI1_binarized(2): SEMA3F_binarized 
FCGR2C_binarized(2): FNDC3A_binarized 
CTTN_binarized(2): ST3GAL2_binarized 
MCFD2_binarized(2): FNDC3A_binarized 
KIR3DX1_binarized(2): FNDC3A_binarized 
VPS13D_binarized(2): FNDC3A_binarized 
TPSB2_binarized(2): SEMA3F_binarized 
AGXT_binarized(2): SEMA3F_binarized 
MIA3_binarized(2): FNDC3A_binarized 
CDC20_binarized(2): FNDC3A_binarized 
MAP3K12_binarized(2): SEMA3F_binarized 
SMARCA1_binarized(2): FNDC3A_binarized 
ICAM3_binarized(2): FNDC3A_binarized 
FRY_binarized(2): SEMA3F_binarized 
PHF3_binarized(2): GOLGA1_binarized 
CPNE7_binarized(2): FNDC3A_binarized 
RGS5_binarized(2): FNDC3A_binarized 
PARD6B_binarized(2): MAP3K12_binarized 
IGL@_binarized(2): MUT_binarized 
GPR3_binarized(2): FNDC3A_binarized 
SIPA1L3_binarized(2): FNDC3A_binarized 
IHH_binarized(2): FNDC3A_binarized 
BCKDHA_binarized(2): SEMA3F_binarized 
COMT_binarized(2): KCNF1_binarized 
SEZ6L_binarized(2): PFKL_binarized 
MUM1_binarized(2): PFKL_binarized 
SYDE1_binarized(2): FNDC3A_binarized 
HEY2_binarized(2): SEZ6L_binarized 
RUFY3_binarized(2): FNDC3A_binarized 
ARF3_binarized(2): FNDC3A_binarized 
class(2): 
LogScore Bayes: -472.04867369466854
LogScore BDeu: -573.4047997280713
LogScore MDL: -669.4475501493043
LogScore ENTROPY: -471.69733818904416
LogScore AIC: -591.697338189044

=== Structure for class 'Infected' ===
Bayes Network Classifier
not using ADTree
#attributes=61 #classindex=60
Network structure (nodes followed by parents)
FNDC3A_binarized(2): GSDMD_binarized 
GSDMD_binarized(2): NCDN_binarized 
C2ORF34_binarized(2): RUSC1_binarized 
MUT_binarized(2): FNDC3A_binarized 
BAZ1B_binarized(2): RUSC1_binarized 
ZFP36L1_binarized(2): FNDC3A_binarized 
ABCB6_binarized(2): SFI1_binarized 
RUSC1_binarized(2): SFI1_binarized 
SLC7A8_binarized(2): ABCB6_binarized 
SEMA3F_binarized(2): RABEP2_binarized 
TMEM48_binarized(2): AGXT_binarized 
C6ORF26_binarized(2): TMEM48_binarized 
PFKL_binarized(2): ENOSF1_binarized 
GOLGA1_binarized(2): COMT_binarized 
SIDT2_binarized(2): BAZ1B_binarized 
OR1F2P_binarized(2): RABEP2_binarized 
CEP68_binarized(2): OR1F2P_binarized 
ZNF335_binarized(2): CEP68_binarized 
APOE_binarized(2): ST3GAL2_binarized 
RABEP2_binarized(2): SIDT2_binarized 
ESRP2_binarized(2): ENOSF1_binarized 
ENOSF1_binarized(2): GOLGA1_binarized 
PAX4_binarized(2): ABCB6_binarized 
ST3GAL2_binarized(2): GOLGA1_binarized 
ZNF701_binarized(2): PARD6B_binarized 
KCNF1_binarized(2): GOLGA1_binarized 
TNFAIP3_binarized(2): GOLGA1_binarized 
NCDN_binarized(2): ST3GAL2_binarized 
BRD7P3_binarized(2): RUSC1_binarized 
STX6_binarized(2): VPS13D_binarized 
SFI1_binarized(2): MAP3K12_binarized 
FCGR2C_binarized(2): FNDC3A_binarized 
CTTN_binarized(2): ZNF701_binarized 
MCFD2_binarized(2): FNDC3A_binarized 
KIR3DX1_binarized(2): FNDC3A_binarized 
VPS13D_binarized(2): CEP68_binarized 
TPSB2_binarized(2): GOLGA1_binarized 
AGXT_binarized(2): OR1F2P_binarized 
MIA3_binarized(2): FNDC3A_binarized 
CDC20_binarized(2): FNDC3A_binarized 
MAP3K12_binarized(2): SEZ6L_binarized 
SMARCA1_binarized(2): FNDC3A_binarized 
ICAM3_binarized(2): FNDC3A_binarized 
FRY_binarized(2): SFI1_binarized 
PHF3_binarized(2): FNDC3A_binarized 
CPNE7_binarized(2): FNDC3A_binarized 
RGS5_binarized(2): FNDC3A_binarized 
PARD6B_binarized(2): C2ORF34_binarized 
IGL@_binarized(2): MUM1_binarized 
GPR3_binarized(2): FNDC3A_binarized 
SIPA1L3_binarized(2): FNDC3A_binarized 
IHH_binarized(2): FNDC3A_binarized 
BCKDHA_binarized(2): SFI1_binarized 
COMT_binarized(2): MAP3K12_binarized 
SEZ6L_binarized(2): 
MUM1_binarized(2): PFKL_binarized 
SYDE1_binarized(2): FNDC3A_binarized 
HEY2_binarized(2): SEZ6L_binarized 
RUFY3_binarized(2): FNDC3A_binarized 
ARF3_binarized(2): FNDC3A_binarized 
class(2): 
LogScore Bayes: -401.27772238145394
LogScore BDeu: -502.63384841485674
LogScore MDL: -598.8692183754014
LogScore ENTROPY: -410.7395654196526
LogScore AIC: -530.7395654196523

=== Overall Scores ===
LogScore Bayes: -910.0104079798492
LogScore BDeu: -1112.7226600466547
LogScore MDL: -1305.4662622708383
LogScore ENTROPY: -917.6303858521153
LogScore AIC: -1158.6303858521148


Time taken to build model: 0.19 seconds
Time taken to test model on training data: 0.05 seconds

=== Error on training data ===

Correctly Classified Instances          49               98      %
Incorrectly Classified Instances         1                2      %
Kappa statistic                          0.9596
Mean absolute error                      0.0464
Root mean squared error                  0.1461
Relative absolute error                  9.3368 %
Root relative squared error             29.3175 %
Total Number of Instances               50     


=== Confusion Matrix ===

  a  b   <-- classified as
 27  0 |  a = Control
  1 22 |  b = Infected


=== Error on test data ===

Correctly Classified Instances           2               50      %
Incorrectly Classified Instances         2               50      %
Kappa statistic                         -0.3333
Mean absolute error                      0.5317
Root mean squared error                  0.6638
Relative absolute error                110.6011 %
Root relative squared error            137.7413 %
Total Number of Instances                4     


=== Confusion Matrix ===

 a b   <-- classified as
 2 1 | a = Control
 1 0 | b = Infected

