disease ---> Breast_Neoplasm
experiment ---> GDS1326,GDS3716
type ---> multi
closed the readers
about to evaluate model
evaluated model
test instances:
3
total instances:
54

=== Structure for class 'Control' ===
Bayes Network Classifier
not using ADTree
#attributes=51 #classindex=50
Network structure (nodes followed by parents)
GSDMD_binarized(2): FNDC3A_binarized 
FNDC3A_binarized(2): MAP3K12_binarized 
PAX4_binarized(2): MUT_binarized 
C2ORF34_binarized(2): GSDMD_binarized 
MUT_binarized(2): ENOSF1_binarized 
OR1F2P_binarized(2): PFKL_binarized 
ZFP36L1_binarized(2): ST3GAL2_binarized 
TMEM48_binarized(2): ENOSF1_binarized 
C6ORF26_binarized(2): TMEM48_binarized 
ESRP2_binarized(2): CEP68_binarized 
PFKL_binarized(2): MUT_binarized 
RNF103_binarized(2): TMEM48_binarized 
CEP68_binarized(2): 
ZNF335_binarized(2): CEP68_binarized 
APOE_binarized(2): FNDC3A_binarized 
SEMA3F_binarized(2): TCIRG1_binarized 
TCN2_binarized(2): ENOSF1_binarized 
ENOSF1_binarized(2): ST3GAL2_binarized 
GOLGA1_binarized(2): ENOSF1_binarized 
FCGR2C_binarized(2): GSDMD_binarized 
NCDN_binarized(2): RABEP2_binarized 
TCIRG1_binarized(2): COMT_binarized 
BRD7P3_binarized(2): ZFP36L1_binarized 
ST3GAL2_binarized(2): CEP68_binarized 
SFI1_binarized(2): SEMA3F_binarized 
FARP1_binarized(2): TCIRG1_binarized 
STX6_binarized(2): GSDMD_binarized 
CTTN_binarized(2): ST3GAL2_binarized 
KIR3DX1_binarized(2): GSDMD_binarized 
VPS13D_binarized(2): GSDMD_binarized 
MIA3_binarized(2): GSDMD_binarized 
GPR3_binarized(2): GSDMD_binarized 
TPSB2_binarized(2): SEMA3F_binarized 
CDC20_binarized(2): GSDMD_binarized 
L3MBTL_binarized(2): GSDMD_binarized 
SMARCA1_binarized(2): GSDMD_binarized 
IGL@_binarized(2): MUT_binarized 
RABEP2_binarized(2): TCIRG1_binarized 
FRY_binarized(2): TCIRG1_binarized 
IHH_binarized(2): GSDMD_binarized 
CPNE7_binarized(2): GSDMD_binarized 
PARD6B_binarized(2): MAP3K12_binarized 
PHF3_binarized(2): APOE_binarized 
MAP3K12_binarized(2): SEMA3F_binarized 
INTS3_binarized(2): SEMA3F_binarized 
ICAM3_binarized(2): GSDMD_binarized 
MCFD2_binarized(2): GSDMD_binarized 
COMT_binarized(2): ENOSF1_binarized 
CYHR1_binarized(2): GSDMD_binarized 
SIPA1L3_binarized(2): GSDMD_binarized 
class(2): 
LogScore Bayes: -425.90527653421253
LogScore BDeu: -510.08239815517345
LogScore MDL: -595.72956993299
LogScore ENTROPY: -427.36477843366714
LogScore AIC: -527.364778433667

=== Structure for class 'Infected' ===
Bayes Network Classifier
not using ADTree
#attributes=51 #classindex=50
Network structure (nodes followed by parents)
GSDMD_binarized(2): NCDN_binarized 
FNDC3A_binarized(2): GSDMD_binarized 
PAX4_binarized(2): GSDMD_binarized 
C2ORF34_binarized(2): PARD6B_binarized 
MUT_binarized(2): GSDMD_binarized 
OR1F2P_binarized(2): PFKL_binarized 
ZFP36L1_binarized(2): GSDMD_binarized 
TMEM48_binarized(2): CTTN_binarized 
C6ORF26_binarized(2): TMEM48_binarized 
ESRP2_binarized(2): GOLGA1_binarized 
PFKL_binarized(2): ENOSF1_binarized 
RNF103_binarized(2): ENOSF1_binarized 
CEP68_binarized(2): OR1F2P_binarized 
ZNF335_binarized(2): CEP68_binarized 
APOE_binarized(2): ST3GAL2_binarized 
SEMA3F_binarized(2): TCIRG1_binarized 
TCN2_binarized(2): TCIRG1_binarized 
ENOSF1_binarized(2): GOLGA1_binarized 
GOLGA1_binarized(2): TPSB2_binarized 
FCGR2C_binarized(2): GSDMD_binarized 
NCDN_binarized(2): ST3GAL2_binarized 
TCIRG1_binarized(2): FARP1_binarized 
BRD7P3_binarized(2): C2ORF34_binarized 
ST3GAL2_binarized(2): GOLGA1_binarized 
SFI1_binarized(2): TCIRG1_binarized 
FARP1_binarized(2): 
STX6_binarized(2): VPS13D_binarized 
CTTN_binarized(2): MAP3K12_binarized 
KIR3DX1_binarized(2): GSDMD_binarized 
VPS13D_binarized(2): CEP68_binarized 
MIA3_binarized(2): GSDMD_binarized 
GPR3_binarized(2): GSDMD_binarized 
TPSB2_binarized(2): TCN2_binarized 
CDC20_binarized(2): GSDMD_binarized 
L3MBTL_binarized(2): APOE_binarized 
SMARCA1_binarized(2): GSDMD_binarized 
IGL@_binarized(2): PFKL_binarized 
RABEP2_binarized(2): SEMA3F_binarized 
FRY_binarized(2): TCIRG1_binarized 
IHH_binarized(2): GSDMD_binarized 
CPNE7_binarized(2): GSDMD_binarized 
PARD6B_binarized(2): TCIRG1_binarized 
PHF3_binarized(2): GSDMD_binarized 
MAP3K12_binarized(2): TCIRG1_binarized 
INTS3_binarized(2): TCIRG1_binarized 
ICAM3_binarized(2): GSDMD_binarized 
MCFD2_binarized(2): GSDMD_binarized 
COMT_binarized(2): MAP3K12_binarized 
CYHR1_binarized(2): GSDMD_binarized 
SIPA1L3_binarized(2): GSDMD_binarized 
class(2): 
LogScore Bayes: -348.17586612442375
LogScore BDeu: -432.3529877453849
LogScore MDL: -507.23883122771605
LogScore ENTROPY: -352.68670855979946
LogScore AIC: -452.68670855979957

=== Overall Scores ===
LogScore Bayes: -811.1464054123506
LogScore BDeu: -979.5006486542727
LogScore MDL: -1140.5053801173688
LogScore ENTROPY: -815.622553133767
LogScore AIC: -1016.622553133767


Time taken to build model: 0.19 seconds
Time taken to test model on training data: 0.05 seconds

=== Error on training data ===

Correctly Classified Instances          48               94.1176 %
Incorrectly Classified Instances         3                5.8824 %
Kappa statistic                          0.8807
Mean absolute error                      0.0987
Root mean squared error                  0.2326
Relative absolute error                 20.1026 %
Root relative squared error             46.9596 %
Total Number of Instances               51     


=== Confusion Matrix ===

  a  b   <-- classified as
 27  2 |  a = Control
  1 21 |  b = Infected


=== Error on test data ===

Correctly Classified Instances           3              100      %
Incorrectly Classified Instances         0                0      %
Kappa statistic                          1     
Mean absolute error                      0.0886
Root mean squared error                  0.1157
Relative absolute error                 16.9665 %
Root relative squared error             22.005  %
Total Number of Instances                3     


=== Confusion Matrix ===

 a b   <-- classified as
 1 0 | a = Control
 0 2 | b = Infected

