disease ---> Breast_Neoplasm
experiment ---> GDS1326,GDS3716
type ---> multi
closed the readers
about to evaluate model
evaluated model
test instances:
1
total instances:
54

=== Structure for class 'Control' ===
Bayes Network Classifier
not using ADTree
#attributes=81 #classindex=80
Network structure (nodes followed by parents)
GSDMD_binarized(2): FNDC3A_binarized 
FNDC3A_binarized(2): MAP3K12_binarized 
C2ORF34_binarized(2): GSDMD_binarized 
SLC7A8_binarized(2): GSDMD_binarized 
BAZ1B_binarized(2): GSDMD_binarized 
MUT_binarized(2): ENOSF1_binarized 
ZFP36L1_binarized(2): ST3GAL2_binarized 
PAX4_binarized(2): MUT_binarized 
OR1F2P_binarized(2): PAX4_binarized 
TMEM48_binarized(2): ENOSF1_binarized 
C6ORF26_binarized(2): TMEM48_binarized 
SIDT2_binarized(2): RABEP2_binarized 
PFKL_binarized(2): MUT_binarized 
RNF103_binarized(2): TMEM48_binarized 
CEP68_binarized(2): 
ZNF335_binarized(2): CEP68_binarized 
APOE_binarized(2): FNDC3A_binarized 
GOLGA1_binarized(2): ENOSF1_binarized 
ENOSF1_binarized(2): ST3GAL2_binarized 
STX6_binarized(2): GSDMD_binarized 
L3MBTL_binarized(2): GSDMD_binarized 
TCIRG1_binarized(2): RABEP2_binarized 
CTTN_binarized(2): PARD6B_binarized 
FARP1_binarized(2): TCIRG1_binarized 
SYDE1_binarized(2): GSDMD_binarized 
ST3GAL2_binarized(2): CEP68_binarized 
SFI1_binarized(2): TCIRG1_binarized 
KIR3DX1_binarized(2): GSDMD_binarized 
MIA3_binarized(2): GSDMD_binarized 
SMARCA1_binarized(2): GSDMD_binarized 
VPS13D_binarized(2): GSDMD_binarized 
FCGR2C_binarized(2): GSDMD_binarized 
TPSB2_binarized(2): TCIRG1_binarized 
CDC20_binarized(2): GSDMD_binarized 
BRD7P3_binarized(2): ZFP36L1_binarized 
NCDN_binarized(2): RABEP2_binarized 
MCFD2_binarized(2): GSDMD_binarized 
FRY_binarized(2): TCIRG1_binarized 
ICAM3_binarized(2): GSDMD_binarized 
SIPA1L3_binarized(2): GSDMD_binarized 
INTS3_binarized(2): TCIRG1_binarized 
CYHR1_binarized(2): GSDMD_binarized 
IGL@_binarized(2): MUT_binarized 
RABEP2_binarized(2): SEZ6L_binarized 
GPR3_binarized(2): GSDMD_binarized 
BCKDHA_binarized(2): TCIRG1_binarized 
MAP3K12_binarized(2): FARP1_binarized 
AGXT_binarized(2): TCIRG1_binarized 
WDR55_binarized(2): TCIRG1_binarized 
MUM1_binarized(2): PFKL_binarized 
ARF3_binarized(2): GSDMD_binarized 
DNPEP_binarized(2): GSDMD_binarized 
RUFY3_binarized(2): GSDMD_binarized 
SEZ6L_binarized(2): PFKL_binarized 
HEY2_binarized(2): SEZ6L_binarized 
CPNE7_binarized(2): GSDMD_binarized 
COMT_binarized(2): ENOSF1_binarized 
IHH_binarized(2): GSDMD_binarized 
RGS5_binarized(2): GSDMD_binarized 
TTF2_binarized(2): PAX4_binarized 
PHF3_binarized(2): APOE_binarized 
PARD6B_binarized(2): MAP3K12_binarized 
ZNF267_binarized(2): TCIRG1_binarized 
SDC3_binarized(2): TCIRG1_binarized 
ISG20_binarized(2): TPSB2_binarized 
DOPEY1_binarized(2): TCIRG1_binarized 
PERP_binarized(2): GSDMD_binarized 
ANXA9_binarized(2): GSDMD_binarized 
APITD1_binarized(2): GSDMD_binarized 
PAR5_binarized(2): GSDMD_binarized 
INO80B_binarized(2): GSDMD_binarized 
NSDHL_binarized(2): TTF2_binarized 
DCLRE1C_binarized(2): GSDMD_binarized 
KCNJ5_binarized(2): PHF3_binarized 
UBE2D3_binarized(2): GSDMD_binarized 
TDRD3_binarized(2): AGXT_binarized 
DYRK1A_binarized(2): GSDMD_binarized 
OR51E2_binarized(2): GSDMD_binarized 
SLCO2B1_binarized(2): TCIRG1_binarized 
C17ORF86_binarized(2): GSDMD_binarized 
class(2): 
LogScore Bayes: -548.9543301063625
LogScore BDeu: -684.6684649646483
LogScore MDL: -842.2310812278574
LogScore ENTROPY: -570.1352906948838
LogScore AIC: -730.1352906948838

=== Structure for class 'Infected' ===
Bayes Network Classifier
not using ADTree
#attributes=81 #classindex=80
Network structure (nodes followed by parents)
GSDMD_binarized(2): ISG20_binarized 
FNDC3A_binarized(2): GSDMD_binarized 
C2ORF34_binarized(2): PARD6B_binarized 
SLC7A8_binarized(2): ZNF267_binarized 
BAZ1B_binarized(2): GSDMD_binarized 
MUT_binarized(2): GSDMD_binarized 
ZFP36L1_binarized(2): GSDMD_binarized 
PAX4_binarized(2): SLC7A8_binarized 
OR1F2P_binarized(2): PFKL_binarized 
TMEM48_binarized(2): AGXT_binarized 
C6ORF26_binarized(2): TMEM48_binarized 
SIDT2_binarized(2): RABEP2_binarized 
PFKL_binarized(2): ENOSF1_binarized 
RNF103_binarized(2): SLC7A8_binarized 
CEP68_binarized(2): OR1F2P_binarized 
ZNF335_binarized(2): CEP68_binarized 
APOE_binarized(2): ST3GAL2_binarized 
GOLGA1_binarized(2): ENOSF1_binarized 
ENOSF1_binarized(2): RNF103_binarized 
STX6_binarized(2): VPS13D_binarized 
L3MBTL_binarized(2): APOE_binarized 
TCIRG1_binarized(2): MAP3K12_binarized 
CTTN_binarized(2): MAP3K12_binarized 
FARP1_binarized(2): TCIRG1_binarized 
SYDE1_binarized(2): GSDMD_binarized 
ST3GAL2_binarized(2): NCDN_binarized 
SFI1_binarized(2): FARP1_binarized 
KIR3DX1_binarized(2): GSDMD_binarized 
MIA3_binarized(2): GSDMD_binarized 
SMARCA1_binarized(2): GSDMD_binarized 
VPS13D_binarized(2): CEP68_binarized 
FCGR2C_binarized(2): GSDMD_binarized 
TPSB2_binarized(2): GOLGA1_binarized 
CDC20_binarized(2): GSDMD_binarized 
BRD7P3_binarized(2): BAZ1B_binarized 
NCDN_binarized(2): GSDMD_binarized 
MCFD2_binarized(2): GSDMD_binarized 
FRY_binarized(2): TCIRG1_binarized 
ICAM3_binarized(2): GSDMD_binarized 
SIPA1L3_binarized(2): GSDMD_binarized 
INTS3_binarized(2): SLC7A8_binarized 
CYHR1_binarized(2): GSDMD_binarized 
IGL@_binarized(2): MUM1_binarized 
RABEP2_binarized(2): ZNF267_binarized 
GPR3_binarized(2): GSDMD_binarized 
BCKDHA_binarized(2): FARP1_binarized 
MAP3K12_binarized(2): SEZ6L_binarized 
AGXT_binarized(2): OR1F2P_binarized 
WDR55_binarized(2): SLCO2B1_binarized 
MUM1_binarized(2): PFKL_binarized 
ARF3_binarized(2): GSDMD_binarized 
DNPEP_binarized(2): GSDMD_binarized 
RUFY3_binarized(2): GSDMD_binarized 
SEZ6L_binarized(2): 
HEY2_binarized(2): SEZ6L_binarized 
CPNE7_binarized(2): GSDMD_binarized 
COMT_binarized(2): MAP3K12_binarized 
IHH_binarized(2): GSDMD_binarized 
RGS5_binarized(2): GSDMD_binarized 
TTF2_binarized(2): OR51E2_binarized 
PHF3_binarized(2): GSDMD_binarized 
PARD6B_binarized(2): ZNF267_binarized 
ZNF267_binarized(2): TCIRG1_binarized 
SDC3_binarized(2): FARP1_binarized 
ISG20_binarized(2): TCIRG1_binarized 
DOPEY1_binarized(2): FARP1_binarized 
PERP_binarized(2): GSDMD_binarized 
ANXA9_binarized(2): GSDMD_binarized 
APITD1_binarized(2): GSDMD_binarized 
PAR5_binarized(2): GSDMD_binarized 
INO80B_binarized(2): GSDMD_binarized 
NSDHL_binarized(2): GSDMD_binarized 
DCLRE1C_binarized(2): GSDMD_binarized 
KCNJ5_binarized(2): VPS13D_binarized 
UBE2D3_binarized(2): GSDMD_binarized 
TDRD3_binarized(2): GSDMD_binarized 
DYRK1A_binarized(2): GSDMD_binarized 
OR51E2_binarized(2): VPS13D_binarized 
SLCO2B1_binarized(2): TCIRG1_binarized 
C17ORF86_binarized(2): GSDMD_binarized 
class(2): 
LogScore Bayes: -487.7394024858628
LogScore BDeu: -623.4535373441478
LogScore MDL: -756.3571823488484
LogScore ENTROPY: -505.51764507451463
LogScore AIC: -665.5176450745155

=== Overall Scores ===
LogScore Bayes: -1075.182625405517
LogScore BDeu: -1346.6108951220876
LogScore MDL: -1637.5483743007173
LogScore ENTROPY: -1112.627900536634
LogScore AIC: -1433.6279005366348


Time taken to build model: 0.1 seconds
Time taken to test model on training data: 0.02 seconds

=== Error on training data ===

Correctly Classified Instances          50               94.3396 %
Incorrectly Classified Instances         3                5.6604 %
Kappa statistic                          0.8842
Mean absolute error                      0.0863
Root mean squared error                  0.2276
Relative absolute error                 17.5489 %
Root relative squared error             45.931  %
Total Number of Instances               53     


=== Confusion Matrix ===

  a  b   <-- classified as
 29  1 |  a = Control
  2 21 |  b = Infected


=== Error on test data ===

Correctly Classified Instances           1              100      %
Incorrectly Classified Instances         0                0      %
Kappa statistic                          1     
Mean absolute error                      0     
Root mean squared error                  0     
Relative absolute error                  0.0037 %
Root relative squared error              0.0037 %
Total Number of Instances                1     


=== Confusion Matrix ===

 a b   <-- classified as
 0 0 | a = Control
 0 1 | b = Infected

