disease ---> Breast_Neoplasm
experiment ---> GDS1326,GDS2745
type ---> multi
closed the readers
about to evaluate model
Warning: discretizing data set
evaluated model
test instances:
6
total instances:
18

Bayes Network Classifier
Using ADTree
#attributes=61 #classindex=60
Network structure (nodes followed by parents)
SORBS2(1): class 
GPRC5B_binarized(2): class 
SPATA6_binarized(2): class 
ABI3BP_binarized(2): class 
BRWD1_binarized(2): class 
ARG1_binarized(2): class 
IBSP_binarized(2): class 
SCARA3_binarized(2): class 
SPTBN1_binarized(2): class 
HSPB8_binarized(2): class 
ACY1_binarized(2): class 
LCP2_binarized(2): class 
PBOV1_binarized(2): class 
KIAA0146_binarized(2): class 
FAH_binarized(2): class 
NPAS3_binarized(2): class 
API5_binarized(2): class 
GRM2_binarized(2): class 
GINS4_binarized(2): class 
SMC6_binarized(2): class 
KNG1_binarized(2): class 
SLC6A20_binarized(2): class 
RAD52_binarized(2): class 
HOXB13_binarized(2): class 
WNT5A_binarized(2): class 
MNT_binarized(2): class 
PELI1_binarized(2): class 
PGGT1B_binarized(2): class 
SEC14L2_binarized(2): class 
ST3GAL1_binarized(2): class 
ACTA2_binarized(2): class 
ROR1_binarized(2): class 
HBS1L_binarized(2): class 
ZFY_binarized(2): class 
SEPP1_binarized(2): class 
CENPJ_binarized(2): class 
FAM105A_binarized(2): class 
NFIB_binarized(2): class 
LIMCH1_binarized(2): class 
MOBKL2B_binarized(2): class 
NCAM1_binarized(2): class 
KIAA1609_binarized(2): class 
GRIA3_binarized(2): class 
ADRBK2_binarized(2): class 
IGHG1_binarized(2): class 
FRZB_binarized(2): class 
TMEM164_binarized(2): class 
ZCWPW1_binarized(2): class 
TTC18_binarized(2): class 
RFX2_binarized(2): class 
DCLRE1C_binarized(2): class 
SNX24_binarized(2): class 
TCF4_binarized(2): class 
CLIC5_binarized(2): class 
GNAS_binarized(2): class 
ASB1_binarized(2): class 
FAM198B_binarized(2): class 
C1ORF21_binarized(2): class 
CR1_binarized(2): class 
USP36_binarized(2): class 
class(2): 
LogScore Bayes: -437.5575443601878
LogScore BDeu: -538.9136703935911
LogScore MDL: -568.5946700783087
LogScore ENTROPY: -420.74272441592285
LogScore AIC: -539.7427244159228


Time taken to build model: 0.12 seconds
Time taken to test model on training data: 0.01 seconds

=== Error on training data ===

Correctly Classified Instances           7               58.3333 %
Incorrectly Classified Instances         5               41.6667 %
Kappa statistic                          0.1667
Mean absolute error                      0.4142
Root mean squared error                  0.6414
Relative absolute error                 84.8535 %
Root relative squared error            130.0669 %
Total Number of Instances               12     


=== Confusion Matrix ===

 a b   <-- classified as
 3 2 | a = Control
 3 4 | b = Infected


=== Error on test data ===

Correctly Classified Instances           2               33.3333 %
Incorrectly Classified Instances         4               66.6667 %
Kappa statistic                          0     
Mean absolute error                      0.6665
Root mean squared error                  0.8163
Relative absolute error                127.2357 %
Root relative squared error            154.5584 %
Total Number of Instances                6     


=== Confusion Matrix ===

 a b   <-- classified as
 0 4 | a = Control
 0 2 | b = Infected

Weighted area under ROC: 
NaN
True negative (control): 
0.0
True positive: 
0.0
