disease ---> Breast_Neoplasm
experiment ---> GDS1326,GDS2745
type ---> multi
closed the readers
about to evaluate model
Warning: discretizing data set
evaluated model
test instances:
7
total instances:
18

Bayes Network Classifier
Using ADTree
#attributes=31 #classindex=30
Network structure (nodes followed by parents)
SORBS2(1): class 
GPRC5B_binarized(2): class 
SPATA6_binarized(2): class 
ABI3BP_binarized(2): class 
BRWD1_binarized(2): class 
ARG1_binarized(2): class 
IBSP_binarized(2): class 
SCARA3_binarized(2): class 
SPTBN1_binarized(2): class 
HSPB8_binarized(2): class 
ACY1_binarized(2): class 
LCP2_binarized(2): class 
PBOV1_binarized(2): class 
KIAA0146_binarized(2): class 
FAH_binarized(2): class 
NPAS3_binarized(2): class 
API5_binarized(2): class 
GRM2_binarized(2): class 
GINS4_binarized(2): class 
SMC6_binarized(2): class 
KNG1_binarized(2): class 
SLC6A20_binarized(2): class 
RAD52_binarized(2): class 
HOXB13_binarized(2): class 
WNT5A_binarized(2): class 
MNT_binarized(2): class 
PELI1_binarized(2): class 
PGGT1B_binarized(2): class 
SEC14L2_binarized(2): class 
ST3GAL1_binarized(2): class 
class(2): 
LogScore Bayes: -214.69338427095065
LogScore BDeu: -264.51249706703
LogScore MDL: -276.4582458607191
LogScore ENTROPY: -205.72033531316725
LogScore AIC: -264.7203353131673


Time taken to build model: 0.04 seconds
Time taken to test model on training data: 0.02 seconds

=== Error on training data ===

Correctly Classified Instances           7               63.6364 %
Incorrectly Classified Instances         4               36.3636 %
Kappa statistic                          0.2903
Mean absolute error                      0.3609
Root mean squared error                  0.598 
Relative absolute error                 77.0297 %
Root relative squared error            124.1958 %
Total Number of Instances               11     


=== Confusion Matrix ===

 a b   <-- classified as
 4 3 | a = Control
 1 3 | b = Infected


=== Error on test data ===

Correctly Classified Instances           2               28.5714 %
Incorrectly Classified Instances         5               71.4286 %
Kappa statistic                          0     
Mean absolute error                      0.7143
Root mean squared error                  0.8451
Relative absolute error                129.9986 %
Root relative squared error            151.118  %
Total Number of Instances                7     


=== Confusion Matrix ===

 a b   <-- classified as
 2 0 | a = Control
 5 0 | b = Infected

Weighted area under ROC: 
NaN
True negative (control): 
0.0
True positive: 
0.0
