disease ---> Breast_Neoplasm
experiment ---> GDS1326,GDS3716
type ---> multi
closed the readers
about to evaluate model
Warning: discretizing data set
evaluated model
test instances:
8
total instances:
54

Bayes Network Classifier
Using ADTree
#attributes=31 #classindex=30
Network structure (nodes followed by parents)
FNDC3A(2): class 
GSDMD_binarized(2): class 
PAX4_binarized(2): class 
MUT_binarized(2): class 
ZFP36L1_binarized(2): class 
OR1F2P_binarized(2): class 
RNF13_binarized(2): class 
TMEM48_binarized(2): class 
C6ORF26_binarized(2): class 
PFKL_binarized(2): class 
TCN2_binarized(2): class 
GOLGA1_binarized(2): class 
ZNF335_binarized(2): class 
CEP68_binarized(2): class 
RNF103_binarized(2): class 
L3MBTL_binarized(2): class 
CTTN_binarized(2): class 
FARP1_binarized(2): class 
SFI1_binarized(2): class 
SF3A1_binarized(2): class 
STX6_binarized(2): class 
ST3GAL2_binarized(2): class 
TCIRG1_binarized(2): class 
MIA3_binarized(2): class 
SMARCA1_binarized(2): class 
VPS13D_binarized(2): class 
KIR3DX1_binarized(2): class 
BRD7P3_binarized(2): class 
FCGR2C_binarized(2): class 
TPSB2_binarized(2): class 
class(2): 
LogScore Bayes: -593.6104568897251
LogScore BDeu: -645.1474701270482
LogScore MDL: -682.0464323053575
LogScore ENTROPY: -565.2728697124408
LogScore AIC: -626.2728697124405


Time taken to build model: 0.22 seconds
Time taken to test model on training data: 0.02 seconds

=== Error on training data ===

Correctly Classified Instances          39               84.7826 %
Incorrectly Classified Instances         7               15.2174 %
Kappa statistic                          0.6933
Mean absolute error                      0.1705
Root mean squared error                  0.3644
Relative absolute error                 35.1109 %
Root relative squared error             74.0109 %
Total Number of Instances               46     


=== Confusion Matrix ===

  a  b   <-- classified as
 22  5 |  a = Control
  2 17 |  b = Infected


=== Error on test data ===

Correctly Classified Instances           5               62.5    %
Incorrectly Classified Instances         3               37.5    %
Kappa statistic                          0.25  
Mean absolute error                      0.3214
Root mean squared error                  0.5152
Relative absolute error                 61.717  %
Root relative squared error             97.7467 %
Total Number of Instances                8     


=== Confusion Matrix ===

 a b   <-- classified as
 2 1 | a = Control
 2 3 | b = Infected

Weighted area under ROC: 
NaN
True negative (control): 
0.0
True positive: 
0.0
