disease ---> Breast_Neoplasm
experiment ---> GDS1326,GDS3716
type ---> multi
closed the readers
about to evaluate model
evaluated model
test instances:
4
total instances:
54

=== Structure for class 'Control' ===
Bayes Network Classifier
not using ADTree
#attributes=21 #classindex=20
Network structure (nodes followed by parents)
FNDC3A_binarized(2): OR1F2P_binarized 
GSDMD_binarized(2): FNDC3A_binarized 
C2ORF34_binarized(2): FNDC3A_binarized 
MUT_binarized(2): PFKL_binarized 
BAZ1B_binarized(2): FNDC3A_binarized 
ZFP36L1_binarized(2): FNDC3A_binarized 
ABCB6_binarized(2): FNDC3A_binarized 
RUSC1_binarized(2): FNDC3A_binarized 
SLC7A8_binarized(2): FNDC3A_binarized 
SEMA3F_binarized(2): CEP68_binarized 
TMEM48_binarized(2): GOLGA1_binarized 
C6ORF26_binarized(2): TMEM48_binarized 
PFKL_binarized(2): OR1F2P_binarized 
GOLGA1_binarized(2): PFKL_binarized 
SIDT2_binarized(2): RABEP2_binarized 
OR1F2P_binarized(2): SEMA3F_binarized 
CEP68_binarized(2): 
ZNF335_binarized(2): CEP68_binarized 
APOE_binarized(2): FNDC3A_binarized 
RABEP2_binarized(2): SEMA3F_binarized 
class(2): 
LogScore Bayes: -198.95870569001752
LogScore BDeu: -231.59881407365555
LogScore MDL: -261.6251168268099
LogScore ENTROPY: -195.70837950672322
LogScore AIC: -235.70837950672325

=== Structure for class 'Infected' ===
Bayes Network Classifier
not using ADTree
#attributes=21 #classindex=20
Network structure (nodes followed by parents)
FNDC3A_binarized(2): GSDMD_binarized 
GSDMD_binarized(2): BAZ1B_binarized 
C2ORF34_binarized(2): RUSC1_binarized 
MUT_binarized(2): FNDC3A_binarized 
BAZ1B_binarized(2): SIDT2_binarized 
ZFP36L1_binarized(2): FNDC3A_binarized 
ABCB6_binarized(2): RUSC1_binarized 
RUSC1_binarized(2): BAZ1B_binarized 
SLC7A8_binarized(2): ABCB6_binarized 
SEMA3F_binarized(2): 
TMEM48_binarized(2): RABEP2_binarized 
C6ORF26_binarized(2): TMEM48_binarized 
PFKL_binarized(2): OR1F2P_binarized 
GOLGA1_binarized(2): PFKL_binarized 
SIDT2_binarized(2): RABEP2_binarized 
OR1F2P_binarized(2): RABEP2_binarized 
CEP68_binarized(2): OR1F2P_binarized 
ZNF335_binarized(2): CEP68_binarized 
APOE_binarized(2): SLC7A8_binarized 
RABEP2_binarized(2): SEMA3F_binarized 
class(2): 
LogScore Bayes: -172.07736873325743
LogScore BDeu: -204.7174771168955
LogScore MDL: -231.40269203279573
LogScore ENTROPY: -168.69280771421265
LogScore AIC: -208.69280771421262

=== Overall Scores ===
LogScore Bayes: -407.7200863270017
LogScore BDeu: -473.0003030942778
LogScore MDL: -530.1773026057382
LogScore ENTROPY: -399.5946694643544
LogScore AIC: -480.59466946435435


Time taken to build model: 0.08 seconds
Time taken to test model on training data: 0.06 seconds

=== Error on training data ===

Correctly Classified Instances          47               94      %
Incorrectly Classified Instances         3                6      %
Kappa statistic                          0.8796
Mean absolute error                      0.1254
Root mean squared error                  0.2425
Relative absolute error                 25.2436 %
Root relative squared error             48.6514 %
Total Number of Instances               50     


=== Confusion Matrix ===

  a  b   <-- classified as
 25  2 |  a = Control
  1 22 |  b = Infected


=== Error on test data ===

Correctly Classified Instances           1               25      %
Incorrectly Classified Instances         3               75      %
Kappa statistic                          0     
Mean absolute error                      0.7589
Root mean squared error                  0.8377
Relative absolute error                157.8529 %
Root relative squared error            173.826  %
Total Number of Instances                4     


=== Confusion Matrix ===

 a b   <-- classified as
 0 3 | a = Control
 0 1 | b = Infected

