disease ---> Breast_Neoplasm
experiment ---> GDS1326,GDS3716
type ---> multi
closed the readers
about to evaluate model
evaluated model
test instances:
8
total instances:
54

=== Structure for class 'Control' ===
Bayes Network Classifier
not using ADTree
#attributes=41 #classindex=40
Network structure (nodes followed by parents)
FNDC3A_binarized(2): OR1F2P_binarized 
GSDMD_binarized(2): FNDC3A_binarized 
PAX4_binarized(2): MUT_binarized 
MUT_binarized(2): IGL@_binarized 
ZFP36L1_binarized(2): CTTN_binarized 
OR1F2P_binarized(2): PFKL_binarized 
RNF13_binarized(2): MUT_binarized 
TMEM48_binarized(2): RNF13_binarized 
C6ORF26_binarized(2): TMEM48_binarized 
PFKL_binarized(2): MUT_binarized 
TCN2_binarized(2): GOLGA1_binarized 
GOLGA1_binarized(2): TMEM48_binarized 
ZNF335_binarized(2): 
CEP68_binarized(2): ZNF335_binarized 
RNF103_binarized(2): TMEM48_binarized 
L3MBTL_binarized(2): FNDC3A_binarized 
CTTN_binarized(2): ST3GAL2_binarized 
FARP1_binarized(2): RABEP2_binarized 
SFI1_binarized(2): FARP1_binarized 
SF3A1_binarized(2): FNDC3A_binarized 
STX6_binarized(2): FNDC3A_binarized 
ST3GAL2_binarized(2): ZNF335_binarized 
TCIRG1_binarized(2): FARP1_binarized 
MIA3_binarized(2): FNDC3A_binarized 
SMARCA1_binarized(2): FNDC3A_binarized 
VPS13D_binarized(2): FNDC3A_binarized 
KIR3DX1_binarized(2): FNDC3A_binarized 
BRD7P3_binarized(2): RNF13_binarized 
FCGR2C_binarized(2): FNDC3A_binarized 
TPSB2_binarized(2): FARP1_binarized 
NCDN_binarized(2): RABEP2_binarized 
CDC20_binarized(2): FNDC3A_binarized 
MCFD2_binarized(2): FNDC3A_binarized 
FRY_binarized(2): FARP1_binarized 
ICAM3_binarized(2): FNDC3A_binarized 
SIPA1L3_binarized(2): FNDC3A_binarized 
INTS3_binarized(2): FARP1_binarized 
CYHR1_binarized(2): FNDC3A_binarized 
IGL@_binarized(2): ST3GAL2_binarized 
RABEP2_binarized(2): PFKL_binarized 
class(2): 
LogScore Bayes: -346.77590658349675
LogScore BDeu: -413.77402379201715
LogScore MDL: -477.5072639384844
LogScore ENTROPY: -345.6737892983116
LogScore AIC: -425.6737892983115

=== Structure for class 'Infected' ===
Bayes Network Classifier
not using ADTree
#attributes=41 #classindex=40
Network structure (nodes followed by parents)
FNDC3A_binarized(2): GSDMD_binarized 
GSDMD_binarized(2): NCDN_binarized 
PAX4_binarized(2): FNDC3A_binarized 
MUT_binarized(2): FNDC3A_binarized 
ZFP36L1_binarized(2): FNDC3A_binarized 
OR1F2P_binarized(2): 
RNF13_binarized(2): FNDC3A_binarized 
TMEM48_binarized(2): CTTN_binarized 
C6ORF26_binarized(2): TMEM48_binarized 
PFKL_binarized(2): OR1F2P_binarized 
TCN2_binarized(2): TPSB2_binarized 
GOLGA1_binarized(2): PFKL_binarized 
ZNF335_binarized(2): OR1F2P_binarized 
CEP68_binarized(2): ZNF335_binarized 
RNF103_binarized(2): PFKL_binarized 
L3MBTL_binarized(2): ST3GAL2_binarized 
CTTN_binarized(2): RNF103_binarized 
FARP1_binarized(2): TCN2_binarized 
SFI1_binarized(2): FARP1_binarized 
SF3A1_binarized(2): FNDC3A_binarized 
STX6_binarized(2): ZNF335_binarized 
ST3GAL2_binarized(2): GOLGA1_binarized 
TCIRG1_binarized(2): FARP1_binarized 
MIA3_binarized(2): FNDC3A_binarized 
SMARCA1_binarized(2): FNDC3A_binarized 
VPS13D_binarized(2): STX6_binarized 
KIR3DX1_binarized(2): FNDC3A_binarized 
BRD7P3_binarized(2): FNDC3A_binarized 
FCGR2C_binarized(2): FNDC3A_binarized 
TPSB2_binarized(2): GOLGA1_binarized 
NCDN_binarized(2): ST3GAL2_binarized 
CDC20_binarized(2): FNDC3A_binarized 
MCFD2_binarized(2): FNDC3A_binarized 
FRY_binarized(2): SFI1_binarized 
ICAM3_binarized(2): FNDC3A_binarized 
SIPA1L3_binarized(2): FNDC3A_binarized 
INTS3_binarized(2): FNDC3A_binarized 
CYHR1_binarized(2): FNDC3A_binarized 
IGL@_binarized(2): PFKL_binarized 
RABEP2_binarized(2): ZNF335_binarized 
class(2): 
LogScore Bayes: -209.17338629504144
LogScore BDeu: -276.17150350356195
LogScore MDL: -342.4931405555755
LogScore ENTROPY: -224.71558138891822
LogScore AIC: -304.71558138891805

=== Overall Scores ===
LogScore Bayes: -589.2805204621664
LogScore BDeu: -723.2767548792071
LogScore MDL: -853.8084652655737
LogScore ENTROPY: -602.2831107604989
LogScore AIC: -763.2831107604986


Time taken to build model: 0.2 seconds
Time taken to test model on training data: 0.05 seconds

=== Error on training data ===

Correctly Classified Instances          44               95.6522 %
Incorrectly Classified Instances         2                4.3478 %
Kappa statistic                          0.9117
Mean absolute error                      0.0756
Root mean squared error                  0.1837
Relative absolute error                 15.5696 %
Root relative squared error             37.3099 %
Total Number of Instances               46     


=== Confusion Matrix ===

  a  b   <-- classified as
 25  2 |  a = Control
  0 19 |  b = Infected


=== Error on test data ===

Correctly Classified Instances           4               50      %
Incorrectly Classified Instances         4               50      %
Kappa statistic                          0.0588
Mean absolute error                      0.3939
Root mean squared error                  0.5541
Relative absolute error                 75.6352 %
Root relative squared error            105.1414 %
Total Number of Instances                8     


=== Confusion Matrix ===

 a b   <-- classified as
 2 1 | a = Control
 3 2 | b = Infected

