disease ---> Breast_Neoplasm
experiment ---> GDS1326,GDS3716
type ---> multi
closed the readers
about to evaluate model
evaluated model
test instances:
6
total instances:
54

=== Structure for class 'Control' ===
Bayes Network Classifier
not using ADTree
#attributes=81 #classindex=80
Network structure (nodes followed by parents)
FNDC3A_binarized(2): OR1F2P_binarized 
PAX4_binarized(2): MUT_binarized 
GSDMD_binarized(2): FNDC3A_binarized 
MUT_binarized(2): ENOSF1_binarized 
OR1F2P_binarized(2): PFKL_binarized 
ZFP36L1_binarized(2): CTTN_binarized 
RNF13_binarized(2): MUT_binarized 
C6ORF26_binarized(2): ENOSF1_binarized 
TMEM48_binarized(2): C6ORF26_binarized 
PFKL_binarized(2): MUT_binarized 
SEMA3F_binarized(2): RABEP2_binarized 
ZNF335_binarized(2): 
CEP68_binarized(2): ZNF335_binarized 
APOE_binarized(2): FNDC3A_binarized 
ENOSF1_binarized(2): ST3GAL2_binarized 
RABEP2_binarized(2): SEZ6L_binarized 
TCN2_binarized(2): ENOSF1_binarized 
RNF103_binarized(2): C6ORF26_binarized 
SFI1_binarized(2): SEMA3F_binarized 
BRD7P3_binarized(2): RNF13_binarized 
CTTN_binarized(2): ST3GAL2_binarized 
STX6_binarized(2): FNDC3A_binarized 
FCGR2C_binarized(2): FNDC3A_binarized 
ST3GAL2_binarized(2): ZNF335_binarized 
L3MBTL_binarized(2): FNDC3A_binarized 
MIA3_binarized(2): FNDC3A_binarized 
TPSB2_binarized(2): ISG20_binarized 
SF3A1_binarized(2): FNDC3A_binarized 
TCIRG1_binarized(2): SEMA3F_binarized 
FARP1_binarized(2): SEMA3F_binarized 
GOLGA1_binarized(2): ENOSF1_binarized 
NCDN_binarized(2): RABEP2_binarized 
CDC20_binarized(2): FNDC3A_binarized 
KIR3DX1_binarized(2): FNDC3A_binarized 
SMARCA1_binarized(2): FNDC3A_binarized 
VPS13D_binarized(2): FNDC3A_binarized 
INTS3_binarized(2): SEMA3F_binarized 
ICAM3_binarized(2): FNDC3A_binarized 
MCFD2_binarized(2): FNDC3A_binarized 
COMT_binarized(2): ENOSF1_binarized 
CYHR1_binarized(2): FNDC3A_binarized 
SIPA1L3_binarized(2): FNDC3A_binarized 
AGXT_binarized(2): SFI1_binarized 
GPR3_binarized(2): FNDC3A_binarized 
IGL@_binarized(2): MUT_binarized 
MAP3K12_binarized(2): SEMA3F_binarized 
FRY_binarized(2): SEMA3F_binarized 
WDR55_binarized(2): SEMA3F_binarized 
BCKDHA_binarized(2): SEMA3F_binarized 
SEZ6L_binarized(2): PFKL_binarized 
DNPEP_binarized(2): FNDC3A_binarized 
MUM1_binarized(2): PFKL_binarized 
SYDE1_binarized(2): FNDC3A_binarized 
HEY2_binarized(2): SEZ6L_binarized 
RUFY3_binarized(2): FNDC3A_binarized 
PHF3_binarized(2): GOLGA1_binarized 
IHH_binarized(2): FNDC3A_binarized 
CPNE7_binarized(2): FNDC3A_binarized 
TTF2_binarized(2): PAX4_binarized 
ARF3_binarized(2): FNDC3A_binarized 
PARD6B_binarized(2): MAP3K12_binarized 
RGS5_binarized(2): FNDC3A_binarized 
PERP_binarized(2): FNDC3A_binarized 
ISG20_binarized(2): SEMA3F_binarized 
ZNF267_binarized(2): SEMA3F_binarized 
LZTS1_binarized(2): PARD6B_binarized 
ANXA9_binarized(2): FNDC3A_binarized 
DOPEY1_binarized(2): SEMA3F_binarized 
KCNJ5_binarized(2): PHF3_binarized 
INO80B_binarized(2): FNDC3A_binarized 
APITD1_binarized(2): FNDC3A_binarized 
DCLRE1C_binarized(2): FNDC3A_binarized 
SDC3_binarized(2): SEMA3F_binarized 
UBE2D3_binarized(2): FNDC3A_binarized 
NSDHL_binarized(2): TTF2_binarized 
C17ORF86_binarized(2): FNDC3A_binarized 
OR51E2_binarized(2): FNDC3A_binarized 
TDRD3_binarized(2): FNDC3A_binarized 
MAPK13_binarized(2): FNDC3A_binarized 
DTYMK_binarized(2): FNDC3A_binarized 
class(2): 
LogScore Bayes: -575.0946180237622
LogScore BDeu: -710.8087528820463
LogScore MDL: -847.4712387115267
LogScore ENTROPY: -583.8042894311786
LogScore AIC: -743.8042894311785

=== Structure for class 'Infected' ===
Bayes Network Classifier
not using ADTree
#attributes=81 #classindex=80
Network structure (nodes followed by parents)
FNDC3A_binarized(2): GSDMD_binarized 
PAX4_binarized(2): FNDC3A_binarized 
GSDMD_binarized(2): NCDN_binarized 
MUT_binarized(2): FNDC3A_binarized 
OR1F2P_binarized(2): PFKL_binarized 
ZFP36L1_binarized(2): FNDC3A_binarized 
RNF13_binarized(2): FNDC3A_binarized 
C6ORF26_binarized(2): AGXT_binarized 
TMEM48_binarized(2): C6ORF26_binarized 
PFKL_binarized(2): ENOSF1_binarized 
SEMA3F_binarized(2): WDR55_binarized 
ZNF335_binarized(2): OR1F2P_binarized 
CEP68_binarized(2): ZNF335_binarized 
APOE_binarized(2): ST3GAL2_binarized 
ENOSF1_binarized(2): LZTS1_binarized 
RABEP2_binarized(2): ZNF267_binarized 
TCN2_binarized(2): ZNF267_binarized 
RNF103_binarized(2): ENOSF1_binarized 
SFI1_binarized(2): MAP3K12_binarized 
BRD7P3_binarized(2): FNDC3A_binarized 
CTTN_binarized(2): MAP3K12_binarized 
STX6_binarized(2): VPS13D_binarized 
FCGR2C_binarized(2): FNDC3A_binarized 
ST3GAL2_binarized(2): GOLGA1_binarized 
L3MBTL_binarized(2): APOE_binarized 
MIA3_binarized(2): FNDC3A_binarized 
TPSB2_binarized(2): TCN2_binarized 
SF3A1_binarized(2): FNDC3A_binarized 
TCIRG1_binarized(2): FARP1_binarized 
FARP1_binarized(2): SFI1_binarized 
GOLGA1_binarized(2): LZTS1_binarized 
NCDN_binarized(2): ST3GAL2_binarized 
CDC20_binarized(2): FNDC3A_binarized 
KIR3DX1_binarized(2): FNDC3A_binarized 
SMARCA1_binarized(2): FNDC3A_binarized 
VPS13D_binarized(2): ZNF335_binarized 
INTS3_binarized(2): SFI1_binarized 
ICAM3_binarized(2): FNDC3A_binarized 
MCFD2_binarized(2): FNDC3A_binarized 
COMT_binarized(2): MAP3K12_binarized 
CYHR1_binarized(2): FNDC3A_binarized 
SIPA1L3_binarized(2): FNDC3A_binarized 
AGXT_binarized(2): OR1F2P_binarized 
GPR3_binarized(2): FNDC3A_binarized 
IGL@_binarized(2): PFKL_binarized 
MAP3K12_binarized(2): SEZ6L_binarized 
FRY_binarized(2): SFI1_binarized 
WDR55_binarized(2): FARP1_binarized 
BCKDHA_binarized(2): FARP1_binarized 
SEZ6L_binarized(2): 
DNPEP_binarized(2): FNDC3A_binarized 
MUM1_binarized(2): IGL@_binarized 
SYDE1_binarized(2): FNDC3A_binarized 
HEY2_binarized(2): SEZ6L_binarized 
RUFY3_binarized(2): FNDC3A_binarized 
PHF3_binarized(2): FNDC3A_binarized 
IHH_binarized(2): FNDC3A_binarized 
CPNE7_binarized(2): FNDC3A_binarized 
TTF2_binarized(2): OR51E2_binarized 
ARF3_binarized(2): FNDC3A_binarized 
PARD6B_binarized(2): ZNF267_binarized 
RGS5_binarized(2): FNDC3A_binarized 
PERP_binarized(2): FNDC3A_binarized 
ISG20_binarized(2): SFI1_binarized 
ZNF267_binarized(2): SFI1_binarized 
LZTS1_binarized(2): PARD6B_binarized 
ANXA9_binarized(2): FNDC3A_binarized 
DOPEY1_binarized(2): FARP1_binarized 
KCNJ5_binarized(2): VPS13D_binarized 
INO80B_binarized(2): FNDC3A_binarized 
APITD1_binarized(2): FNDC3A_binarized 
DCLRE1C_binarized(2): FNDC3A_binarized 
SDC3_binarized(2): FARP1_binarized 
UBE2D3_binarized(2): FNDC3A_binarized 
NSDHL_binarized(2): FNDC3A_binarized 
C17ORF86_binarized(2): FNDC3A_binarized 
OR51E2_binarized(2): VPS13D_binarized 
TDRD3_binarized(2): FNDC3A_binarized 
MAPK13_binarized(2): FNDC3A_binarized 
DTYMK_binarized(2): FNDC3A_binarized 
class(2): 
LogScore Bayes: -410.84163812392256
LogScore BDeu: -546.5557729822074
LogScore MDL: -689.1734092443821
LogScore ENTROPY: -445.61161422650923
LogScore AIC: -605.6116142265082

=== Overall Scores ===
LogScore Bayes: -1020.9979929922167
LogScore BDeu: -1292.4262627087855
LogScore MDL: -1572.1761898349164
LogScore ENTROPY: -1063.0118450312414
LogScore AIC: -1384.0118450312402


Time taken to build model: 0.11 seconds
Time taken to test model on training data: 0.01 seconds

=== Error on training data ===

Correctly Classified Instances          45               93.75   %
Incorrectly Classified Instances         3                6.25   %
Kappa statistic                          0.875 
Mean absolute error                      0.0821
Root mean squared error                  0.1993
Relative absolute error                 16.6711 %
Root relative squared error             40.1738 %
Total Number of Instances               48     


=== Confusion Matrix ===

  a  b   <-- classified as
 24  3 |  a = Control
  0 21 |  b = Infected


=== Error on test data ===

Correctly Classified Instances           4               66.6667 %
Incorrectly Classified Instances         2               33.3333 %
Kappa statistic                          0.3333
Mean absolute error                      0.2617
Root mean squared error                  0.4221
Relative absolute error                 52.342  %
Root relative squared error             83.8228 %
Total Number of Instances                6     


=== Confusion Matrix ===

 a b   <-- classified as
 2 1 | a = Control
 1 2 | b = Infected

