disease ---> Breast_Neoplasm
experiment ---> GDS1326,GDS3716
type ---> multi
closed the readers
about to evaluate model
evaluated model
test instances:
10
total instances:
54

=== Structure for class 'Control' ===
Bayes Network Classifier
not using ADTree
#attributes=61 #classindex=60
Network structure (nodes followed by parents)
SEMA3F_binarized(2): FNDC3A_binarized 
FNDC3A_binarized(2): APOE_binarized 
PAX4_binarized(2): MUT_binarized 
GSDMD_binarized(2): SEMA3F_binarized 
GALNT1_binarized(2): SEMA3F_binarized 
OR1F2P_binarized(2): GOLGA1_binarized 
MUT_binarized(2): ENOSF1_binarized 
LARS2_binarized(2): SEMA3F_binarized 
TPSB2_binarized(2): SEMA3F_binarized 
ZFP36L1_binarized(2): KCNF1_binarized 
SGSM3_binarized(2): SEMA3F_binarized 
CFLAR_binarized(2): SEMA3F_binarized 
C2ORF34_binarized(2): SEMA3F_binarized 
OBSL1_binarized(2): SEMA3F_binarized 
RS1_binarized(2): SEMA3F_binarized 
MFNG_binarized(2): SEMA3F_binarized 
PXMP2_binarized(2): SEMA3F_binarized 
AA420614_binarized(2): SEMA3F_binarized 
HES2_binarized(2): SEMA3F_binarized 
FAHD2A_binarized(2): SEMA3F_binarized 
STK11_binarized(2): SEMA3F_binarized 
RABEP2_binarized(2): GOLGA1_binarized 
PFKL_binarized(2): MUT_binarized 
TMEM48_binarized(2): 
C6ORF26_binarized(2): TMEM48_binarized 
ZNF701_binarized(2): CTTN_binarized 
CEP68_binarized(2): ST3GAL2_binarized 
ZNF335_binarized(2): CEP68_binarized 
AGXT_binarized(2): RNF103_binarized 
APOE_binarized(2): TNFAIP3_binarized 
ENOSF1_binarized(2): GOLGA1_binarized 
RNF103_binarized(2): TNFAIP3_binarized 
ST3GAL2_binarized(2): IGL@_binarized 
TNFAIP3_binarized(2): ENOSF1_binarized 
KCNF1_binarized(2): ENOSF1_binarized 
SYDE1_binarized(2): SEMA3F_binarized 
STX6_binarized(2): SEMA3F_binarized 
SFI1_binarized(2): SEMA3F_binarized 
GOLGA1_binarized(2): TMEM48_binarized 
CDC20_binarized(2): SEMA3F_binarized 
VPS13D_binarized(2): SEMA3F_binarized 
SMARCA1_binarized(2): SEMA3F_binarized 
FCGR2C_binarized(2): SEMA3F_binarized 
CTTN_binarized(2): ST3GAL2_binarized 
NCDN_binarized(2): MUM1_binarized 
BRD7P3_binarized(2): ZFP36L1_binarized 
INTS3_binarized(2): SEMA3F_binarized 
ICAM3_binarized(2): SEMA3F_binarized 
MCFD2_binarized(2): SEMA3F_binarized 
COMT_binarized(2): KCNF1_binarized 
CYHR1_binarized(2): SEMA3F_binarized 
SIPA1L3_binarized(2): SEMA3F_binarized 
WDR55_binarized(2): SEMA3F_binarized 
GPR3_binarized(2): SEMA3F_binarized 
IGL@_binarized(2): MUT_binarized 
FRY_binarized(2): SEMA3F_binarized 
BCKDHA_binarized(2): SEMA3F_binarized 
MAP3K12_binarized(2): ZFP36L1_binarized 
MUM1_binarized(2): PFKL_binarized 
ARF3_binarized(2): SEMA3F_binarized 
class(2): 
LogScore Bayes: -370.97385233945647
LogScore BDeu: -472.32997837285853
LogScore MDL: -580.4751507878515
LogScore ENTROPY: -389.7919209669748
LogScore AIC: -509.79192096697494

=== Structure for class 'Infected' ===
Bayes Network Classifier
not using ADTree
#attributes=61 #classindex=60
Network structure (nodes followed by parents)
SEMA3F_binarized(2): GSDMD_binarized 
FNDC3A_binarized(2): SEMA3F_binarized 
PAX4_binarized(2): SEMA3F_binarized 
GSDMD_binarized(2): FAHD2A_binarized 
GALNT1_binarized(2): FAHD2A_binarized 
OR1F2P_binarized(2): PFKL_binarized 
MUT_binarized(2): SEMA3F_binarized 
LARS2_binarized(2): IGL@_binarized 
TPSB2_binarized(2): GOLGA1_binarized 
ZFP36L1_binarized(2): SEMA3F_binarized 
SGSM3_binarized(2): ZNF701_binarized 
CFLAR_binarized(2): FRY_binarized 
C2ORF34_binarized(2): PXMP2_binarized 
OBSL1_binarized(2): CFLAR_binarized 
RS1_binarized(2): SFI1_binarized 
MFNG_binarized(2): WDR55_binarized 
PXMP2_binarized(2): MAP3K12_binarized 
AA420614_binarized(2): CFLAR_binarized 
HES2_binarized(2): CFLAR_binarized 
FAHD2A_binarized(2): SGSM3_binarized 
STK11_binarized(2): GALNT1_binarized 
RABEP2_binarized(2): SEMA3F_binarized 
PFKL_binarized(2): ENOSF1_binarized 
TMEM48_binarized(2): AGXT_binarized 
C6ORF26_binarized(2): TMEM48_binarized 
ZNF701_binarized(2): 
CEP68_binarized(2): OR1F2P_binarized 
ZNF335_binarized(2): CEP68_binarized 
AGXT_binarized(2): OR1F2P_binarized 
APOE_binarized(2): ST3GAL2_binarized 
ENOSF1_binarized(2): TNFAIP3_binarized 
RNF103_binarized(2): ENOSF1_binarized 
ST3GAL2_binarized(2): NCDN_binarized 
TNFAIP3_binarized(2): CTTN_binarized 
KCNF1_binarized(2): TNFAIP3_binarized 
SYDE1_binarized(2): SEMA3F_binarized 
STX6_binarized(2): WDR55_binarized 
SFI1_binarized(2): FRY_binarized 
GOLGA1_binarized(2): ENOSF1_binarized 
CDC20_binarized(2): SEMA3F_binarized 
VPS13D_binarized(2): STX6_binarized 
SMARCA1_binarized(2): SEMA3F_binarized 
FCGR2C_binarized(2): SEMA3F_binarized 
CTTN_binarized(2): ZNF701_binarized 
NCDN_binarized(2): GSDMD_binarized 
BRD7P3_binarized(2): SFI1_binarized 
INTS3_binarized(2): SEMA3F_binarized 
ICAM3_binarized(2): SEMA3F_binarized 
MCFD2_binarized(2): SEMA3F_binarized 
COMT_binarized(2): MAP3K12_binarized 
CYHR1_binarized(2): SEMA3F_binarized 
SIPA1L3_binarized(2): SEMA3F_binarized 
WDR55_binarized(2): SGSM3_binarized 
GPR3_binarized(2): SEMA3F_binarized 
IGL@_binarized(2): PFKL_binarized 
FRY_binarized(2): SGSM3_binarized 
BCKDHA_binarized(2): SFI1_binarized 
MAP3K12_binarized(2): CFLAR_binarized 
MUM1_binarized(2): IGL@_binarized 
ARF3_binarized(2): SEMA3F_binarized 
class(2): 
LogScore Bayes: -386.2655374828514
LogScore BDeu: -487.62166351625353
LogScore MDL: -572.877837748338
LogScore ENTROPY: -393.13390133509847
LogScore AIC: -513.1339013350985

=== Overall Scores ===
LogScore Bayes: -789.6793953568141
LogScore BDeu: -992.3916474236182
LogScore MDL: -1186.258693846862
LogScore ENTROPY: -813.9394327957866
LogScore AIC: -1054.9394327957866


Time taken to build model: 0.18 seconds
Time taken to test model on training data: 0.01 seconds

=== Error on training data ===

Correctly Classified Instances          44              100      %
Incorrectly Classified Instances         0                0      %
Kappa statistic                          1     
Mean absolute error                      0.0444
Root mean squared error                  0.1174
Relative absolute error                  8.9442 %
Root relative squared error             23.58   %
Total Number of Instances               44     


=== Confusion Matrix ===

  a  b   <-- classified as
 24  0 |  a = Control
  0 20 |  b = Infected


=== Error on test data ===

Correctly Classified Instances           4               40      %
Incorrectly Classified Instances         6               60      %
Kappa statistic                          0     
Mean absolute error                      0.6   
Root mean squared error                  0.7746
Relative absolute error                122.1248 %
Root relative squared error            157.0719 %
Total Number of Instances               10     


=== Confusion Matrix ===

 a b   <-- classified as
 0 6 | a = Control
 0 4 | b = Infected

