disease ---> Breast_Neoplasm
experiment ---> GDS1326,GDS3716
type ---> multi
closed the readers
about to evaluate model
evaluated model
test instances:
1
total instances:
54

=== Structure for class 'Control' ===
Bayes Network Classifier
not using ADTree
#attributes=31 #classindex=30
Network structure (nodes followed by parents)
GSDMD_binarized(2): FNDC3A_binarized 
FNDC3A_binarized(2): APOE_binarized 
C2ORF34_binarized(2): GSDMD_binarized 
SLC7A8_binarized(2): GSDMD_binarized 
BAZ1B_binarized(2): GSDMD_binarized 
MUT_binarized(2): ENOSF1_binarized 
ZFP36L1_binarized(2): ST3GAL2_binarized 
PAX4_binarized(2): MUT_binarized 
OR1F2P_binarized(2): PAX4_binarized 
TMEM48_binarized(2): ENOSF1_binarized 
C6ORF26_binarized(2): TMEM48_binarized 
SIDT2_binarized(2): GOLGA1_binarized 
PFKL_binarized(2): MUT_binarized 
RNF103_binarized(2): TMEM48_binarized 
CEP68_binarized(2): 
ZNF335_binarized(2): CEP68_binarized 
APOE_binarized(2): TMEM48_binarized 
GOLGA1_binarized(2): ENOSF1_binarized 
ENOSF1_binarized(2): ST3GAL2_binarized 
STX6_binarized(2): GSDMD_binarized 
L3MBTL_binarized(2): GSDMD_binarized 
TCIRG1_binarized(2): CEP68_binarized 
CTTN_binarized(2): ST3GAL2_binarized 
FARP1_binarized(2): TCIRG1_binarized 
SYDE1_binarized(2): GSDMD_binarized 
ST3GAL2_binarized(2): CEP68_binarized 
SFI1_binarized(2): TCIRG1_binarized 
KIR3DX1_binarized(2): GSDMD_binarized 
MIA3_binarized(2): GSDMD_binarized 
SMARCA1_binarized(2): GSDMD_binarized 
class(2): 
LogScore Bayes: -291.0948308799017
LogScore BDeu: -340.91394367598093
LogScore MDL: -390.77968090778637
LogScore ENTROPY: -288.74375945792184
LogScore AIC: -348.7437594579219

=== Structure for class 'Infected' ===
Bayes Network Classifier
not using ADTree
#attributes=31 #classindex=30
Network structure (nodes followed by parents)
GSDMD_binarized(2): BAZ1B_binarized 
FNDC3A_binarized(2): GSDMD_binarized 
C2ORF34_binarized(2): BAZ1B_binarized 
SLC7A8_binarized(2): PAX4_binarized 
BAZ1B_binarized(2): PAX4_binarized 
MUT_binarized(2): GSDMD_binarized 
ZFP36L1_binarized(2): GSDMD_binarized 
PAX4_binarized(2): TCIRG1_binarized 
OR1F2P_binarized(2): PFKL_binarized 
TMEM48_binarized(2): CTTN_binarized 
C6ORF26_binarized(2): TMEM48_binarized 
SIDT2_binarized(2): BAZ1B_binarized 
PFKL_binarized(2): ENOSF1_binarized 
RNF103_binarized(2): SLC7A8_binarized 
CEP68_binarized(2): OR1F2P_binarized 
ZNF335_binarized(2): CEP68_binarized 
APOE_binarized(2): ST3GAL2_binarized 
GOLGA1_binarized(2): ENOSF1_binarized 
ENOSF1_binarized(2): RNF103_binarized 
STX6_binarized(2): CEP68_binarized 
L3MBTL_binarized(2): APOE_binarized 
TCIRG1_binarized(2): CTTN_binarized 
CTTN_binarized(2): 
FARP1_binarized(2): TCIRG1_binarized 
SYDE1_binarized(2): GSDMD_binarized 
ST3GAL2_binarized(2): GOLGA1_binarized 
SFI1_binarized(2): FARP1_binarized 
KIR3DX1_binarized(2): GSDMD_binarized 
MIA3_binarized(2): GSDMD_binarized 
SMARCA1_binarized(2): GSDMD_binarized 
class(2): 
LogScore Bayes: -225.7793801602652
LogScore BDeu: -275.59849295634433
LogScore MDL: -320.91642640561923
LogScore ENTROPY: -226.85159992774442
LogScore AIC: -286.85159992774453

=== Overall Scores ===
LogScore Bayes: -555.3631038534586
LogScore BDeu: -655.0013294456171
LogScore MDL: -750.6562180374171
LogScore ENTROPY: -552.5703241529018
LogScore AIC: -673.570324152902


Time taken to build model: 0.09 seconds
Time taken to test model on training data: 0.01 seconds

=== Error on training data ===

Correctly Classified Instances          48               90.566  %
Incorrectly Classified Instances         5                9.434  %
Kappa statistic                          0.8108
Mean absolute error                      0.1203
Root mean squared error                  0.2449
Relative absolute error                 24.4742 %
Root relative squared error             49.4121 %
Total Number of Instances               53     


=== Confusion Matrix ===

  a  b   <-- classified as
 26  4 |  a = Control
  1 22 |  b = Infected


=== Error on test data ===

Correctly Classified Instances           1              100      %
Incorrectly Classified Instances         0                0      %
Kappa statistic                          1     
Mean absolute error                      0.0023
Root mean squared error                  0.0023
Relative absolute error                  0.4043 %
Root relative squared error              0.4043 %
Total Number of Instances                1     


=== Confusion Matrix ===

 a b   <-- classified as
 0 0 | a = Control
 0 1 | b = Infected

