disease ---> Breast_Neoplasm
experiment ---> GDS1326,GDS3716
type ---> multi
closed the readers
about to evaluate model
evaluated model
test instances:
1
total instances:
54

=== Structure for class 'Control' ===
Bayes Network Classifier
not using ADTree
#attributes=91 #classindex=90
Network structure (nodes followed by parents)
GSDMD_binarized(2): FNDC3A_binarized 
FNDC3A_binarized(2): APOE_binarized 
C2ORF34_binarized(2): GSDMD_binarized 
SLC7A8_binarized(2): GSDMD_binarized 
BAZ1B_binarized(2): GSDMD_binarized 
MUT_binarized(2): ENOSF1_binarized 
ZFP36L1_binarized(2): ST3GAL2_binarized 
PAX4_binarized(2): MUT_binarized 
OR1F2P_binarized(2): TNFAIP3_binarized 
TMEM48_binarized(2): ENOSF1_binarized 
C6ORF26_binarized(2): TMEM48_binarized 
SIDT2_binarized(2): RABEP2_binarized 
PFKL_binarized(2): MUT_binarized 
RNF103_binarized(2): TMEM48_binarized 
CEP68_binarized(2): 
ZNF335_binarized(2): CEP68_binarized 
APOE_binarized(2): TNFAIP3_binarized 
GOLGA1_binarized(2): ENOSF1_binarized 
ENOSF1_binarized(2): TNFAIP3_binarized 
STX6_binarized(2): GSDMD_binarized 
L3MBTL_binarized(2): GSDMD_binarized 
TCIRG1_binarized(2): RABEP2_binarized 
CTTN_binarized(2): PARD6B_binarized 
FARP1_binarized(2): TCIRG1_binarized 
SYDE1_binarized(2): GSDMD_binarized 
ST3GAL2_binarized(2): CEP68_binarized 
SFI1_binarized(2): TCIRG1_binarized 
KIR3DX1_binarized(2): GSDMD_binarized 
MIA3_binarized(2): GSDMD_binarized 
SMARCA1_binarized(2): GSDMD_binarized 
VPS13D_binarized(2): GSDMD_binarized 
FCGR2C_binarized(2): GSDMD_binarized 
TPSB2_binarized(2): TCIRG1_binarized 
CDC20_binarized(2): GSDMD_binarized 
BRD7P3_binarized(2): ZFP36L1_binarized 
NCDN_binarized(2): RABEP2_binarized 
MCFD2_binarized(2): GSDMD_binarized 
FRY_binarized(2): TCIRG1_binarized 
ICAM3_binarized(2): GSDMD_binarized 
SIPA1L3_binarized(2): GSDMD_binarized 
INTS3_binarized(2): TCIRG1_binarized 
CYHR1_binarized(2): GSDMD_binarized 
IGL@_binarized(2): MUT_binarized 
RABEP2_binarized(2): SEZ6L_binarized 
GPR3_binarized(2): GSDMD_binarized 
BCKDHA_binarized(2): TCIRG1_binarized 
MAP3K12_binarized(2): FARP1_binarized 
AGXT_binarized(2): TCIRG1_binarized 
WDR55_binarized(2): TCIRG1_binarized 
MUM1_binarized(2): PFKL_binarized 
ARF3_binarized(2): GSDMD_binarized 
DNPEP_binarized(2): GSDMD_binarized 
RUFY3_binarized(2): GSDMD_binarized 
SEZ6L_binarized(2): PFKL_binarized 
HEY2_binarized(2): SEZ6L_binarized 
CPNE7_binarized(2): GSDMD_binarized 
COMT_binarized(2): ENOSF1_binarized 
IHH_binarized(2): GSDMD_binarized 
RGS5_binarized(2): GSDMD_binarized 
TTF2_binarized(2): PAX4_binarized 
PHF3_binarized(2): APOE_binarized 
PARD6B_binarized(2): MAP3K12_binarized 
ZNF267_binarized(2): TCIRG1_binarized 
SDC3_binarized(2): TCIRG1_binarized 
ISG20_binarized(2): TPSB2_binarized 
DOPEY1_binarized(2): TCIRG1_binarized 
PERP_binarized(2): GSDMD_binarized 
ANXA9_binarized(2): GSDMD_binarized 
APITD1_binarized(2): GSDMD_binarized 
PAR5_binarized(2): GSDMD_binarized 
INO80B_binarized(2): GSDMD_binarized 
NSDHL_binarized(2): TTF2_binarized 
DCLRE1C_binarized(2): GSDMD_binarized 
KCNJ5_binarized(2): PHF3_binarized 
UBE2D3_binarized(2): GSDMD_binarized 
TDRD3_binarized(2): AGXT_binarized 
DYRK1A_binarized(2): GSDMD_binarized 
OR51E2_binarized(2): GSDMD_binarized 
SLCO2B1_binarized(2): TCIRG1_binarized 
C17ORF86_binarized(2): GSDMD_binarized 
DTYMK_binarized(2): GSDMD_binarized 
DIAPH1_binarized(2): MUM1_binarized 
LZTS1_binarized(2): PARD6B_binarized 
RCHY1_binarized(2): FARP1_binarized 
COX15_binarized(2): GSDMD_binarized 
TNFAIP3_binarized(2): ST3GAL2_binarized 
LMAN2_binarized(2): GSDMD_binarized 
GPC1_binarized(2): GSDMD_binarized 
PHLDB1_binarized(2): GSDMD_binarized 
KAT2A_binarized(2): ZNF267_binarized 
class(2): 
LogScore Bayes: -604.4838257044195
LogScore BDeu: -757.3769649751468
LogScore MDL: -935.536766823586
LogScore ENTROPY: -629.4290024739905
LogScore AIC: -809.4290024739905

=== Structure for class 'Infected' ===
Bayes Network Classifier
not using ADTree
#attributes=91 #classindex=90
Network structure (nodes followed by parents)
GSDMD_binarized(2): ISG20_binarized 
FNDC3A_binarized(2): GSDMD_binarized 
C2ORF34_binarized(2): PARD6B_binarized 
SLC7A8_binarized(2): ZNF267_binarized 
BAZ1B_binarized(2): GSDMD_binarized 
MUT_binarized(2): GSDMD_binarized 
ZFP36L1_binarized(2): GSDMD_binarized 
PAX4_binarized(2): SLC7A8_binarized 
OR1F2P_binarized(2): PFKL_binarized 
TMEM48_binarized(2): AGXT_binarized 
C6ORF26_binarized(2): TMEM48_binarized 
SIDT2_binarized(2): RABEP2_binarized 
PFKL_binarized(2): ENOSF1_binarized 
RNF103_binarized(2): SLC7A8_binarized 
CEP68_binarized(2): OR1F2P_binarized 
ZNF335_binarized(2): CEP68_binarized 
APOE_binarized(2): ST3GAL2_binarized 
GOLGA1_binarized(2): LZTS1_binarized 
ENOSF1_binarized(2): LZTS1_binarized 
STX6_binarized(2): VPS13D_binarized 
L3MBTL_binarized(2): APOE_binarized 
TCIRG1_binarized(2): RCHY1_binarized 
CTTN_binarized(2): MAP3K12_binarized 
FARP1_binarized(2): TCIRG1_binarized 
SYDE1_binarized(2): GSDMD_binarized 
ST3GAL2_binarized(2): NCDN_binarized 
SFI1_binarized(2): FARP1_binarized 
KIR3DX1_binarized(2): GSDMD_binarized 
MIA3_binarized(2): GSDMD_binarized 
SMARCA1_binarized(2): GSDMD_binarized 
VPS13D_binarized(2): CEP68_binarized 
FCGR2C_binarized(2): GSDMD_binarized 
TPSB2_binarized(2): GOLGA1_binarized 
CDC20_binarized(2): GSDMD_binarized 
BRD7P3_binarized(2): BAZ1B_binarized 
NCDN_binarized(2): GSDMD_binarized 
MCFD2_binarized(2): GSDMD_binarized 
FRY_binarized(2): TCIRG1_binarized 
ICAM3_binarized(2): GSDMD_binarized 
SIPA1L3_binarized(2): GSDMD_binarized 
INTS3_binarized(2): SLC7A8_binarized 
CYHR1_binarized(2): GSDMD_binarized 
IGL@_binarized(2): MUM1_binarized 
RABEP2_binarized(2): KAT2A_binarized 
GPR3_binarized(2): GSDMD_binarized 
BCKDHA_binarized(2): FARP1_binarized 
MAP3K12_binarized(2): SEZ6L_binarized 
AGXT_binarized(2): OR1F2P_binarized 
WDR55_binarized(2): SLCO2B1_binarized 
MUM1_binarized(2): PFKL_binarized 
ARF3_binarized(2): GSDMD_binarized 
DNPEP_binarized(2): GSDMD_binarized 
RUFY3_binarized(2): GSDMD_binarized 
SEZ6L_binarized(2): 
HEY2_binarized(2): SEZ6L_binarized 
CPNE7_binarized(2): GSDMD_binarized 
COMT_binarized(2): MAP3K12_binarized 
IHH_binarized(2): GSDMD_binarized 
RGS5_binarized(2): GSDMD_binarized 
TTF2_binarized(2): OR51E2_binarized 
PHF3_binarized(2): GSDMD_binarized 
PARD6B_binarized(2): ZNF267_binarized 
ZNF267_binarized(2): TCIRG1_binarized 
SDC3_binarized(2): FARP1_binarized 
ISG20_binarized(2): TCIRG1_binarized 
DOPEY1_binarized(2): FARP1_binarized 
PERP_binarized(2): GSDMD_binarized 
ANXA9_binarized(2): GSDMD_binarized 
APITD1_binarized(2): GSDMD_binarized 
PAR5_binarized(2): GSDMD_binarized 
INO80B_binarized(2): GSDMD_binarized 
NSDHL_binarized(2): GSDMD_binarized 
DCLRE1C_binarized(2): GSDMD_binarized 
KCNJ5_binarized(2): VPS13D_binarized 
UBE2D3_binarized(2): GSDMD_binarized 
TDRD3_binarized(2): GSDMD_binarized 
DYRK1A_binarized(2): GSDMD_binarized 
OR51E2_binarized(2): VPS13D_binarized 
SLCO2B1_binarized(2): TCIRG1_binarized 
C17ORF86_binarized(2): GSDMD_binarized 
DTYMK_binarized(2): BRD7P3_binarized 
DIAPH1_binarized(2): MUM1_binarized 
LZTS1_binarized(2): PARD6B_binarized 
RCHY1_binarized(2): MAP3K12_binarized 
COX15_binarized(2): GSDMD_binarized 
TNFAIP3_binarized(2): ENOSF1_binarized 
LMAN2_binarized(2): VPS13D_binarized 
GPC1_binarized(2): GSDMD_binarized 
PHLDB1_binarized(2): GSDMD_binarized 
KAT2A_binarized(2): ZNF267_binarized 
class(2): 
LogScore Bayes: -535.982618985167
LogScore BDeu: -688.8757582558934
LogScore MDL: -839.2684387825472
LogScore ENTROPY: -557.0739593489217
LogScore AIC: -737.0739593489228

=== Overall Scores ===
LogScore Bayes: -1178.9553375028781
LogScore BDeu: -1484.741616044332
LogScore MDL: -1813.7653163301447
LogScore ENTROPY: -1223.4779265901477
LogScore AIC: -1584.4779265901489


Time taken to build model: 0.15 seconds
Time taken to test model on training data: 0.02 seconds

=== Error on training data ===

Correctly Classified Instances          50               94.3396 %
Incorrectly Classified Instances         3                5.6604 %
Kappa statistic                          0.8842
Mean absolute error                      0.0747
Root mean squared error                  0.2082
Relative absolute error                 15.1903 %
Root relative squared error             42.0101 %
Total Number of Instances               53     


=== Confusion Matrix ===

  a  b   <-- classified as
 29  1 |  a = Control
  2 21 |  b = Infected


=== Error on test data ===

Correctly Classified Instances           1              100      %
Incorrectly Classified Instances         0                0      %
Kappa statistic                          1     
Mean absolute error                      0.0001
Root mean squared error                  0.0001
Relative absolute error                  0.0108 %
Root relative squared error              0.0108 %
Total Number of Instances                1     


=== Confusion Matrix ===

 a b   <-- classified as
 0 0 | a = Control
 0 1 | b = Infected

