disease ---> Breast_Neoplasm
experiment ---> GDS1326,GDS3716
type ---> multi
closed the readers
about to evaluate model
evaluated model
test instances:
4
total instances:
54

=== Structure for class 'Control' ===
Bayes Network Classifier
not using ADTree
#attributes=51 #classindex=50
Network structure (nodes followed by parents)
FNDC3A_binarized(2): APOE_binarized 
GSDMD_binarized(2): FNDC3A_binarized 
C2ORF34_binarized(2): FNDC3A_binarized 
MUT_binarized(2): ENOSF1_binarized 
BAZ1B_binarized(2): FNDC3A_binarized 
ZFP36L1_binarized(2): KCNF1_binarized 
ABCB6_binarized(2): FNDC3A_binarized 
RUSC1_binarized(2): FNDC3A_binarized 
SLC7A8_binarized(2): FNDC3A_binarized 
SEMA3F_binarized(2): OR1F2P_binarized 
TMEM48_binarized(2): ENOSF1_binarized 
C6ORF26_binarized(2): TMEM48_binarized 
PFKL_binarized(2): MUT_binarized 
GOLGA1_binarized(2): ENOSF1_binarized 
SIDT2_binarized(2): RABEP2_binarized 
OR1F2P_binarized(2): TNFAIP3_binarized 
CEP68_binarized(2): 
ZNF335_binarized(2): CEP68_binarized 
APOE_binarized(2): TNFAIP3_binarized 
RABEP2_binarized(2): SEMA3F_binarized 
ESRP2_binarized(2): SIDT2_binarized 
ENOSF1_binarized(2): ST3GAL2_binarized 
PAX4_binarized(2): MUT_binarized 
ST3GAL2_binarized(2): CEP68_binarized 
ZNF701_binarized(2): SEMA3F_binarized 
KCNF1_binarized(2): ENOSF1_binarized 
TNFAIP3_binarized(2): ENOSF1_binarized 
NCDN_binarized(2): RABEP2_binarized 
BRD7P3_binarized(2): ZFP36L1_binarized 
STX6_binarized(2): FNDC3A_binarized 
SFI1_binarized(2): SEMA3F_binarized 
FCGR2C_binarized(2): FNDC3A_binarized 
CTTN_binarized(2): ST3GAL2_binarized 
MCFD2_binarized(2): FNDC3A_binarized 
KIR3DX1_binarized(2): FNDC3A_binarized 
VPS13D_binarized(2): FNDC3A_binarized 
TPSB2_binarized(2): SEMA3F_binarized 
AGXT_binarized(2): SEMA3F_binarized 
MIA3_binarized(2): FNDC3A_binarized 
CDC20_binarized(2): FNDC3A_binarized 
MAP3K12_binarized(2): SEMA3F_binarized 
SMARCA1_binarized(2): FNDC3A_binarized 
ICAM3_binarized(2): FNDC3A_binarized 
FRY_binarized(2): SEMA3F_binarized 
PHF3_binarized(2): GOLGA1_binarized 
CPNE7_binarized(2): FNDC3A_binarized 
RGS5_binarized(2): FNDC3A_binarized 
PARD6B_binarized(2): MAP3K12_binarized 
IGL@_binarized(2): MUT_binarized 
GPR3_binarized(2): FNDC3A_binarized 
class(2): 
LogScore Bayes: -411.3506662393526
LogScore BDeu: -495.5277878603142
LogScore MDL: -573.5408587741796
LogScore ENTROPY: -408.74901547396325
LogScore AIC: -508.7490154739631

=== Structure for class 'Infected' ===
Bayes Network Classifier
not using ADTree
#attributes=51 #classindex=50
Network structure (nodes followed by parents)
FNDC3A_binarized(2): GSDMD_binarized 
GSDMD_binarized(2): BAZ1B_binarized 
C2ORF34_binarized(2): PARD6B_binarized 
MUT_binarized(2): FNDC3A_binarized 
BAZ1B_binarized(2): RUSC1_binarized 
ZFP36L1_binarized(2): FNDC3A_binarized 
ABCB6_binarized(2): SFI1_binarized 
RUSC1_binarized(2): C2ORF34_binarized 
SLC7A8_binarized(2): ABCB6_binarized 
SEMA3F_binarized(2): RABEP2_binarized 
TMEM48_binarized(2): AGXT_binarized 
C6ORF26_binarized(2): TMEM48_binarized 
PFKL_binarized(2): ENOSF1_binarized 
GOLGA1_binarized(2): ST3GAL2_binarized 
SIDT2_binarized(2): BAZ1B_binarized 
OR1F2P_binarized(2): RABEP2_binarized 
CEP68_binarized(2): OR1F2P_binarized 
ZNF335_binarized(2): CEP68_binarized 
APOE_binarized(2): ST3GAL2_binarized 
RABEP2_binarized(2): SIDT2_binarized 
ESRP2_binarized(2): ENOSF1_binarized 
ENOSF1_binarized(2): GOLGA1_binarized 
PAX4_binarized(2): ABCB6_binarized 
ST3GAL2_binarized(2): NCDN_binarized 
ZNF701_binarized(2): 
KCNF1_binarized(2): GOLGA1_binarized 
TNFAIP3_binarized(2): GOLGA1_binarized 
NCDN_binarized(2): GSDMD_binarized 
BRD7P3_binarized(2): RUSC1_binarized 
STX6_binarized(2): VPS13D_binarized 
SFI1_binarized(2): RUSC1_binarized 
FCGR2C_binarized(2): FNDC3A_binarized 
CTTN_binarized(2): ZNF701_binarized 
MCFD2_binarized(2): FNDC3A_binarized 
KIR3DX1_binarized(2): FNDC3A_binarized 
VPS13D_binarized(2): CEP68_binarized 
TPSB2_binarized(2): GOLGA1_binarized 
AGXT_binarized(2): OR1F2P_binarized 
MIA3_binarized(2): FNDC3A_binarized 
CDC20_binarized(2): FNDC3A_binarized 
MAP3K12_binarized(2): SFI1_binarized 
SMARCA1_binarized(2): FNDC3A_binarized 
ICAM3_binarized(2): FNDC3A_binarized 
FRY_binarized(2): SFI1_binarized 
PHF3_binarized(2): FNDC3A_binarized 
CPNE7_binarized(2): FNDC3A_binarized 
RGS5_binarized(2): FNDC3A_binarized 
PARD6B_binarized(2): ZNF701_binarized 
IGL@_binarized(2): PFKL_binarized 
GPR3_binarized(2): FNDC3A_binarized 
class(2): 
LogScore Bayes: -356.6825004412474
LogScore BDeu: -440.859622062209
LogScore MDL: -516.7588261903087
LogScore ENTROPY: -359.98411539385114
LogScore AIC: -459.984115393851

=== Overall Scores ===
LogScore Bayes: -804.7171785843268
LogScore BDeu: -973.0714218262499
LogScore MDL: -1127.4491787106208
LogScore ENTROPY: -803.9266131112329
LogScore AIC: -1004.9266131112327


Time taken to build model: 0.11 seconds
Time taken to test model on training data: 0.08 seconds

=== Error on training data ===

Correctly Classified Instances          48               96      %
Incorrectly Classified Instances         2                4      %
Kappa statistic                          0.9195
Mean absolute error                      0.0456
Root mean squared error                  0.1712
Relative absolute error                  9.1696 %
Root relative squared error             34.3412 %
Total Number of Instances               50     


=== Confusion Matrix ===

  a  b   <-- classified as
 26  1 |  a = Control
  1 22 |  b = Infected


=== Error on test data ===

Correctly Classified Instances           1               25      %
Incorrectly Classified Instances         3               75      %
Kappa statistic                         -0.5   
Mean absolute error                      0.6553
Root mean squared error                  0.7344
Relative absolute error                136.2958 %
Root relative squared error            152.3949 %
Total Number of Instances                4     


=== Confusion Matrix ===

 a b   <-- classified as
 1 2 | a = Control
 1 0 | b = Infected

