disease ---> Breast_Neoplasm
experiment ---> GDS1326,GDS3716
type ---> multi
closed the readers
about to evaluate model
Warning: discretizing data set
evaluated model
test instances:
6
total instances:
54

Bayes Network Classifier
Using ADTree
#attributes=31 #classindex=30
Network structure (nodes followed by parents)
FNDC3A(2): class 
PAX4_binarized(2): class 
GSDMD_binarized(2): class 
MUT_binarized(2): class 
OR1F2P_binarized(2): class 
ZFP36L1_binarized(2): class 
RNF13_binarized(2): class 
C6ORF26_binarized(2): class 
TMEM48_binarized(2): class 
PFKL_binarized(2): class 
SEMA3F_binarized(2): class 
ZNF335_binarized(2): class 
CEP68_binarized(2): class 
APOE_binarized(2): class 
ENOSF1_binarized(2): class 
RABEP2_binarized(2): class 
TCN2_binarized(2): class 
RNF103_binarized(2): class 
SFI1_binarized(2): class 
BRD7P3_binarized(2): class 
CTTN_binarized(2): class 
STX6_binarized(2): class 
FCGR2C_binarized(2): class 
ST3GAL2_binarized(2): class 
L3MBTL_binarized(2): class 
MIA3_binarized(2): class 
TPSB2_binarized(2): class 
SF3A1_binarized(2): class 
TCIRG1_binarized(2): class 
FARP1_binarized(2): class 
class(2): 
LogScore Bayes: -692.3730425553466
LogScore BDeu: -743.9100557926703
LogScore MDL: -773.7438084054202
LogScore ENTROPY: -655.67217757273
LogScore AIC: -716.6721775727298


Time taken to build model: 0.21 seconds
Time taken to test model on training data: 0.04 seconds

=== Error on training data ===

Correctly Classified Instances          40               83.3333 %
Incorrectly Classified Instances         8               16.6667 %
Kappa statistic                          0.6684
Mean absolute error                      0.1778
Root mean squared error                  0.397 
Relative absolute error                 36.1113 %
Root relative squared error             80.0289 %
Total Number of Instances               48     


=== Confusion Matrix ===

  a  b   <-- classified as
 21  6 |  a = Control
  2 19 |  b = Infected


=== Error on test data ===

Correctly Classified Instances           2               33.3333 %
Incorrectly Classified Instances         4               66.6667 %
Kappa statistic                         -0.3333
Mean absolute error                      0.6068
Root mean squared error                  0.7457
Relative absolute error                121.357  %
Root relative squared error            148.0818 %
Total Number of Instances                6     


=== Confusion Matrix ===

 a b   <-- classified as
 0 3 | a = Control
 1 2 | b = Infected

Weighted area under ROC: 
NaN
True negative (control): 
0.0
True positive: 
0.0
