disease ---> Breast_Neoplasm
experiment ---> GDS1326,GDS3716
type ---> multi
closed the readers
about to evaluate model
evaluated model
test instances:
10
total instances:
54

=== Structure for class 'Control' ===
Bayes Network Classifier
not using ADTree
#attributes=11 #classindex=10
Network structure (nodes followed by parents)
SEMA3F_binarized(2): FNDC3A_binarized 
FNDC3A_binarized(2): OR1F2P_binarized 
PAX4_binarized(2): 
GSDMD_binarized(2): SEMA3F_binarized 
GALNT1_binarized(2): SEMA3F_binarized 
OR1F2P_binarized(2): PAX4_binarized 
MUT_binarized(2): PAX4_binarized 
LARS2_binarized(2): SEMA3F_binarized 
TPSB2_binarized(2): SEMA3F_binarized 
ZFP36L1_binarized(2): FNDC3A_binarized 
class(2): 
LogScore Bayes: -83.36950403301475
LogScore BDeu: -98.83060800421173
LogScore MDL: -116.38147568175636
LogScore ENTROPY: -84.60093737827687
LogScore AIC: -104.60093737827687

=== Structure for class 'Infected' ===
Bayes Network Classifier
not using ADTree
#attributes=11 #classindex=10
Network structure (nodes followed by parents)
SEMA3F_binarized(2): 
FNDC3A_binarized(2): SEMA3F_binarized 
PAX4_binarized(2): SEMA3F_binarized 
GSDMD_binarized(2): SEMA3F_binarized 
GALNT1_binarized(2): GSDMD_binarized 
OR1F2P_binarized(2): FNDC3A_binarized 
MUT_binarized(2): SEMA3F_binarized 
LARS2_binarized(2): GSDMD_binarized 
TPSB2_binarized(2): FNDC3A_binarized 
ZFP36L1_binarized(2): SEMA3F_binarized 
class(2): 
LogScore Bayes: -91.1245555992898
LogScore BDeu: -106.5856595704868
LogScore MDL: -120.13126343296332
LogScore ENTROPY: -90.17394069742339
LogScore AIC: -110.17394069742339

=== Overall Scores ===
LogScore Bayes: -206.93406516681077
LogScore BDeu: -237.85627310920475
LogScore MDL: -269.41844442539207
LogScore ENTROPY: -205.78848856941352
LogScore AIC: -246.78848856941352


Time taken to build model: 0.04 seconds
Time taken to test model on training data: 0.03 seconds

=== Error on training data ===

Correctly Classified Instances          42               95.4545 %
Incorrectly Classified Instances         2                4.5455 %
Kappa statistic                          0.9083
Mean absolute error                      0.1003
Root mean squared error                  0.1935
Relative absolute error                 20.2276 %
Root relative squared error             38.8629 %
Total Number of Instances               44     


=== Confusion Matrix ===

  a  b   <-- classified as
 23  1 |  a = Control
  1 19 |  b = Infected


=== Error on test data ===

Correctly Classified Instances           7               70      %
Incorrectly Classified Instances         3               30      %
Kappa statistic                          0.4444
Mean absolute error                      0.4687
Root mean squared error                  0.5805
Relative absolute error                 95.4086 %
Root relative squared error            117.7182 %
Total Number of Instances               10     


=== Confusion Matrix ===

 a b   <-- classified as
 3 3 | a = Control
 0 4 | b = Infected

