disease ---> Breast_Neoplasm
experiment ---> GDS1326,GDS3716
type ---> multi
closed the readers
about to evaluate model
Warning: discretizing data set
evaluated model
test instances:
4
total instances:
54

Bayes Network Classifier
Using ADTree
#attributes=41 #classindex=40
Network structure (nodes followed by parents)
FNDC3A(2): class 
GSDMD_binarized(2): class 
C2ORF34_binarized(2): class 
MUT_binarized(2): class 
BAZ1B_binarized(2): class 
ZFP36L1_binarized(2): class 
ABCB6_binarized(2): class 
RUSC1_binarized(2): class 
SLC7A8_binarized(2): class 
SEMA3F_binarized(2): class 
TMEM48_binarized(2): class 
C6ORF26_binarized(2): class 
PFKL_binarized(2): class 
GOLGA1_binarized(2): class 
SIDT2_binarized(2): class 
OR1F2P_binarized(2): class 
CEP68_binarized(2): class 
ZNF335_binarized(2): class 
APOE_binarized(2): class 
RABEP2_binarized(2): class 
ESRP2_binarized(2): class 
ENOSF1_binarized(2): class 
PAX4_binarized(2): class 
ST3GAL2_binarized(2): class 
ZNF701_binarized(2): class 
KCNF1_binarized(2): class 
TNFAIP3_binarized(2): class 
NCDN_binarized(2): class 
BRD7P3_binarized(2): class 
STX6_binarized(2): class 
SFI1_binarized(2): class 
FCGR2C_binarized(2): class 
CTTN_binarized(2): class 
MCFD2_binarized(2): class 
KIR3DX1_binarized(2): class 
VPS13D_binarized(2): class 
TPSB2_binarized(2): class 
AGXT_binarized(2): class 
MIA3_binarized(2): class 
CDC20_binarized(2): class 
class(2): 
LogScore Bayes: -928.1626226242993
LogScore BDeu: -996.8786402740641
LogScore MDL: -1037.9833125179741
LogScore ENTROPY: -879.5463807981338
LogScore AIC: -960.5463807981338


Time taken to build model: 0.24 seconds
Time taken to test model on training data: 0.04 seconds

=== Error on training data ===

Correctly Classified Instances          42               84      %
Incorrectly Classified Instances         8               16      %
Kappa statistic                          0.682 
Mean absolute error                      0.1829
Root mean squared error                  0.4051
Relative absolute error                 36.8037 %
Root relative squared error             81.2819 %
Total Number of Instances               50     


=== Confusion Matrix ===

  a  b   <-- classified as
 21  6 |  a = Control
  2 21 |  b = Infected


=== Error on test data ===

Correctly Classified Instances           1               25      %
Incorrectly Classified Instances         3               75      %
Kappa statistic                          0     
Mean absolute error                      0.7499
Root mean squared error                  0.8659
Relative absolute error                155.9695 %
Root relative squared error            179.6674 %
Total Number of Instances                4     


=== Confusion Matrix ===

 a b   <-- classified as
 0 3 | a = Control
 0 1 | b = Infected

Weighted area under ROC: 
NaN
True negative (control): 
0.0
True positive: 
0.0
