disease ---> Breast_Neoplasm
experiment ---> GDS1326,GDS3716
type ---> multi
closed the readers
about to evaluate model
Warning: discretizing data set
evaluated model
test instances:
7
total instances:
54

Bayes Network Classifier
Using ADTree
#attributes=11 #classindex=10
Network structure (nodes followed by parents)
FNDC3A(2): class 
GSDMD_binarized(2): class 
LARS2_binarized(2): class 
C2ORF34_binarized(2): class 
SLC7A8_binarized(2): class 
MUT_binarized(2): class 
ZFP36L1_binarized(2): class 
OR1F2P_binarized(2): class 
RNF13_binarized(2): class 
PAX4_binarized(2): class 
class(2): 
LogScore Bayes: -220.05619923104837
LogScore BDeu: -237.23520364348948
LogScore MDL: -250.4523416665174
LogScore ENTROPY: -210.0257918485618
LogScore AIC: -231.0257918485618


Time taken to build model: 0.04 seconds
Time taken to test model on training data: 0.01 seconds

=== Error on training data ===

Correctly Classified Instances          41               87.234  %
Incorrectly Classified Instances         6               12.766  %
Kappa statistic                          0.7389
Mean absolute error                      0.1532
Root mean squared error                  0.2872
Relative absolute error                 31.2967 %
Root relative squared error             58.0785 %
Total Number of Instances               47     


=== Confusion Matrix ===

  a  b   <-- classified as
 24  3 |  a = Control
  3 17 |  b = Infected


=== Error on test data ===

Correctly Classified Instances           3               42.8571 %
Incorrectly Classified Instances         4               57.1429 %
Kappa statistic                         -0.2727
Mean absolute error                      0.4366
Root mean squared error                  0.5895
Relative absolute error                 85.575  %
Root relative squared error            114.4394 %
Total Number of Instances                7     


=== Confusion Matrix ===

 a b   <-- classified as
 0 3 | a = Control
 1 3 | b = Infected

Weighted area under ROC: 
NaN
True negative (control): 
0.0
True positive: 
0.0
