disease ---> Breast_Neoplasm
experiment ---> GDS1326,GDS3716
type ---> multi
closed the readers
about to evaluate model
Warning: discretizing data set
evaluated model
test instances:
7
total instances:
54

Bayes Network Classifier
Using ADTree
#attributes=21 #classindex=20
Network structure (nodes followed by parents)
FNDC3A(2): class 
GSDMD_binarized(2): class 
LARS2_binarized(2): class 
C2ORF34_binarized(2): class 
SLC7A8_binarized(2): class 
MUT_binarized(2): class 
ZFP36L1_binarized(2): class 
OR1F2P_binarized(2): class 
RNF13_binarized(2): class 
PAX4_binarized(2): class 
C6ORF26_binarized(2): class 
TMEM48_binarized(2): class 
PFKL_binarized(2): class 
SEMA3F_binarized(2): class 
GOLGA1_binarized(2): class 
ZNF335_binarized(2): class 
CEP68_binarized(2): class 
TCN2_binarized(2): class 
APOE_binarized(2): class 
ENOSF1_binarized(2): class 
class(2): 
LogScore Bayes: -510.6965909072955
LogScore BDeu: -545.0545997321778
LogScore MDL: -561.4118787326494
LogScore ENTROPY: -482.48385289759324
LogScore AIC: -523.4838528975932


Time taken to build model: 0.1 seconds
Time taken to test model on training data: 0.06 seconds

=== Error on training data ===

Correctly Classified Instances          40               85.1064 %
Incorrectly Classified Instances         7               14.8936 %
Kappa statistic                          0.7049
Mean absolute error                      0.1644
Root mean squared error                  0.3698
Relative absolute error                 33.5973 %
Root relative squared error             74.7882 %
Total Number of Instances               47     


=== Confusion Matrix ===

  a  b   <-- classified as
 21  6 |  a = Control
  1 19 |  b = Infected


=== Error on test data ===

Correctly Classified Instances           4               57.1429 %
Incorrectly Classified Instances         3               42.8571 %
Kappa statistic                          0     
Mean absolute error                      0.4361
Root mean squared error                  0.6522
Relative absolute error                 85.4671 %
Root relative squared error            126.6166 %
Total Number of Instances                7     


=== Confusion Matrix ===

 a b   <-- classified as
 0 3 | a = Control
 0 4 | b = Infected

Weighted area under ROC: 
NaN
True negative (control): 
0.0
True positive: 
0.0
