disease ---> Breast_Neoplasm
experiment ---> GDS1326,GDS3716
type ---> multi
closed the readers
about to evaluate model
Warning: discretizing data set
evaluated model
test instances:
9
total instances:
54

Bayes Network Classifier
Using ADTree
#attributes=21 #classindex=20
Network structure (nodes followed by parents)
FNDC3A(2): class 
PAX4_binarized(2): class 
GSDMD_binarized(2): class 
TPSB2_binarized(2): class 
LARS2_binarized(2): class 
MUT_binarized(2): class 
SEMA3F_binarized(2): class 
OR1F2P_binarized(2): class 
C2ORF34_binarized(2): class 
ZFP36L1_binarized(2): class 
C6ORF26_binarized(2): class 
TMEM48_binarized(2): class 
PFKL_binarized(2): class 
RABEP2_binarized(2): class 
ZNF335_binarized(2): class 
CEP68_binarized(2): class 
APOE_binarized(2): class 
ZNF701_binarized(2): class 
ENOSF1_binarized(2): class 
GOLGA1_binarized(2): class 
class(2): 
LogScore Bayes: -491.65479767899603
LogScore BDeu: -526.0128065038781
LogScore MDL: -541.9579611934058
LogScore ENTROPY: -463.92138015311434
LogScore AIC: -504.92138015311434


Time taken to build model: 0.16 seconds
Time taken to test model on training data: 0.04 seconds

=== Error on training data ===

Correctly Classified Instances          40               88.8889 %
Incorrectly Classified Instances         5               11.1111 %
Kappa statistic                          0.7783
Mean absolute error                      0.1288
Root mean squared error                  0.3184
Relative absolute error                 26.0613 %
Root relative squared error             64.0853 %
Total Number of Instances               45     


=== Confusion Matrix ===

  a  b   <-- classified as
 21  4 |  a = Control
  1 19 |  b = Infected


=== Error on test data ===

Correctly Classified Instances           4               44.4444 %
Incorrectly Classified Instances         5               55.5556 %
Kappa statistic                          0     
Mean absolute error                      0.5554
Root mean squared error                  0.745 
Relative absolute error                112.4001 %
Root relative squared error            149.9307 %
Total Number of Instances                9     


=== Confusion Matrix ===

 a b   <-- classified as
 0 5 | a = Control
 0 4 | b = Infected

Weighted area under ROC: 
NaN
True negative (control): 
0.0
True positive: 
0.0
