disease ---> Breast_Neoplasm
experiment ---> GDS1326,GDS3716
type ---> multi
closed the readers
about to evaluate model
Warning: discretizing data set
evaluated model
test instances:
4
total instances:
54

Bayes Network Classifier
Using ADTree
#attributes=61 #classindex=60
Network structure (nodes followed by parents)
FNDC3A(2): class 
GSDMD_binarized(2): class 
C2ORF34_binarized(2): class 
MUT_binarized(2): class 
BAZ1B_binarized(2): class 
ZFP36L1_binarized(2): class 
ABCB6_binarized(2): class 
RUSC1_binarized(2): class 
SLC7A8_binarized(2): class 
SEMA3F_binarized(2): class 
TMEM48_binarized(2): class 
C6ORF26_binarized(2): class 
PFKL_binarized(2): class 
GOLGA1_binarized(2): class 
SIDT2_binarized(2): class 
OR1F2P_binarized(2): class 
CEP68_binarized(2): class 
ZNF335_binarized(2): class 
APOE_binarized(2): class 
RABEP2_binarized(2): class 
ESRP2_binarized(2): class 
ENOSF1_binarized(2): class 
PAX4_binarized(2): class 
ST3GAL2_binarized(2): class 
ZNF701_binarized(2): class 
KCNF1_binarized(2): class 
TNFAIP3_binarized(2): class 
NCDN_binarized(2): class 
BRD7P3_binarized(2): class 
STX6_binarized(2): class 
SFI1_binarized(2): class 
FCGR2C_binarized(2): class 
CTTN_binarized(2): class 
MCFD2_binarized(2): class 
KIR3DX1_binarized(2): class 
VPS13D_binarized(2): class 
TPSB2_binarized(2): class 
AGXT_binarized(2): class 
MIA3_binarized(2): class 
CDC20_binarized(2): class 
MAP3K12_binarized(2): class 
SMARCA1_binarized(2): class 
ICAM3_binarized(2): class 
FRY_binarized(2): class 
PHF3_binarized(2): class 
CPNE7_binarized(2): class 
RGS5_binarized(2): class 
PARD6B_binarized(2): class 
IGL@_binarized(2): class 
GPR3_binarized(2): class 
SIPA1L3_binarized(2): class 
IHH_binarized(2): class 
BCKDHA_binarized(2): class 
COMT_binarized(2): class 
SEZ6L_binarized(2): class 
MUM1_binarized(2): class 
SYDE1_binarized(2): class 
HEY2_binarized(2): class 
RUFY3_binarized(2): class 
ARF3_binarized(2): class 
class(2): 
LogScore Bayes: -1241.826031588188
LogScore BDeu: -1344.9000580628335
LogScore MDL: -1418.97715950733
LogScore ENTROPY: -1182.2997676789248
LogScore AIC: -1303.2997676789253


Time taken to build model: 0.16 seconds
Time taken to test model on training data: 0.04 seconds

=== Error on training data ===

Correctly Classified Instances          41               82      %
Incorrectly Classified Instances         9               18      %
Kappa statistic                          0.6411
Mean absolute error                      0.1847
Root mean squared error                  0.4082
Relative absolute error                 37.1686 %
Root relative squared error             81.908  %
Total Number of Instances               50     


=== Confusion Matrix ===

  a  b   <-- classified as
 21  6 |  a = Control
  3 20 |  b = Infected


=== Error on test data ===

Correctly Classified Instances           1               25      %
Incorrectly Classified Instances         3               75      %
Kappa statistic                          0     
Mean absolute error                      0.75  
Root mean squared error                  0.866 
Relative absolute error                155.9994 %
Root relative squared error            179.7018 %
Total Number of Instances                4     


=== Confusion Matrix ===

 a b   <-- classified as
 0 3 | a = Control
 0 1 | b = Infected

Weighted area under ROC: 
NaN
True negative (control): 
0.0
True positive: 
0.0
