disease ---> Breast_Neoplasm
experiment ---> GDS1326,GDS3716
type ---> multi
closed the readers
about to evaluate model
Warning: discretizing data set
evaluated model
test instances:
2
total instances:
54

Bayes Network Classifier
Using ADTree
#attributes=51 #classindex=50
Network structure (nodes followed by parents)
GSDMD(2): class 
FNDC3A_binarized(2): class 
C2ORF34_binarized(2): class 
BAZ1B_binarized(2): class 
MUT_binarized(2): class 
ZFP36L1_binarized(2): class 
SIDT2_binarized(2): class 
OR1F2P_binarized(2): class 
C6ORF26_binarized(2): class 
TMEM48_binarized(2): class 
PFKL_binarized(2): class 
PAX4_binarized(2): class 
CEP68_binarized(2): class 
ZNF335_binarized(2): class 
GOLGA1_binarized(2): class 
SEMA3F_binarized(2): class 
APOE_binarized(2): class 
RNF103_binarized(2): class 
ENOSF1_binarized(2): class 
L3MBTL_binarized(2): class 
TCIRG1_binarized(2): class 
CTTN_binarized(2): class 
FARP1_binarized(2): class 
SYDE1_binarized(2): class 
STX6_binarized(2): class 
SFI1_binarized(2): class 
ST3GAL2_binarized(2): class 
MIA3_binarized(2): class 
TPSB2_binarized(2): class 
SMARCA1_binarized(2): class 
VPS13D_binarized(2): class 
BRD7P3_binarized(2): class 
FCGR2C_binarized(2): class 
CDC20_binarized(2): class 
KIR3DX1_binarized(2): class 
NCDN_binarized(2): class 
ICAM3_binarized(2): class 
MAP3K12_binarized(2): class 
FRY_binarized(2): class 
CYHR1_binarized(2): class 
MCFD2_binarized(2): class 
INTS3_binarized(2): class 
GPR3_binarized(2): class 
PPP5C_binarized(2): class 
RABEP2_binarized(2): class 
WDR55_binarized(2): class 
BCKDHA_binarized(2): class 
IGL@_binarized(2): class 
AGXT_binarized(2): class 
DNPEP_binarized(2): class 
class(2): 
LogScore Bayes: -1095.586581214259
LogScore BDeu: -1181.4816032764647
LogScore MDL: -1241.654565872883
LogScore ENTROPY: -1042.1167580845208
LogScore AIC: -1143.1167580845208


Time taken to build model: 0.29 seconds
Time taken to test model on training data: 0.12 seconds

=== Error on training data ===

Correctly Classified Instances          42               80.7692 %
Incorrectly Classified Instances        10               19.2308 %
Kappa statistic                          0.6204
Mean absolute error                      0.206 
Root mean squared error                  0.4328
Relative absolute error                 41.7331 %
Root relative squared error             87.1452 %
Total Number of Instances               52     


=== Confusion Matrix ===

  a  b   <-- classified as
 21  8 |  a = Control
  2 21 |  b = Infected


=== Error on test data ===

Correctly Classified Instances           1               50      %
Incorrectly Classified Instances         1               50      %
Kappa statistic                          0     
Mean absolute error                      0.4776
Root mean squared error                  0.6748
Relative absolute error                 95.5189 %
Root relative squared error            134.1282 %
Total Number of Instances                2     


=== Confusion Matrix ===

 a b   <-- classified as
 0 1 | a = Control
 0 1 | b = Infected

Weighted area under ROC: 
NaN
True negative (control): 
0.0
True positive: 
0.0
