disease ---> Breast_Neoplasm
experiment ---> GDS1326,GDS3716
type ---> multi
closed the readers
about to evaluate model
evaluated model
test instances:
7
total instances:
54

=== Structure for class 'Control' ===
Bayes Network Classifier
not using ADTree
#attributes=91 #classindex=90
Network structure (nodes followed by parents)
FNDC3A_binarized(2): APOE_binarized 
GSDMD_binarized(2): FNDC3A_binarized 
LARS2_binarized(2): FNDC3A_binarized 
C2ORF34_binarized(2): FNDC3A_binarized 
SLC7A8_binarized(2): FNDC3A_binarized 
MUT_binarized(2): ENOSF1_binarized 
ZFP36L1_binarized(2): CTTN_binarized 
OR1F2P_binarized(2): TNFAIP3_binarized 
RNF13_binarized(2): MUT_binarized 
PAX4_binarized(2): MUT_binarized 
C6ORF26_binarized(2): ENOSF1_binarized 
TMEM48_binarized(2): C6ORF26_binarized 
PFKL_binarized(2): MUT_binarized 
SEMA3F_binarized(2): RCHY1_binarized 
GOLGA1_binarized(2): ENOSF1_binarized 
ZNF335_binarized(2): 
CEP68_binarized(2): ZNF335_binarized 
TCN2_binarized(2): KAT2A_binarized 
APOE_binarized(2): TNFAIP3_binarized 
ENOSF1_binarized(2): ST3GAL2_binarized 
ST3GAL2_binarized(2): ZNF335_binarized 
SFI1_binarized(2): SEMA3F_binarized 
FCGR2C_binarized(2): FNDC3A_binarized 
STX6_binarized(2): FNDC3A_binarized 
CTTN_binarized(2): ST3GAL2_binarized 
TPSB2_binarized(2): ISG20_binarized 
MIA3_binarized(2): FNDC3A_binarized 
FARP1_binarized(2): SEMA3F_binarized 
L3MBTL_binarized(2): FNDC3A_binarized 
TCIRG1_binarized(2): SEMA3F_binarized 
CDC20_binarized(2): FNDC3A_binarized 
BRD7P3_binarized(2): RNF13_binarized 
NCDN_binarized(2): MAP3K12_binarized 
KIR3DX1_binarized(2): FNDC3A_binarized 
SMARCA1_binarized(2): FNDC3A_binarized 
VPS13D_binarized(2): FNDC3A_binarized 
INTS3_binarized(2): FNDC3A_binarized 
ICAM3_binarized(2): FNDC3A_binarized 
MCFD2_binarized(2): FNDC3A_binarized 
COMT_binarized(2): ENOSF1_binarized 
CYHR1_binarized(2): FNDC3A_binarized 
SIPA1L3_binarized(2): FNDC3A_binarized 
AGXT_binarized(2): SFI1_binarized 
GPR3_binarized(2): FNDC3A_binarized 
IGL@_binarized(2): MUT_binarized 
MAP3K12_binarized(2): SEMA3F_binarized 
FRY_binarized(2): SEMA3F_binarized 
WDR55_binarized(2): SEMA3F_binarized 
BCKDHA_binarized(2): SEMA3F_binarized 
SEZ6L_binarized(2): PFKL_binarized 
DNPEP_binarized(2): FNDC3A_binarized 
MUM1_binarized(2): PFKL_binarized 
SYDE1_binarized(2): FNDC3A_binarized 
HEY2_binarized(2): SEZ6L_binarized 
RUFY3_binarized(2): FNDC3A_binarized 
PHF3_binarized(2): GOLGA1_binarized 
IHH_binarized(2): FNDC3A_binarized 
CPNE7_binarized(2): FNDC3A_binarized 
TTF2_binarized(2): PAX4_binarized 
ARF3_binarized(2): FNDC3A_binarized 
PARD6B_binarized(2): TPSB2_binarized 
RGS5_binarized(2): FNDC3A_binarized 
PERP_binarized(2): FNDC3A_binarized 
ISG20_binarized(2): SEMA3F_binarized 
ZNF267_binarized(2): SEMA3F_binarized 
LZTS1_binarized(2): PARD6B_binarized 
ANXA9_binarized(2): FNDC3A_binarized 
DOPEY1_binarized(2): SEMA3F_binarized 
KCNJ5_binarized(2): PHF3_binarized 
INO80B_binarized(2): FNDC3A_binarized 
APITD1_binarized(2): FNDC3A_binarized 
DCLRE1C_binarized(2): FNDC3A_binarized 
SDC3_binarized(2): SEMA3F_binarized 
UBE2D3_binarized(2): FNDC3A_binarized 
NSDHL_binarized(2): TTF2_binarized 
C17ORF86_binarized(2): FNDC3A_binarized 
OR51E2_binarized(2): FNDC3A_binarized 
TDRD3_binarized(2): FNDC3A_binarized 
MAPK13_binarized(2): FNDC3A_binarized 
DTYMK_binarized(2): FNDC3A_binarized 
SLCO2B1_binarized(2): SEMA3F_binarized 
LMAN2_binarized(2): FNDC3A_binarized 
RCHY1_binarized(2): SEZ6L_binarized 
DIAPH1_binarized(2): MUM1_binarized 
TNFAIP3_binarized(2): ENOSF1_binarized 
DYRK1A_binarized(2): FNDC3A_binarized 
GPC1_binarized(2): FNDC3A_binarized 
COX15_binarized(2): FNDC3A_binarized 
PHLDB1_binarized(2): FNDC3A_binarized 
KAT2A_binarized(2): MUT_binarized 
class(2): 
LogScore Bayes: -613.8417148310231
LogScore BDeu: -766.7348541017487
LogScore MDL: -924.8105086755368
LogScore ENTROPY: -628.1851907351452
LogScore AIC: -808.1851907351449

=== Structure for class 'Infected' ===
Bayes Network Classifier
not using ADTree
#attributes=91 #classindex=90
Network structure (nodes followed by parents)
FNDC3A_binarized(2): GSDMD_binarized 
GSDMD_binarized(2): NCDN_binarized 
LARS2_binarized(2): TCN2_binarized 
C2ORF34_binarized(2): PARD6B_binarized 
SLC7A8_binarized(2): FARP1_binarized 
MUT_binarized(2): FNDC3A_binarized 
ZFP36L1_binarized(2): FNDC3A_binarized 
OR1F2P_binarized(2): ZNF335_binarized 
RNF13_binarized(2): FNDC3A_binarized 
PAX4_binarized(2): FARP1_binarized 
C6ORF26_binarized(2): AGXT_binarized 
TMEM48_binarized(2): C6ORF26_binarized 
PFKL_binarized(2): ENOSF1_binarized 
SEMA3F_binarized(2): SLC7A8_binarized 
GOLGA1_binarized(2): ENOSF1_binarized 
ZNF335_binarized(2): STX6_binarized 
CEP68_binarized(2): ZNF335_binarized 
TCN2_binarized(2): ZNF267_binarized 
APOE_binarized(2): ST3GAL2_binarized 
ENOSF1_binarized(2): PARD6B_binarized 
ST3GAL2_binarized(2): GOLGA1_binarized 
SFI1_binarized(2): FARP1_binarized 
FCGR2C_binarized(2): FNDC3A_binarized 
STX6_binarized(2): VPS13D_binarized 
CTTN_binarized(2): TNFAIP3_binarized 
TPSB2_binarized(2): TCN2_binarized 
MIA3_binarized(2): FNDC3A_binarized 
FARP1_binarized(2): RCHY1_binarized 
L3MBTL_binarized(2): APOE_binarized 
TCIRG1_binarized(2): SFI1_binarized 
CDC20_binarized(2): FNDC3A_binarized 
BRD7P3_binarized(2): FNDC3A_binarized 
NCDN_binarized(2): ST3GAL2_binarized 
KIR3DX1_binarized(2): FNDC3A_binarized 
SMARCA1_binarized(2): FNDC3A_binarized 
VPS13D_binarized(2): WDR55_binarized 
INTS3_binarized(2): FARP1_binarized 
ICAM3_binarized(2): FNDC3A_binarized 
MCFD2_binarized(2): FNDC3A_binarized 
COMT_binarized(2): GOLGA1_binarized 
CYHR1_binarized(2): FNDC3A_binarized 
SIPA1L3_binarized(2): FNDC3A_binarized 
AGXT_binarized(2): OR1F2P_binarized 
GPR3_binarized(2): FNDC3A_binarized 
IGL@_binarized(2): PFKL_binarized 
MAP3K12_binarized(2): SEZ6L_binarized 
FRY_binarized(2): SFI1_binarized 
WDR55_binarized(2): FARP1_binarized 
BCKDHA_binarized(2): SFI1_binarized 
SEZ6L_binarized(2): 
DNPEP_binarized(2): FNDC3A_binarized 
MUM1_binarized(2): IGL@_binarized 
SYDE1_binarized(2): FNDC3A_binarized 
HEY2_binarized(2): SEZ6L_binarized 
RUFY3_binarized(2): FNDC3A_binarized 
PHF3_binarized(2): FNDC3A_binarized 
IHH_binarized(2): FNDC3A_binarized 
CPNE7_binarized(2): FNDC3A_binarized 
TTF2_binarized(2): OR51E2_binarized 
ARF3_binarized(2): FNDC3A_binarized 
PARD6B_binarized(2): ZNF267_binarized 
RGS5_binarized(2): FNDC3A_binarized 
PERP_binarized(2): FNDC3A_binarized 
ISG20_binarized(2): PAX4_binarized 
ZNF267_binarized(2): SLC7A8_binarized 
LZTS1_binarized(2): ENOSF1_binarized 
ANXA9_binarized(2): FNDC3A_binarized 
DOPEY1_binarized(2): SFI1_binarized 
KCNJ5_binarized(2): VPS13D_binarized 
INO80B_binarized(2): FNDC3A_binarized 
APITD1_binarized(2): FNDC3A_binarized 
DCLRE1C_binarized(2): FNDC3A_binarized 
SDC3_binarized(2): SFI1_binarized 
UBE2D3_binarized(2): FNDC3A_binarized 
NSDHL_binarized(2): FNDC3A_binarized 
C17ORF86_binarized(2): FNDC3A_binarized 
OR51E2_binarized(2): VPS13D_binarized 
TDRD3_binarized(2): FNDC3A_binarized 
MAPK13_binarized(2): FNDC3A_binarized 
DTYMK_binarized(2): FNDC3A_binarized 
SLCO2B1_binarized(2): SFI1_binarized 
LMAN2_binarized(2): VPS13D_binarized 
RCHY1_binarized(2): MAP3K12_binarized 
DIAPH1_binarized(2): MUM1_binarized 
TNFAIP3_binarized(2): GOLGA1_binarized 
DYRK1A_binarized(2): FNDC3A_binarized 
GPC1_binarized(2): FNDC3A_binarized 
COX15_binarized(2): FNDC3A_binarized 
PHLDB1_binarized(2): FNDC3A_binarized 
KAT2A_binarized(2): ZNF267_binarized 
class(2): 
LogScore Bayes: -432.9524788589663
LogScore BDeu: -585.8456181296908
LogScore MDL: -743.3826311928457
LogScore ENTROPY: -473.76672657298633
LogScore AIC: -653.7667265729854

=== Overall Scores ===
LogScore Bayes: -1081.0051544097578
LogScore BDeu: -1386.791432951208
LogScore MDL: -1702.8770368983623
LogScore ENTROPY: -1134.7107405372565
LogScore AIC: -1495.7107405372553


Time taken to build model: 0.12 seconds
Time taken to test model on training data: 0.01 seconds

=== Error on training data ===

Correctly Classified Instances          46               97.8723 %
Incorrectly Classified Instances         1                2.1277 %
Kappa statistic                          0.9568
Mean absolute error                      0.0349
Root mean squared error                  0.1301
Relative absolute error                  7.1283 %
Root relative squared error             26.3162 %
Total Number of Instances               47     


=== Confusion Matrix ===

  a  b   <-- classified as
 26  1 |  a = Control
  0 20 |  b = Infected


=== Error on test data ===

Correctly Classified Instances           3               42.8571 %
Incorrectly Classified Instances         4               57.1429 %
Kappa statistic                         -0.0769
Mean absolute error                      0.5057
Root mean squared error                  0.6265
Relative absolute error                 99.1199 %
Root relative squared error            121.6408 %
Total Number of Instances                7     


=== Confusion Matrix ===

 a b   <-- classified as
 2 1 | a = Control
 3 1 | b = Infected

