disease ---> Breast_Neoplasm
experiment ---> GDS1326,GDS3716
type ---> multi
closed the readers
about to evaluate model
evaluated model
test instances:
6
total instances:
54

=== Structure for class 'Control' ===
Bayes Network Classifier
not using ADTree
#attributes=61 #classindex=60
Network structure (nodes followed by parents)
FNDC3A_binarized(2): OR1F2P_binarized 
PAX4_binarized(2): MUT_binarized 
GSDMD_binarized(2): FNDC3A_binarized 
MUT_binarized(2): ENOSF1_binarized 
OR1F2P_binarized(2): PFKL_binarized 
ZFP36L1_binarized(2): CTTN_binarized 
RNF13_binarized(2): MUT_binarized 
C6ORF26_binarized(2): ENOSF1_binarized 
TMEM48_binarized(2): C6ORF26_binarized 
PFKL_binarized(2): MUT_binarized 
SEMA3F_binarized(2): RABEP2_binarized 
ZNF335_binarized(2): 
CEP68_binarized(2): ZNF335_binarized 
APOE_binarized(2): FNDC3A_binarized 
ENOSF1_binarized(2): ST3GAL2_binarized 
RABEP2_binarized(2): SEZ6L_binarized 
TCN2_binarized(2): ENOSF1_binarized 
RNF103_binarized(2): C6ORF26_binarized 
SFI1_binarized(2): SEMA3F_binarized 
BRD7P3_binarized(2): RNF13_binarized 
CTTN_binarized(2): ST3GAL2_binarized 
STX6_binarized(2): FNDC3A_binarized 
FCGR2C_binarized(2): FNDC3A_binarized 
ST3GAL2_binarized(2): ZNF335_binarized 
L3MBTL_binarized(2): FNDC3A_binarized 
MIA3_binarized(2): FNDC3A_binarized 
TPSB2_binarized(2): SEMA3F_binarized 
SF3A1_binarized(2): FNDC3A_binarized 
TCIRG1_binarized(2): SEMA3F_binarized 
FARP1_binarized(2): SEMA3F_binarized 
GOLGA1_binarized(2): ENOSF1_binarized 
NCDN_binarized(2): RABEP2_binarized 
CDC20_binarized(2): FNDC3A_binarized 
KIR3DX1_binarized(2): FNDC3A_binarized 
SMARCA1_binarized(2): FNDC3A_binarized 
VPS13D_binarized(2): FNDC3A_binarized 
INTS3_binarized(2): SEMA3F_binarized 
ICAM3_binarized(2): FNDC3A_binarized 
MCFD2_binarized(2): FNDC3A_binarized 
COMT_binarized(2): ENOSF1_binarized 
CYHR1_binarized(2): FNDC3A_binarized 
SIPA1L3_binarized(2): FNDC3A_binarized 
AGXT_binarized(2): SFI1_binarized 
GPR3_binarized(2): FNDC3A_binarized 
IGL@_binarized(2): MUT_binarized 
MAP3K12_binarized(2): SEMA3F_binarized 
FRY_binarized(2): SEMA3F_binarized 
WDR55_binarized(2): SEMA3F_binarized 
BCKDHA_binarized(2): SEMA3F_binarized 
SEZ6L_binarized(2): PFKL_binarized 
DNPEP_binarized(2): FNDC3A_binarized 
MUM1_binarized(2): PFKL_binarized 
SYDE1_binarized(2): FNDC3A_binarized 
HEY2_binarized(2): SEZ6L_binarized 
RUFY3_binarized(2): FNDC3A_binarized 
PHF3_binarized(2): GOLGA1_binarized 
IHH_binarized(2): FNDC3A_binarized 
CPNE7_binarized(2): FNDC3A_binarized 
TTF2_binarized(2): PAX4_binarized 
ARF3_binarized(2): FNDC3A_binarized 
class(2): 
LogScore Bayes: -478.70495155959543
LogScore BDeu: -580.0610775929978
LogScore MDL: -676.8995397491426
LogScore ENTROPY: -479.1493277888823
LogScore AIC: -599.149327788882

=== Structure for class 'Infected' ===
Bayes Network Classifier
not using ADTree
#attributes=61 #classindex=60
Network structure (nodes followed by parents)
FNDC3A_binarized(2): GSDMD_binarized 
PAX4_binarized(2): FNDC3A_binarized 
GSDMD_binarized(2): NCDN_binarized 
MUT_binarized(2): FNDC3A_binarized 
OR1F2P_binarized(2): PFKL_binarized 
ZFP36L1_binarized(2): FNDC3A_binarized 
RNF13_binarized(2): FNDC3A_binarized 
C6ORF26_binarized(2): AGXT_binarized 
TMEM48_binarized(2): C6ORF26_binarized 
PFKL_binarized(2): ENOSF1_binarized 
SEMA3F_binarized(2): WDR55_binarized 
ZNF335_binarized(2): OR1F2P_binarized 
CEP68_binarized(2): ZNF335_binarized 
APOE_binarized(2): ST3GAL2_binarized 
ENOSF1_binarized(2): GOLGA1_binarized 
RABEP2_binarized(2): SEMA3F_binarized 
TCN2_binarized(2): SFI1_binarized 
RNF103_binarized(2): ENOSF1_binarized 
SFI1_binarized(2): MAP3K12_binarized 
BRD7P3_binarized(2): FNDC3A_binarized 
CTTN_binarized(2): MAP3K12_binarized 
STX6_binarized(2): VPS13D_binarized 
FCGR2C_binarized(2): FNDC3A_binarized 
ST3GAL2_binarized(2): GOLGA1_binarized 
L3MBTL_binarized(2): APOE_binarized 
MIA3_binarized(2): FNDC3A_binarized 
TPSB2_binarized(2): TCN2_binarized 
SF3A1_binarized(2): FNDC3A_binarized 
TCIRG1_binarized(2): FARP1_binarized 
FARP1_binarized(2): SFI1_binarized 
GOLGA1_binarized(2): TPSB2_binarized 
NCDN_binarized(2): ST3GAL2_binarized 
CDC20_binarized(2): FNDC3A_binarized 
KIR3DX1_binarized(2): FNDC3A_binarized 
SMARCA1_binarized(2): FNDC3A_binarized 
VPS13D_binarized(2): ZNF335_binarized 
INTS3_binarized(2): SFI1_binarized 
ICAM3_binarized(2): FNDC3A_binarized 
MCFD2_binarized(2): FNDC3A_binarized 
COMT_binarized(2): MAP3K12_binarized 
CYHR1_binarized(2): FNDC3A_binarized 
SIPA1L3_binarized(2): FNDC3A_binarized 
AGXT_binarized(2): OR1F2P_binarized 
GPR3_binarized(2): FNDC3A_binarized 
IGL@_binarized(2): PFKL_binarized 
MAP3K12_binarized(2): SEZ6L_binarized 
FRY_binarized(2): SFI1_binarized 
WDR55_binarized(2): FARP1_binarized 
BCKDHA_binarized(2): FARP1_binarized 
SEZ6L_binarized(2): 
DNPEP_binarized(2): FNDC3A_binarized 
MUM1_binarized(2): IGL@_binarized 
SYDE1_binarized(2): FNDC3A_binarized 
HEY2_binarized(2): SEZ6L_binarized 
RUFY3_binarized(2): FNDC3A_binarized 
PHF3_binarized(2): FNDC3A_binarized 
IHH_binarized(2): FNDC3A_binarized 
CPNE7_binarized(2): FNDC3A_binarized 
TTF2_binarized(2): VPS13D_binarized 
ARF3_binarized(2): FNDC3A_binarized 
class(2): 
LogScore Bayes: -345.58025949418567
LogScore BDeu: -446.936385527588
LogScore MDL: -548.3595398988425
LogScore ENTROPY: -365.68819363543753
LogScore AIC: -485.68819363543776

=== Overall Scores ===
LogScore Bayes: -859.3469478983131
LogScore BDeu: -1062.0591999651178
LogScore MDL: -1260.7906215269927
LogScore ENTROPY: -878.4334627978733
LogScore AIC: -1119.4334627978733


Time taken to build model: 0.25 seconds
Time taken to test model on training data: 0.03 seconds

=== Error on training data ===

Correctly Classified Instances          44               91.6667 %
Incorrectly Classified Instances         4                8.3333 %
Kappa statistic                          0.8325
Mean absolute error                      0.0899
Root mean squared error                  0.2239
Relative absolute error                 18.2496 %
Root relative squared error             45.1355 %
Total Number of Instances               48     


=== Confusion Matrix ===

  a  b   <-- classified as
 24  3 |  a = Control
  1 20 |  b = Infected


=== Error on test data ===

Correctly Classified Instances           5               83.3333 %
Incorrectly Classified Instances         1               16.6667 %
Kappa statistic                          0.6667
Mean absolute error                      0.3042
Root mean squared error                  0.4494
Relative absolute error                 60.8428 %
Root relative squared error             89.2348 %
Total Number of Instances                6     


=== Confusion Matrix ===

 a b   <-- classified as
 3 0 | a = Control
 1 2 | b = Infected

