disease ---> Breast_Neoplasm
experiment ---> GDS1326,GDS3716
type ---> multi
closed the readers
about to evaluate model
evaluated model
test instances:
4
total instances:
54

=== Structure for class 'Control' ===
Bayes Network Classifier
not using ADTree
#attributes=31 #classindex=30
Network structure (nodes followed by parents)
FNDC3A_binarized(2): APOE_binarized 
GSDMD_binarized(2): FNDC3A_binarized 
C2ORF34_binarized(2): FNDC3A_binarized 
MUT_binarized(2): ENOSF1_binarized 
BAZ1B_binarized(2): FNDC3A_binarized 
ZFP36L1_binarized(2): KCNF1_binarized 
ABCB6_binarized(2): FNDC3A_binarized 
RUSC1_binarized(2): FNDC3A_binarized 
SLC7A8_binarized(2): FNDC3A_binarized 
SEMA3F_binarized(2): OR1F2P_binarized 
TMEM48_binarized(2): ENOSF1_binarized 
C6ORF26_binarized(2): TMEM48_binarized 
PFKL_binarized(2): MUT_binarized 
GOLGA1_binarized(2): ENOSF1_binarized 
SIDT2_binarized(2): RABEP2_binarized 
OR1F2P_binarized(2): TNFAIP3_binarized 
CEP68_binarized(2): 
ZNF335_binarized(2): CEP68_binarized 
APOE_binarized(2): TNFAIP3_binarized 
RABEP2_binarized(2): SEMA3F_binarized 
ESRP2_binarized(2): SIDT2_binarized 
ENOSF1_binarized(2): ST3GAL2_binarized 
PAX4_binarized(2): MUT_binarized 
ST3GAL2_binarized(2): CEP68_binarized 
ZNF701_binarized(2): SEMA3F_binarized 
KCNF1_binarized(2): ENOSF1_binarized 
TNFAIP3_binarized(2): ENOSF1_binarized 
NCDN_binarized(2): RABEP2_binarized 
BRD7P3_binarized(2): ZFP36L1_binarized 
STX6_binarized(2): FNDC3A_binarized 
class(2): 
LogScore Bayes: -296.3678056818552
LogScore BDeu: -346.18691847793457
LogScore MDL: -387.7078474493476
LogScore ENTROPY: -288.832741469218
LogScore AIC: -348.8327414692178

=== Structure for class 'Infected' ===
Bayes Network Classifier
not using ADTree
#attributes=31 #classindex=30
Network structure (nodes followed by parents)
FNDC3A_binarized(2): GSDMD_binarized 
GSDMD_binarized(2): BAZ1B_binarized 
C2ORF34_binarized(2): RUSC1_binarized 
MUT_binarized(2): FNDC3A_binarized 
BAZ1B_binarized(2): SIDT2_binarized 
ZFP36L1_binarized(2): FNDC3A_binarized 
ABCB6_binarized(2): PAX4_binarized 
RUSC1_binarized(2): BAZ1B_binarized 
SLC7A8_binarized(2): ABCB6_binarized 
SEMA3F_binarized(2): 
TMEM48_binarized(2): NCDN_binarized 
C6ORF26_binarized(2): TMEM48_binarized 
PFKL_binarized(2): ENOSF1_binarized 
GOLGA1_binarized(2): ST3GAL2_binarized 
SIDT2_binarized(2): RABEP2_binarized 
OR1F2P_binarized(2): RABEP2_binarized 
CEP68_binarized(2): OR1F2P_binarized 
ZNF335_binarized(2): CEP68_binarized 
APOE_binarized(2): ST3GAL2_binarized 
RABEP2_binarized(2): SEMA3F_binarized 
ESRP2_binarized(2): ENOSF1_binarized 
ENOSF1_binarized(2): GOLGA1_binarized 
PAX4_binarized(2): RUSC1_binarized 
ST3GAL2_binarized(2): NCDN_binarized 
ZNF701_binarized(2): RABEP2_binarized 
KCNF1_binarized(2): GOLGA1_binarized 
TNFAIP3_binarized(2): GOLGA1_binarized 
NCDN_binarized(2): GSDMD_binarized 
BRD7P3_binarized(2): RUSC1_binarized 
STX6_binarized(2): CEP68_binarized 
class(2): 
LogScore Bayes: -257.46960146372646
LogScore BDeu: -307.28871425980566
LogScore MDL: -345.56788653542077
LogScore ENTROPY: -251.5030600575462
LogScore AIC: -311.5030600575461

=== Overall Scores ===
LogScore Bayes: -590.5214190493084
LogScore BDeu: -690.1596446414669
LogScore MDL: -770.4252277309009
LogScore ENTROPY: -575.5292837701827
LogScore AIC: -696.5292837701825


Time taken to build model: 0.11 seconds
Time taken to test model on training data: 0.04 seconds

=== Error on training data ===

Correctly Classified Instances          48               96      %
Incorrectly Classified Instances         2                4      %
Kappa statistic                          0.92  
Mean absolute error                      0.0618
Root mean squared error                  0.1631
Relative absolute error                 12.441  %
Root relative squared error             32.7346 %
Total Number of Instances               50     


=== Confusion Matrix ===

  a  b   <-- classified as
 25  2 |  a = Control
  0 23 |  b = Infected


=== Error on test data ===

Correctly Classified Instances           1               25      %
Incorrectly Classified Instances         3               75      %
Kappa statistic                         -0.5   
Mean absolute error                      0.6418
Root mean squared error                  0.7504
Relative absolute error                133.5002 %
Root relative squared error            155.7064 %
Total Number of Instances                4     


=== Confusion Matrix ===

 a b   <-- classified as
 1 2 | a = Control
 1 0 | b = Infected

