disease ---> Breast_Neoplasm
experiment ---> GDS1326,GDS3716
type ---> multi
closed the readers
about to evaluate model
evaluated model
test instances:
10
total instances:
54

=== Structure for class 'Control' ===
Bayes Network Classifier
not using ADTree
#attributes=21 #classindex=20
Network structure (nodes followed by parents)
SEMA3F_binarized(2): FNDC3A_binarized 
FNDC3A_binarized(2): OR1F2P_binarized 
PAX4_binarized(2): 
GSDMD_binarized(2): SEMA3F_binarized 
GALNT1_binarized(2): SEMA3F_binarized 
OR1F2P_binarized(2): PAX4_binarized 
MUT_binarized(2): PAX4_binarized 
LARS2_binarized(2): SEMA3F_binarized 
TPSB2_binarized(2): SEMA3F_binarized 
ZFP36L1_binarized(2): FNDC3A_binarized 
SGSM3_binarized(2): SEMA3F_binarized 
CFLAR_binarized(2): SEMA3F_binarized 
C2ORF34_binarized(2): SEMA3F_binarized 
OBSL1_binarized(2): SEMA3F_binarized 
RS1_binarized(2): SEMA3F_binarized 
MFNG_binarized(2): SEMA3F_binarized 
PXMP2_binarized(2): SEMA3F_binarized 
AA420614_binarized(2): SEMA3F_binarized 
HES2_binarized(2): SEMA3F_binarized 
FAHD2A_binarized(2): SEMA3F_binarized 
class(2): 
LogScore Bayes: -105.03550218169212
LogScore BDeu: -137.67561056533023
LogScore MDL: -179.60326411076832
LogScore ENTROPY: -116.04218750380933
LogScore AIC: -156.04218750380934

=== Structure for class 'Infected' ===
Bayes Network Classifier
not using ADTree
#attributes=21 #classindex=20
Network structure (nodes followed by parents)
SEMA3F_binarized(2): GSDMD_binarized 
FNDC3A_binarized(2): SEMA3F_binarized 
PAX4_binarized(2): SEMA3F_binarized 
GSDMD_binarized(2): FAHD2A_binarized 
GALNT1_binarized(2): FAHD2A_binarized 
OR1F2P_binarized(2): CFLAR_binarized 
MUT_binarized(2): SEMA3F_binarized 
LARS2_binarized(2): GSDMD_binarized 
TPSB2_binarized(2): MFNG_binarized 
ZFP36L1_binarized(2): SEMA3F_binarized 
SGSM3_binarized(2): 
CFLAR_binarized(2): SGSM3_binarized 
C2ORF34_binarized(2): PXMP2_binarized 
OBSL1_binarized(2): CFLAR_binarized 
RS1_binarized(2): SGSM3_binarized 
MFNG_binarized(2): SGSM3_binarized 
PXMP2_binarized(2): SGSM3_binarized 
AA420614_binarized(2): CFLAR_binarized 
HES2_binarized(2): CFLAR_binarized 
FAHD2A_binarized(2): SGSM3_binarized 
class(2): 
LogScore Bayes: -149.56879947860068
LogScore BDeu: -182.20890786223885
LogScore MDL: -208.28500482600174
LogScore ENTROPY: -148.37035935492193
LogScore AIC: -188.37035935492196

=== Overall Scores ===
LogScore Bayes: -287.044307194799
LogScore BDeu: -352.3245239620753
LogScore MDL: -420.79397424744246
LogScore ENTROPY: -295.42615735244453
LogScore AIC: -376.42615735244453


Time taken to build model: 0.09 seconds
Time taken to test model on training data: 0.04 seconds

=== Error on training data ===

Correctly Classified Instances          42               95.4545 %
Incorrectly Classified Instances         2                4.5455 %
Kappa statistic                          0.9083
Mean absolute error                      0.0927
Root mean squared error                  0.1935
Relative absolute error                 18.6813 %
Root relative squared error             38.8678 %
Total Number of Instances               44     


=== Confusion Matrix ===

  a  b   <-- classified as
 23  1 |  a = Control
  1 19 |  b = Infected


=== Error on test data ===

Correctly Classified Instances           4               40      %
Incorrectly Classified Instances         6               60      %
Kappa statistic                         -0.0714
Mean absolute error                      0.5229
Root mean squared error                  0.6732
Relative absolute error                106.4235 %
Root relative squared error            136.5065 %
Total Number of Instances               10     


=== Confusion Matrix ===

 a b   <-- classified as
 1 5 | a = Control
 1 3 | b = Infected

