disease ---> Breast_Neoplasm
experiment ---> GDS1326,GDS3716
type ---> multi
closed the readers
about to evaluate model
Warning: discretizing data set
evaluated model
test instances:
8
total instances:
54

Bayes Network Classifier
Using ADTree
#attributes=51 #classindex=50
Network structure (nodes followed by parents)
FNDC3A(2): class 
GSDMD_binarized(2): class 
PAX4_binarized(2): class 
MUT_binarized(2): class 
ZFP36L1_binarized(2): class 
OR1F2P_binarized(2): class 
RNF13_binarized(2): class 
TMEM48_binarized(2): class 
C6ORF26_binarized(2): class 
PFKL_binarized(2): class 
TCN2_binarized(2): class 
GOLGA1_binarized(2): class 
ZNF335_binarized(2): class 
CEP68_binarized(2): class 
RNF103_binarized(2): class 
L3MBTL_binarized(2): class 
CTTN_binarized(2): class 
FARP1_binarized(2): class 
SFI1_binarized(2): class 
SF3A1_binarized(2): class 
STX6_binarized(2): class 
ST3GAL2_binarized(2): class 
TCIRG1_binarized(2): class 
MIA3_binarized(2): class 
SMARCA1_binarized(2): class 
VPS13D_binarized(2): class 
KIR3DX1_binarized(2): class 
BRD7P3_binarized(2): class 
FCGR2C_binarized(2): class 
TPSB2_binarized(2): class 
NCDN_binarized(2): class 
CDC20_binarized(2): class 
MCFD2_binarized(2): class 
FRY_binarized(2): class 
ICAM3_binarized(2): class 
SIPA1L3_binarized(2): class 
INTS3_binarized(2): class 
CYHR1_binarized(2): class 
IGL@_binarized(2): class 
RABEP2_binarized(2): class 
GPR3_binarized(2): class 
BCKDHA_binarized(2): class 
MAP3K12_binarized(2): class 
AGXT_binarized(2): class 
WDR55_binarized(2): class 
MUM1_binarized(2): class 
ARF3_binarized(2): class 
DNPEP_binarized(2): class 
RUFY3_binarized(2): class 
SYDE1_binarized(2): class 
class(2): 
LogScore Bayes: -853.7293981525014
LogScore BDeu: -939.6244202147064
LogScore MDL: -1010.716643090524
LogScore ENTROPY: -817.3702525678264
LogScore AIC: -918.3702525678261


Time taken to build model: 0.25 seconds
Time taken to test model on training data: 0.08 seconds

=== Error on training data ===

Correctly Classified Instances          38               82.6087 %
Incorrectly Classified Instances         8               17.3913 %
Kappa statistic                          0.6522
Mean absolute error                      0.175 
Root mean squared error                  0.3855
Relative absolute error                 36.0364 %
Root relative squared error             78.2871 %
Total Number of Instances               46     


=== Confusion Matrix ===

  a  b   <-- classified as
 21  6 |  a = Control
  2 17 |  b = Infected


=== Error on test data ===

Correctly Classified Instances           5               62.5    %
Incorrectly Classified Instances         3               37.5    %
Kappa statistic                          0.25  
Mean absolute error                      0.3279
Root mean squared error                  0.5266
Relative absolute error                 62.9652 %
Root relative squared error             99.9198 %
Total Number of Instances                8     


=== Confusion Matrix ===

 a b   <-- classified as
 2 1 | a = Control
 2 3 | b = Infected

Weighted area under ROC: 
NaN
True negative (control): 
0.0
True positive: 
0.0
