disease ---> Breast_Neoplasm
experiment ---> GDS1326,GDS3716
type ---> multi
closed the readers
about to evaluate model
evaluated model
test instances:
8
total instances:
54

=== Structure for class 'Control' ===
Bayes Network Classifier
not using ADTree
#attributes=21 #classindex=20
Network structure (nodes followed by parents)
FNDC3A_binarized(2): OR1F2P_binarized 
GSDMD_binarized(2): FNDC3A_binarized 
PAX4_binarized(2): MUT_binarized 
MUT_binarized(2): PFKL_binarized 
ZFP36L1_binarized(2): CTTN_binarized 
OR1F2P_binarized(2): FARP1_binarized 
RNF13_binarized(2): MUT_binarized 
TMEM48_binarized(2): RNF13_binarized 
C6ORF26_binarized(2): TMEM48_binarized 
PFKL_binarized(2): OR1F2P_binarized 
TCN2_binarized(2): GOLGA1_binarized 
GOLGA1_binarized(2): TMEM48_binarized 
ZNF335_binarized(2): 
CEP68_binarized(2): ZNF335_binarized 
RNF103_binarized(2): TMEM48_binarized 
L3MBTL_binarized(2): FNDC3A_binarized 
CTTN_binarized(2): ZNF335_binarized 
FARP1_binarized(2): ZNF335_binarized 
SFI1_binarized(2): FARP1_binarized 
SF3A1_binarized(2): FNDC3A_binarized 
class(2): 
LogScore Bayes: -232.9277717835418
LogScore BDeu: -265.5678801671799
LogScore MDL: -292.18842451974024
LogScore ENTROPY: -226.2716871996536
LogScore AIC: -266.2716871996536

=== Structure for class 'Infected' ===
Bayes Network Classifier
not using ADTree
#attributes=21 #classindex=20
Network structure (nodes followed by parents)
FNDC3A_binarized(2): GSDMD_binarized 
GSDMD_binarized(2): GOLGA1_binarized 
PAX4_binarized(2): FNDC3A_binarized 
MUT_binarized(2): FNDC3A_binarized 
ZFP36L1_binarized(2): FNDC3A_binarized 
OR1F2P_binarized(2): 
RNF13_binarized(2): FNDC3A_binarized 
TMEM48_binarized(2): CTTN_binarized 
C6ORF26_binarized(2): TMEM48_binarized 
PFKL_binarized(2): OR1F2P_binarized 
TCN2_binarized(2): GOLGA1_binarized 
GOLGA1_binarized(2): PFKL_binarized 
ZNF335_binarized(2): OR1F2P_binarized 
CEP68_binarized(2): ZNF335_binarized 
RNF103_binarized(2): PFKL_binarized 
L3MBTL_binarized(2): GOLGA1_binarized 
CTTN_binarized(2): RNF103_binarized 
FARP1_binarized(2): TCN2_binarized 
SFI1_binarized(2): FARP1_binarized 
SF3A1_binarized(2): FNDC3A_binarized 
class(2): 
LogScore Bayes: -130.33273307457765
LogScore BDeu: -162.97284145821578
LogScore MDL: -192.66327268436015
LogScore ENTROPY: -133.7744931010313
LogScore AIC: -173.77449310103134

=== Overall Scores ===
LogScore Bayes: -396.5917324417476
LogScore BDeu: -461.8719492090238
LogScore MDL: -518.6597579756141
LogScore ENTROPY: -391.939920373954
LogScore AIC: -472.9399203739541


Time taken to build model: 0.09 seconds
Time taken to test model on training data: 0.04 seconds

=== Error on training data ===

Correctly Classified Instances          40               86.9565 %
Incorrectly Classified Instances         6               13.0435 %
Kappa statistic                          0.7351
Mean absolute error                      0.1362
Root mean squared error                  0.2592
Relative absolute error                 28.049  %
Root relative squared error             52.6492 %
Total Number of Instances               46     


=== Confusion Matrix ===

  a  b   <-- classified as
 23  4 |  a = Control
  2 17 |  b = Infected


=== Error on test data ===

Correctly Classified Instances           7               87.5    %
Incorrectly Classified Instances         1               12.5    %
Kappa statistic                          0.75  
Mean absolute error                      0.2966
Root mean squared error                  0.3529
Relative absolute error                 56.9402 %
Root relative squared error             66.9652 %
Total Number of Instances                8     


=== Confusion Matrix ===

 a b   <-- classified as
 3 0 | a = Control
 1 4 | b = Infected

