disease ---> Breast_Neoplasm
experiment ---> GDS1326,GDS3716
type ---> multi
closed the readers
about to evaluate model
Warning: discretizing data set
evaluated model
test instances:
9
total instances:
54

Bayes Network Classifier
Using ADTree
#attributes=61 #classindex=60
Network structure (nodes followed by parents)
FNDC3A(2): class 
PAX4_binarized(2): class 
GSDMD_binarized(2): class 
TPSB2_binarized(2): class 
LARS2_binarized(2): class 
MUT_binarized(2): class 
SEMA3F_binarized(2): class 
OR1F2P_binarized(2): class 
C2ORF34_binarized(2): class 
ZFP36L1_binarized(2): class 
C6ORF26_binarized(2): class 
TMEM48_binarized(2): class 
PFKL_binarized(2): class 
RABEP2_binarized(2): class 
ZNF335_binarized(2): class 
CEP68_binarized(2): class 
APOE_binarized(2): class 
ZNF701_binarized(2): class 
ENOSF1_binarized(2): class 
GOLGA1_binarized(2): class 
ST3GAL2_binarized(2): class 
RNF103_binarized(2): class 
SYDE1_binarized(2): class 
STX6_binarized(2): class 
SFI1_binarized(2): class 
CTTN_binarized(2): class 
KIR3DX1_binarized(2): class 
VPS13D_binarized(2): class 
TCIRG1_binarized(2): class 
MIA3_binarized(2): class 
L3MBTL_binarized(2): class 
BRD7P3_binarized(2): class 
FCGR2C_binarized(2): class 
SMARCA1_binarized(2): class 
NCDN_binarized(2): class 
CDC20_binarized(2): class 
MCFD2_binarized(2): class 
FRY_binarized(2): class 
ICAM3_binarized(2): class 
SIPA1L3_binarized(2): class 
INTS3_binarized(2): class 
CYHR1_binarized(2): class 
IGL@_binarized(2): class 
PPP5C_binarized(2): class 
GPR3_binarized(2): class 
BCKDHA_binarized(2): class 
MAP3K12_binarized(2): class 
AGXT_binarized(2): class 
WDR55_binarized(2): class 
MUM1_binarized(2): class 
ARF3_binarized(2): class 
DNPEP_binarized(2): class 
RUFY3_binarized(2): class 
SEZ6L_binarized(2): class 
HEY2_binarized(2): class 
CPNE7_binarized(2): class 
COMT_binarized(2): class 
IHH_binarized(2): class 
RGS5_binarized(2): class 
TTF2_binarized(2): class 
class(2): 
LogScore Bayes: -1022.4904871183517
LogScore BDeu: -1125.5645135929951
LogScore MDL: -1206.835040705747
LogScore ENTROPY: -976.5319600746409
LogScore AIC: -1097.531960074641


Time taken to build model: 0.36 seconds
Time taken to test model on training data: 0.08 seconds

=== Error on training data ===

Correctly Classified Instances          39               86.6667 %
Incorrectly Classified Instances         6               13.3333 %
Kappa statistic                          0.7327
Mean absolute error                      0.1439
Root mean squared error                  0.3588
Relative absolute error                 29.1224 %
Root relative squared error             72.2152 %
Total Number of Instances               45     


=== Confusion Matrix ===

  a  b   <-- classified as
 21  4 |  a = Control
  2 18 |  b = Infected


=== Error on test data ===

Correctly Classified Instances           4               44.4444 %
Incorrectly Classified Instances         5               55.5556 %
Kappa statistic                          0     
Mean absolute error                      0.5556
Root mean squared error                  0.7454
Relative absolute error                112.4402 %
Root relative squared error            149.9981 %
Total Number of Instances                9     


=== Confusion Matrix ===

 a b   <-- classified as
 0 5 | a = Control
 0 4 | b = Infected

Weighted area under ROC: 
NaN
True negative (control): 
0.0
True positive: 
0.0
