disease ---> Breast_Neoplasm
experiment ---> GDS1326,GDS3716
type ---> multi
closed the readers
about to evaluate model
Warning: discretizing data set
evaluated model
test instances:
8
total instances:
54

Bayes Network Classifier
Using ADTree
#attributes=91 #classindex=90
Network structure (nodes followed by parents)
FNDC3A(2): class 
GSDMD_binarized(2): class 
PAX4_binarized(2): class 
MUT_binarized(2): class 
ZFP36L1_binarized(2): class 
OR1F2P_binarized(2): class 
RNF13_binarized(2): class 
TMEM48_binarized(2): class 
C6ORF26_binarized(2): class 
PFKL_binarized(2): class 
TCN2_binarized(2): class 
GOLGA1_binarized(2): class 
ZNF335_binarized(2): class 
CEP68_binarized(2): class 
RNF103_binarized(2): class 
L3MBTL_binarized(2): class 
CTTN_binarized(2): class 
FARP1_binarized(2): class 
SFI1_binarized(2): class 
SF3A1_binarized(2): class 
STX6_binarized(2): class 
ST3GAL2_binarized(2): class 
TCIRG1_binarized(2): class 
MIA3_binarized(2): class 
SMARCA1_binarized(2): class 
VPS13D_binarized(2): class 
KIR3DX1_binarized(2): class 
BRD7P3_binarized(2): class 
FCGR2C_binarized(2): class 
TPSB2_binarized(2): class 
NCDN_binarized(2): class 
CDC20_binarized(2): class 
MCFD2_binarized(2): class 
FRY_binarized(2): class 
ICAM3_binarized(2): class 
SIPA1L3_binarized(2): class 
INTS3_binarized(2): class 
CYHR1_binarized(2): class 
IGL@_binarized(2): class 
RABEP2_binarized(2): class 
GPR3_binarized(2): class 
BCKDHA_binarized(2): class 
MAP3K12_binarized(2): class 
AGXT_binarized(2): class 
WDR55_binarized(2): class 
MUM1_binarized(2): class 
ARF3_binarized(2): class 
DNPEP_binarized(2): class 
RUFY3_binarized(2): class 
SYDE1_binarized(2): class 
SEZ6L_binarized(2): class 
HEY2_binarized(2): class 
CPNE7_binarized(2): class 
COMT_binarized(2): class 
IHH_binarized(2): class 
RGS5_binarized(2): class 
TTF2_binarized(2): class 
PHF3_binarized(2): class 
PARD6B_binarized(2): class 
ANXA9_binarized(2): class 
ZNF267_binarized(2): class 
PERP_binarized(2): class 
RCHY1_binarized(2): class 
DOPEY1_binarized(2): class 
LZTS1_binarized(2): class 
UBE2D3_binarized(2): class 
APITD1_binarized(2): class 
KCNJ5_binarized(2): class 
SDC3_binarized(2): class 
ISG20_binarized(2): class 
NSDHL_binarized(2): class 
DCLRE1C_binarized(2): class 
DTYMK_binarized(2): class 
TDRD3_binarized(2): class 
C17ORF86_binarized(2): class 
XPC_binarized(2): class 
SLCO2B1_binarized(2): class 
MAPK13_binarized(2): class 
GPC1_binarized(2): class 
DIAPH1_binarized(2): class 
LMAN2_binarized(2): class 
DYRK1A_binarized(2): class 
OR51E2_binarized(2): class 
COX15_binarized(2): class 
TNFAIP3_binarized(2): class 
C7ORF23_binarized(2): class 
PTGS2_binarized(2): class 
PHLDB1_binarized(2): class 
SIK3_binarized(2): class 
DAXX_binarized(2): class 
class(2): 
LogScore Bayes: -1370.1705670747558
LogScore BDeu: -1524.781606786722
LogScore MDL: -1664.6547205886561
LogScore ENTROPY: -1318.162674206395
LogScore AIC: -1499.1626742063954


Time taken to build model: 0.18 seconds
Time taken to test model on training data: 0.02 seconds

=== Error on training data ===

Correctly Classified Instances          39               84.7826 %
Incorrectly Classified Instances         7               15.2174 %
Kappa statistic                          0.6933
Mean absolute error                      0.1675
Root mean squared error                  0.3711
Relative absolute error                 34.5003 %
Root relative squared error             75.3706 %
Total Number of Instances               46     


=== Confusion Matrix ===

  a  b   <-- classified as
 22  5 |  a = Control
  2 17 |  b = Infected


=== Error on test data ===

Correctly Classified Instances           5               62.5    %
Incorrectly Classified Instances         3               37.5    %
Kappa statistic                          0.25  
Mean absolute error                      0.3701
Root mean squared error                  0.5703
Relative absolute error                 71.0603 %
Root relative squared error            108.2056 %
Total Number of Instances                8     


=== Confusion Matrix ===

 a b   <-- classified as
 2 1 | a = Control
 2 3 | b = Infected

Weighted area under ROC: 
NaN
True negative (control): 
0.0
True positive: 
0.0
