disease ---> Breast_Neoplasm
experiment ---> GDS1326,GDS3716
type ---> multi
closed the readers
about to evaluate model
evaluated model
test instances:
1
total instances:
54

=== Structure for class 'Control' ===
Bayes Network Classifier
not using ADTree
#attributes=51 #classindex=50
Network structure (nodes followed by parents)
GSDMD_binarized(2): FNDC3A_binarized 
FNDC3A_binarized(2): MAP3K12_binarized 
C2ORF34_binarized(2): GSDMD_binarized 
SLC7A8_binarized(2): GSDMD_binarized 
BAZ1B_binarized(2): GSDMD_binarized 
MUT_binarized(2): ENOSF1_binarized 
ZFP36L1_binarized(2): ST3GAL2_binarized 
PAX4_binarized(2): MUT_binarized 
OR1F2P_binarized(2): PAX4_binarized 
TMEM48_binarized(2): ENOSF1_binarized 
C6ORF26_binarized(2): TMEM48_binarized 
SIDT2_binarized(2): RABEP2_binarized 
PFKL_binarized(2): MUT_binarized 
RNF103_binarized(2): TMEM48_binarized 
CEP68_binarized(2): 
ZNF335_binarized(2): CEP68_binarized 
APOE_binarized(2): FNDC3A_binarized 
GOLGA1_binarized(2): ENOSF1_binarized 
ENOSF1_binarized(2): ST3GAL2_binarized 
STX6_binarized(2): GSDMD_binarized 
L3MBTL_binarized(2): GSDMD_binarized 
TCIRG1_binarized(2): RABEP2_binarized 
CTTN_binarized(2): ST3GAL2_binarized 
FARP1_binarized(2): TCIRG1_binarized 
SYDE1_binarized(2): GSDMD_binarized 
ST3GAL2_binarized(2): CEP68_binarized 
SFI1_binarized(2): TCIRG1_binarized 
KIR3DX1_binarized(2): GSDMD_binarized 
MIA3_binarized(2): GSDMD_binarized 
SMARCA1_binarized(2): GSDMD_binarized 
VPS13D_binarized(2): GSDMD_binarized 
FCGR2C_binarized(2): GSDMD_binarized 
TPSB2_binarized(2): TCIRG1_binarized 
CDC20_binarized(2): GSDMD_binarized 
BRD7P3_binarized(2): ZFP36L1_binarized 
NCDN_binarized(2): RABEP2_binarized 
MCFD2_binarized(2): GSDMD_binarized 
FRY_binarized(2): TCIRG1_binarized 
ICAM3_binarized(2): GSDMD_binarized 
SIPA1L3_binarized(2): GSDMD_binarized 
INTS3_binarized(2): TCIRG1_binarized 
CYHR1_binarized(2): GSDMD_binarized 
IGL@_binarized(2): MUT_binarized 
RABEP2_binarized(2): PFKL_binarized 
GPR3_binarized(2): GSDMD_binarized 
BCKDHA_binarized(2): TCIRG1_binarized 
MAP3K12_binarized(2): FARP1_binarized 
AGXT_binarized(2): TCIRG1_binarized 
WDR55_binarized(2): TCIRG1_binarized 
MUM1_binarized(2): PFKL_binarized 
class(2): 
LogScore Bayes: -407.5320785933112
LogScore BDeu: -491.7092002142727
LogScore MDL: -582.279607445363
LogScore ENTROPY: -412.2197383622553
LogScore AIC: -512.2197383622553

=== Structure for class 'Infected' ===
Bayes Network Classifier
not using ADTree
#attributes=51 #classindex=50
Network structure (nodes followed by parents)
GSDMD_binarized(2): BAZ1B_binarized 
FNDC3A_binarized(2): GSDMD_binarized 
C2ORF34_binarized(2): BAZ1B_binarized 
SLC7A8_binarized(2): RNF103_binarized 
BAZ1B_binarized(2): SIDT2_binarized 
MUT_binarized(2): GSDMD_binarized 
ZFP36L1_binarized(2): GSDMD_binarized 
PAX4_binarized(2): SLC7A8_binarized 
OR1F2P_binarized(2): PFKL_binarized 
TMEM48_binarized(2): AGXT_binarized 
C6ORF26_binarized(2): TMEM48_binarized 
SIDT2_binarized(2): RABEP2_binarized 
PFKL_binarized(2): ENOSF1_binarized 
RNF103_binarized(2): ENOSF1_binarized 
CEP68_binarized(2): OR1F2P_binarized 
ZNF335_binarized(2): CEP68_binarized 
APOE_binarized(2): ST3GAL2_binarized 
GOLGA1_binarized(2): ST3GAL2_binarized 
ENOSF1_binarized(2): GOLGA1_binarized 
STX6_binarized(2): VPS13D_binarized 
L3MBTL_binarized(2): APOE_binarized 
TCIRG1_binarized(2): MAP3K12_binarized 
CTTN_binarized(2): 
FARP1_binarized(2): TCIRG1_binarized 
SYDE1_binarized(2): GSDMD_binarized 
ST3GAL2_binarized(2): NCDN_binarized 
SFI1_binarized(2): FARP1_binarized 
KIR3DX1_binarized(2): GSDMD_binarized 
MIA3_binarized(2): GSDMD_binarized 
SMARCA1_binarized(2): GSDMD_binarized 
VPS13D_binarized(2): CEP68_binarized 
FCGR2C_binarized(2): GSDMD_binarized 
TPSB2_binarized(2): GOLGA1_binarized 
CDC20_binarized(2): GSDMD_binarized 
BRD7P3_binarized(2): BAZ1B_binarized 
NCDN_binarized(2): GSDMD_binarized 
MCFD2_binarized(2): GSDMD_binarized 
FRY_binarized(2): TCIRG1_binarized 
ICAM3_binarized(2): GSDMD_binarized 
SIPA1L3_binarized(2): GSDMD_binarized 
INTS3_binarized(2): SLC7A8_binarized 
CYHR1_binarized(2): GSDMD_binarized 
IGL@_binarized(2): MUM1_binarized 
RABEP2_binarized(2): TCIRG1_binarized 
GPR3_binarized(2): GSDMD_binarized 
BCKDHA_binarized(2): FARP1_binarized 
MAP3K12_binarized(2): CTTN_binarized 
AGXT_binarized(2): OR1F2P_binarized 
WDR55_binarized(2): TCIRG1_binarized 
MUM1_binarized(2): PFKL_binarized 
class(2): 
LogScore Bayes: -343.2745989927247
LogScore BDeu: -427.4517206136862
LogScore MDL: -505.03983270417507
LogScore ENTROPY: -348.2651219077169
LogScore AIC: -448.2651219077171

=== Overall Scores ===
LogScore Bayes: -789.2955703993277
LogScore BDeu: -957.6498136412506
LogScore MDL: -1126.2795508735496
LogScore ENTROPY: -797.4598250372078
LogScore AIC: -998.4598250372079


Time taken to build model: 0.24 seconds
Time taken to test model on training data: 0.04 seconds

=== Error on training data ===

Correctly Classified Instances          48               90.566  %
Incorrectly Classified Instances         5                9.434  %
Kappa statistic                          0.807 
Mean absolute error                      0.0934
Root mean squared error                  0.2241
Relative absolute error                 19.0042 %
Root relative squared error             45.2117 %
Total Number of Instances               53     


=== Confusion Matrix ===

  a  b   <-- classified as
 28  2 |  a = Control
  3 20 |  b = Infected


=== Error on test data ===

Correctly Classified Instances           1              100      %
Incorrectly Classified Instances         0                0      %
Kappa statistic                          1     
Mean absolute error                      0     
Root mean squared error                  0     
Relative absolute error                  0.0007 %
Root relative squared error              0.0007 %
Total Number of Instances                1     


=== Confusion Matrix ===

 a b   <-- classified as
 0 0 | a = Control
 0 1 | b = Infected

