disease ---> Breast_Neoplasm
experiment ---> GDS1326,GDS3716
type ---> multi
closed the readers
about to evaluate model
evaluated model
test instances:
7
total instances:
54

=== Structure for class 'Control' ===
Bayes Network Classifier
not using ADTree
#attributes=21 #classindex=20
Network structure (nodes followed by parents)
FNDC3A_binarized(2): OR1F2P_binarized 
GSDMD_binarized(2): FNDC3A_binarized 
LARS2_binarized(2): FNDC3A_binarized 
C2ORF34_binarized(2): FNDC3A_binarized 
SLC7A8_binarized(2): FNDC3A_binarized 
MUT_binarized(2): PFKL_binarized 
ZFP36L1_binarized(2): FNDC3A_binarized 
OR1F2P_binarized(2): SEMA3F_binarized 
RNF13_binarized(2): MUT_binarized 
PAX4_binarized(2): MUT_binarized 
C6ORF26_binarized(2): ENOSF1_binarized 
TMEM48_binarized(2): C6ORF26_binarized 
PFKL_binarized(2): OR1F2P_binarized 
SEMA3F_binarized(2): ZNF335_binarized 
GOLGA1_binarized(2): ENOSF1_binarized 
ZNF335_binarized(2): 
CEP68_binarized(2): ZNF335_binarized 
TCN2_binarized(2): GOLGA1_binarized 
APOE_binarized(2): FNDC3A_binarized 
ENOSF1_binarized(2): MUT_binarized 
class(2): 
LogScore Bayes: -223.89909276808817
LogScore BDeu: -256.53920115172616
LogScore MDL: -282.8830088103081
LogScore ENTROPY: -216.96627149022157
LogScore AIC: -256.96627149022163

=== Structure for class 'Infected' ===
Bayes Network Classifier
not using ADTree
#attributes=21 #classindex=20
Network structure (nodes followed by parents)
FNDC3A_binarized(2): GSDMD_binarized 
GSDMD_binarized(2): PAX4_binarized 
LARS2_binarized(2): TCN2_binarized 
C2ORF34_binarized(2): PAX4_binarized 
SLC7A8_binarized(2): TCN2_binarized 
MUT_binarized(2): FNDC3A_binarized 
ZFP36L1_binarized(2): FNDC3A_binarized 
OR1F2P_binarized(2): 
RNF13_binarized(2): FNDC3A_binarized 
PAX4_binarized(2): SLC7A8_binarized 
C6ORF26_binarized(2): FNDC3A_binarized 
TMEM48_binarized(2): C6ORF26_binarized 
PFKL_binarized(2): OR1F2P_binarized 
SEMA3F_binarized(2): SLC7A8_binarized 
GOLGA1_binarized(2): ENOSF1_binarized 
ZNF335_binarized(2): OR1F2P_binarized 
CEP68_binarized(2): ZNF335_binarized 
TCN2_binarized(2): GOLGA1_binarized 
APOE_binarized(2): SLC7A8_binarized 
ENOSF1_binarized(2): PFKL_binarized 
class(2): 
LogScore Bayes: -149.65767473588994
LogScore BDeu: -182.29778311952796
LogScore MDL: -210.35293944600846
LogScore ENTROPY: -150.43829397492868
LogScore AIC: -190.43829397492868

=== Overall Scores ===
LogScore Bayes: -407.7677282237466
LogScore BDeu: -473.04794499102263
LogScore MDL: -527.9198452862965
LogScore ENTROPY: -400.1633886942751
LogScore AIC: -481.1633886942752


Time taken to build model: 0.07 seconds
Time taken to test model on training data: 0.06 seconds

=== Error on training data ===

Correctly Classified Instances          45               95.7447 %
Incorrectly Classified Instances         2                4.2553 %
Kappa statistic                          0.9141
Mean absolute error                      0.1122
Root mean squared error                  0.232 
Relative absolute error                 22.9341 %
Root relative squared error             46.9254 %
Total Number of Instances               47     


=== Confusion Matrix ===

  a  b   <-- classified as
 25  2 |  a = Control
  0 20 |  b = Infected


=== Error on test data ===

Correctly Classified Instances           6               85.7143 %
Incorrectly Classified Instances         1               14.2857 %
Kappa statistic                          0.6957
Mean absolute error                      0.1908
Root mean squared error                  0.267 
Relative absolute error                 37.3912 %
Root relative squared error             51.8299 %
Total Number of Instances                7     


=== Confusion Matrix ===

 a b   <-- classified as
 2 1 | a = Control
 0 4 | b = Infected

