disease ---> Breast_Neoplasm
experiment ---> GDS1326,GDS3716
type ---> multi
closed the readers
about to evaluate model
evaluated model
test instances:
3
total instances:
54

=== Structure for class 'Control' ===
Bayes Network Classifier
not using ADTree
#attributes=71 #classindex=70
Network structure (nodes followed by parents)
GSDMD_binarized(2): FNDC3A_binarized 
FNDC3A_binarized(2): MAP3K12_binarized 
PAX4_binarized(2): MUT_binarized 
C2ORF34_binarized(2): GSDMD_binarized 
MUT_binarized(2): ENOSF1_binarized 
OR1F2P_binarized(2): HEY2_binarized 
ZFP36L1_binarized(2): ST3GAL2_binarized 
TMEM48_binarized(2): ENOSF1_binarized 
C6ORF26_binarized(2): TMEM48_binarized 
ESRP2_binarized(2): CEP68_binarized 
PFKL_binarized(2): MUT_binarized 
RNF103_binarized(2): TMEM48_binarized 
CEP68_binarized(2): 
ZNF335_binarized(2): CEP68_binarized 
APOE_binarized(2): FNDC3A_binarized 
SEMA3F_binarized(2): TCIRG1_binarized 
TCN2_binarized(2): ZNF267_binarized 
ENOSF1_binarized(2): ST3GAL2_binarized 
GOLGA1_binarized(2): ENOSF1_binarized 
FCGR2C_binarized(2): GSDMD_binarized 
NCDN_binarized(2): RABEP2_binarized 
TCIRG1_binarized(2): RABEP2_binarized 
BRD7P3_binarized(2): ZFP36L1_binarized 
ST3GAL2_binarized(2): CEP68_binarized 
SFI1_binarized(2): SEMA3F_binarized 
FARP1_binarized(2): TCIRG1_binarized 
STX6_binarized(2): GSDMD_binarized 
CTTN_binarized(2): ST3GAL2_binarized 
KIR3DX1_binarized(2): GSDMD_binarized 
VPS13D_binarized(2): GSDMD_binarized 
MIA3_binarized(2): GSDMD_binarized 
GPR3_binarized(2): GSDMD_binarized 
TPSB2_binarized(2): ISG20_binarized 
CDC20_binarized(2): GSDMD_binarized 
L3MBTL_binarized(2): GSDMD_binarized 
SMARCA1_binarized(2): GSDMD_binarized 
IGL@_binarized(2): MUT_binarized 
RABEP2_binarized(2): HEY2_binarized 
FRY_binarized(2): TCIRG1_binarized 
IHH_binarized(2): GSDMD_binarized 
CPNE7_binarized(2): GSDMD_binarized 
PARD6B_binarized(2): MAP3K12_binarized 
PHF3_binarized(2): APOE_binarized 
MAP3K12_binarized(2): SEMA3F_binarized 
INTS3_binarized(2): SEMA3F_binarized 
ICAM3_binarized(2): GSDMD_binarized 
MCFD2_binarized(2): GSDMD_binarized 
COMT_binarized(2): ENOSF1_binarized 
CYHR1_binarized(2): GSDMD_binarized 
SIPA1L3_binarized(2): GSDMD_binarized 
HEY2_binarized(2): PFKL_binarized 
WDR55_binarized(2): TCIRG1_binarized 
SEZ6L_binarized(2): HEY2_binarized 
SYDE1_binarized(2): GSDMD_binarized 
AGXT_binarized(2): SEMA3F_binarized 
RUFY3_binarized(2): GSDMD_binarized 
ARF3_binarized(2): GSDMD_binarized 
RGS5_binarized(2): GSDMD_binarized 
TTF2_binarized(2): PAX4_binarized 
MUM1_binarized(2): PFKL_binarized 
DNPEP_binarized(2): GSDMD_binarized 
BCKDHA_binarized(2): SEMA3F_binarized 
ZNF267_binarized(2): TCIRG1_binarized 
SDC3_binarized(2): SEMA3F_binarized 
ISG20_binarized(2): SEMA3F_binarized 
DOPEY1_binarized(2): SEMA3F_binarized 
PERP_binarized(2): GSDMD_binarized 
ANXA9_binarized(2): GSDMD_binarized 
APITD1_binarized(2): GSDMD_binarized 
PAR5_binarized(2): GSDMD_binarized 
class(2): 
LogScore Bayes: -521.0753351576413
LogScore BDeu: -639.6104656034848
LogScore MDL: -768.5491955466349
LogScore ENTROPY: -532.8384874475831
LogScore AIC: -672.8384874475827

=== Structure for class 'Infected' ===
Bayes Network Classifier
not using ADTree
#attributes=71 #classindex=70
Network structure (nodes followed by parents)
GSDMD_binarized(2): ISG20_binarized 
FNDC3A_binarized(2): GSDMD_binarized 
PAX4_binarized(2): GSDMD_binarized 
C2ORF34_binarized(2): PARD6B_binarized 
MUT_binarized(2): GSDMD_binarized 
OR1F2P_binarized(2): PFKL_binarized 
ZFP36L1_binarized(2): GSDMD_binarized 
TMEM48_binarized(2): AGXT_binarized 
C6ORF26_binarized(2): TMEM48_binarized 
ESRP2_binarized(2): GOLGA1_binarized 
PFKL_binarized(2): ENOSF1_binarized 
RNF103_binarized(2): ENOSF1_binarized 
CEP68_binarized(2): OR1F2P_binarized 
ZNF335_binarized(2): CEP68_binarized 
APOE_binarized(2): ST3GAL2_binarized 
SEMA3F_binarized(2): RABEP2_binarized 
TCN2_binarized(2): ZNF267_binarized 
ENOSF1_binarized(2): GOLGA1_binarized 
GOLGA1_binarized(2): TPSB2_binarized 
FCGR2C_binarized(2): GSDMD_binarized 
NCDN_binarized(2): GSDMD_binarized 
TCIRG1_binarized(2): MAP3K12_binarized 
BRD7P3_binarized(2): ISG20_binarized 
ST3GAL2_binarized(2): NCDN_binarized 
SFI1_binarized(2): TCIRG1_binarized 
FARP1_binarized(2): TCIRG1_binarized 
STX6_binarized(2): VPS13D_binarized 
CTTN_binarized(2): MAP3K12_binarized 
KIR3DX1_binarized(2): GSDMD_binarized 
VPS13D_binarized(2): CEP68_binarized 
MIA3_binarized(2): GSDMD_binarized 
GPR3_binarized(2): GSDMD_binarized 
TPSB2_binarized(2): TCN2_binarized 
CDC20_binarized(2): GSDMD_binarized 
L3MBTL_binarized(2): APOE_binarized 
SMARCA1_binarized(2): GSDMD_binarized 
IGL@_binarized(2): PFKL_binarized 
RABEP2_binarized(2): ZNF267_binarized 
FRY_binarized(2): TCIRG1_binarized 
IHH_binarized(2): GSDMD_binarized 
CPNE7_binarized(2): GSDMD_binarized 
PARD6B_binarized(2): ZNF267_binarized 
PHF3_binarized(2): GSDMD_binarized 
MAP3K12_binarized(2): HEY2_binarized 
INTS3_binarized(2): TCIRG1_binarized 
ICAM3_binarized(2): GSDMD_binarized 
MCFD2_binarized(2): GSDMD_binarized 
COMT_binarized(2): MAP3K12_binarized 
CYHR1_binarized(2): GSDMD_binarized 
SIPA1L3_binarized(2): GSDMD_binarized 
HEY2_binarized(2): 
WDR55_binarized(2): TCIRG1_binarized 
SEZ6L_binarized(2): HEY2_binarized 
SYDE1_binarized(2): GSDMD_binarized 
AGXT_binarized(2): OR1F2P_binarized 
RUFY3_binarized(2): GSDMD_binarized 
ARF3_binarized(2): GSDMD_binarized 
RGS5_binarized(2): GSDMD_binarized 
TTF2_binarized(2): C2ORF34_binarized 
MUM1_binarized(2): IGL@_binarized 
DNPEP_binarized(2): GSDMD_binarized 
BCKDHA_binarized(2): TCIRG1_binarized 
ZNF267_binarized(2): TCIRG1_binarized 
SDC3_binarized(2): TCIRG1_binarized 
ISG20_binarized(2): TCIRG1_binarized 
DOPEY1_binarized(2): TCIRG1_binarized 
PERP_binarized(2): GSDMD_binarized 
ANXA9_binarized(2): GSDMD_binarized 
APITD1_binarized(2): GSDMD_binarized 
PAR5_binarized(2): GSDMD_binarized 
class(2): 
LogScore Bayes: -449.32556606991625
LogScore BDeu: -567.8606965157591
LogScore MDL: -677.0753938537104
LogScore ENTROPY: -460.7024221186264
LogScore AIC: -600.7024221186269

=== Overall Scores ===
LogScore Bayes: -1007.466163981272
LogScore BDeu: -1244.5364248729584
LogScore MDL: -1483.161568357008
LogScore ENTROPY: -1029.1119757065098
LogScore AIC: -1310.11197570651


Time taken to build model: 0.13 seconds
Time taken to test model on training data: 0.02 seconds

=== Error on training data ===

Correctly Classified Instances          48               94.1176 %
Incorrectly Classified Instances         3                5.8824 %
Kappa statistic                          0.8794
Mean absolute error                      0.0732
Root mean squared error                  0.2108
Relative absolute error                 14.9122 %
Root relative squared error             42.5642 %
Total Number of Instances               51     


=== Confusion Matrix ===

  a  b   <-- classified as
 28  1 |  a = Control
  2 20 |  b = Infected


=== Error on test data ===

Correctly Classified Instances           2               66.6667 %
Incorrectly Classified Instances         1               33.3333 %
Kappa statistic                          0.4   
Mean absolute error                      0.3047
Root mean squared error                  0.5114
Relative absolute error                 58.3647 %
Root relative squared error             97.284  %
Total Number of Instances                3     


=== Confusion Matrix ===

 a b   <-- classified as
 1 0 | a = Control
 1 1 | b = Infected

