disease ---> Breast_Neoplasm
experiment ---> GDS1326,GDS3716
type ---> multi
closed the readers
about to evaluate model
Warning: discretizing data set
evaluated model
test instances:
4
total instances:
54

Bayes Network Classifier
Using ADTree
#attributes=21 #classindex=20
Network structure (nodes followed by parents)
FNDC3A(2): class 
GSDMD_binarized(2): class 
C2ORF34_binarized(2): class 
MUT_binarized(2): class 
BAZ1B_binarized(2): class 
ZFP36L1_binarized(2): class 
ABCB6_binarized(2): class 
RUSC1_binarized(2): class 
SLC7A8_binarized(2): class 
SEMA3F_binarized(2): class 
TMEM48_binarized(2): class 
C6ORF26_binarized(2): class 
PFKL_binarized(2): class 
GOLGA1_binarized(2): class 
SIDT2_binarized(2): class 
OR1F2P_binarized(2): class 
CEP68_binarized(2): class 
ZNF335_binarized(2): class 
APOE_binarized(2): class 
RABEP2_binarized(2): class 
class(2): 
LogScore Bayes: -510.04759266548984
LogScore BDeu: -544.4056014903722
LogScore MDL: -562.788123809455
LogScore ENTROPY: -482.59165219817805
LogScore AIC: -523.591652198178


Time taken to build model: 0.07 seconds
Time taken to test model on training data: 0.05 seconds

=== Error on training data ===

Correctly Classified Instances          41               82      %
Incorrectly Classified Instances         9               18      %
Kappa statistic                          0.6411
Mean absolute error                      0.1883
Root mean squared error                  0.403 
Relative absolute error                 37.8854 %
Root relative squared error             80.8665 %
Total Number of Instances               50     


=== Confusion Matrix ===

  a  b   <-- classified as
 21  6 |  a = Control
  3 20 |  b = Infected


=== Error on test data ===

Correctly Classified Instances           1               25      %
Incorrectly Classified Instances         3               75      %
Kappa statistic                          0     
Mean absolute error                      0.7381
Root mean squared error                  0.8524
Relative absolute error                153.5228 %
Root relative squared error            176.8692 %
Total Number of Instances                4     


=== Confusion Matrix ===

 a b   <-- classified as
 0 3 | a = Control
 0 1 | b = Infected

Weighted area under ROC: 
NaN
True negative (control): 
0.0
True positive: 
0.0
