disease ---> Breast_Neoplasm
experiment ---> GDS1326,GDS3716
type ---> multi
closed the readers
about to evaluate model
evaluated model
test instances:
7
total instances:
54

=== Structure for class 'Control' ===
Bayes Network Classifier
not using ADTree
#attributes=11 #classindex=10
Network structure (nodes followed by parents)
FNDC3A_binarized(2): OR1F2P_binarized 
GSDMD_binarized(2): FNDC3A_binarized 
LARS2_binarized(2): FNDC3A_binarized 
C2ORF34_binarized(2): FNDC3A_binarized 
SLC7A8_binarized(2): FNDC3A_binarized 
MUT_binarized(2): PAX4_binarized 
ZFP36L1_binarized(2): FNDC3A_binarized 
OR1F2P_binarized(2): PAX4_binarized 
RNF13_binarized(2): MUT_binarized 
PAX4_binarized(2): 
class(2): 
LogScore Bayes: -103.9522482952703
LogScore BDeu: -119.41335226646729
LogScore MDL: -135.18016156774573
LogScore ENTROPY: -102.22179290770242
LogScore AIC: -122.22179290770242

=== Structure for class 'Infected' ===
Bayes Network Classifier
not using ADTree
#attributes=11 #classindex=10
Network structure (nodes followed by parents)
FNDC3A_binarized(2): GSDMD_binarized 
GSDMD_binarized(2): PAX4_binarized 
LARS2_binarized(2): GSDMD_binarized 
C2ORF34_binarized(2): 
SLC7A8_binarized(2): PAX4_binarized 
MUT_binarized(2): FNDC3A_binarized 
ZFP36L1_binarized(2): FNDC3A_binarized 
OR1F2P_binarized(2): PAX4_binarized 
RNF13_binarized(2): FNDC3A_binarized 
PAX4_binarized(2): C2ORF34_binarized 
class(2): 
LogScore Bayes: -73.564359994705
LogScore BDeu: -89.02546396590199
LogScore MDL: -105.2382873090941
LogScore ENTROPY: -75.28096457355416
LogScore AIC: -95.28096457355416

=== Overall Scores ===
LogScore Bayes: -211.72756900974377
LogScore BDeu: -242.64977695213776
LogScore MDL: -275.1023459068198
LogScore ENTROPY: -210.26158071038145
LogScore AIC: -251.26158071038145


Time taken to build model: 0.04 seconds
Time taken to test model on training data: 0.07 seconds

=== Error on training data ===

Correctly Classified Instances          41               87.234  %
Incorrectly Classified Instances         6               12.766  %
Kappa statistic                          0.7389
Mean absolute error                      0.1553
Root mean squared error                  0.2633
Relative absolute error                 31.7335 %
Root relative squared error             53.253  %
Total Number of Instances               47     


=== Confusion Matrix ===

  a  b   <-- classified as
 24  3 |  a = Control
  3 17 |  b = Infected


=== Error on test data ===

Correctly Classified Instances           6               85.7143 %
Incorrectly Classified Instances         1               14.2857 %
Kappa statistic                          0.6957
Mean absolute error                      0.2612
Root mean squared error                  0.4064
Relative absolute error                 51.1935 %
Root relative squared error             78.9017 %
Total Number of Instances                7     


=== Confusion Matrix ===

 a b   <-- classified as
 2 1 | a = Control
 0 4 | b = Infected

