disease ---> Breast_Neoplasm
experiment ---> GDS1326,GDS3716
type ---> multi
closed the readers
about to evaluate model
evaluated model
test instances:
1
total instances:
54

=== Structure for class 'Control' ===
Bayes Network Classifier
not using ADTree
#attributes=61 #classindex=60
Network structure (nodes followed by parents)
GSDMD_binarized(2): FNDC3A_binarized 
FNDC3A_binarized(2): MAP3K12_binarized 
C2ORF34_binarized(2): GSDMD_binarized 
SLC7A8_binarized(2): GSDMD_binarized 
BAZ1B_binarized(2): GSDMD_binarized 
MUT_binarized(2): ENOSF1_binarized 
ZFP36L1_binarized(2): ST3GAL2_binarized 
PAX4_binarized(2): MUT_binarized 
OR1F2P_binarized(2): PAX4_binarized 
TMEM48_binarized(2): ENOSF1_binarized 
C6ORF26_binarized(2): TMEM48_binarized 
SIDT2_binarized(2): RABEP2_binarized 
PFKL_binarized(2): MUT_binarized 
RNF103_binarized(2): TMEM48_binarized 
CEP68_binarized(2): 
ZNF335_binarized(2): CEP68_binarized 
APOE_binarized(2): FNDC3A_binarized 
GOLGA1_binarized(2): ENOSF1_binarized 
ENOSF1_binarized(2): ST3GAL2_binarized 
STX6_binarized(2): GSDMD_binarized 
L3MBTL_binarized(2): GSDMD_binarized 
TCIRG1_binarized(2): RABEP2_binarized 
CTTN_binarized(2): ST3GAL2_binarized 
FARP1_binarized(2): TCIRG1_binarized 
SYDE1_binarized(2): GSDMD_binarized 
ST3GAL2_binarized(2): CEP68_binarized 
SFI1_binarized(2): TCIRG1_binarized 
KIR3DX1_binarized(2): GSDMD_binarized 
MIA3_binarized(2): GSDMD_binarized 
SMARCA1_binarized(2): GSDMD_binarized 
VPS13D_binarized(2): GSDMD_binarized 
FCGR2C_binarized(2): GSDMD_binarized 
TPSB2_binarized(2): TCIRG1_binarized 
CDC20_binarized(2): GSDMD_binarized 
BRD7P3_binarized(2): ZFP36L1_binarized 
NCDN_binarized(2): RABEP2_binarized 
MCFD2_binarized(2): GSDMD_binarized 
FRY_binarized(2): TCIRG1_binarized 
ICAM3_binarized(2): GSDMD_binarized 
SIPA1L3_binarized(2): GSDMD_binarized 
INTS3_binarized(2): TCIRG1_binarized 
CYHR1_binarized(2): GSDMD_binarized 
IGL@_binarized(2): MUT_binarized 
RABEP2_binarized(2): SEZ6L_binarized 
GPR3_binarized(2): GSDMD_binarized 
BCKDHA_binarized(2): TCIRG1_binarized 
MAP3K12_binarized(2): FARP1_binarized 
AGXT_binarized(2): TCIRG1_binarized 
WDR55_binarized(2): TCIRG1_binarized 
MUM1_binarized(2): PFKL_binarized 
ARF3_binarized(2): GSDMD_binarized 
DNPEP_binarized(2): GSDMD_binarized 
RUFY3_binarized(2): GSDMD_binarized 
SEZ6L_binarized(2): PFKL_binarized 
HEY2_binarized(2): SEZ6L_binarized 
CPNE7_binarized(2): GSDMD_binarized 
COMT_binarized(2): ENOSF1_binarized 
IHH_binarized(2): GSDMD_binarized 
RGS5_binarized(2): GSDMD_binarized 
TTF2_binarized(2): PAX4_binarized 
class(2): 
LogScore Bayes: -464.10210537693575
LogScore BDeu: -565.4582314103386
LogScore MDL: -677.2551197384821
LogScore ENTROPY: -473.1832768387529
LogScore AIC: -593.1832768387525

=== Structure for class 'Infected' ===
Bayes Network Classifier
not using ADTree
#attributes=61 #classindex=60
Network structure (nodes followed by parents)
GSDMD_binarized(2): BAZ1B_binarized 
FNDC3A_binarized(2): GSDMD_binarized 
C2ORF34_binarized(2): BAZ1B_binarized 
SLC7A8_binarized(2): RNF103_binarized 
BAZ1B_binarized(2): SIDT2_binarized 
MUT_binarized(2): GSDMD_binarized 
ZFP36L1_binarized(2): GSDMD_binarized 
PAX4_binarized(2): SLC7A8_binarized 
OR1F2P_binarized(2): PFKL_binarized 
TMEM48_binarized(2): AGXT_binarized 
C6ORF26_binarized(2): TMEM48_binarized 
SIDT2_binarized(2): RABEP2_binarized 
PFKL_binarized(2): ENOSF1_binarized 
RNF103_binarized(2): ENOSF1_binarized 
CEP68_binarized(2): OR1F2P_binarized 
ZNF335_binarized(2): CEP68_binarized 
APOE_binarized(2): ST3GAL2_binarized 
GOLGA1_binarized(2): ST3GAL2_binarized 
ENOSF1_binarized(2): GOLGA1_binarized 
STX6_binarized(2): VPS13D_binarized 
L3MBTL_binarized(2): APOE_binarized 
TCIRG1_binarized(2): MAP3K12_binarized 
CTTN_binarized(2): MAP3K12_binarized 
FARP1_binarized(2): TCIRG1_binarized 
SYDE1_binarized(2): GSDMD_binarized 
ST3GAL2_binarized(2): NCDN_binarized 
SFI1_binarized(2): FARP1_binarized 
KIR3DX1_binarized(2): GSDMD_binarized 
MIA3_binarized(2): GSDMD_binarized 
SMARCA1_binarized(2): GSDMD_binarized 
VPS13D_binarized(2): CEP68_binarized 
FCGR2C_binarized(2): GSDMD_binarized 
TPSB2_binarized(2): GOLGA1_binarized 
CDC20_binarized(2): GSDMD_binarized 
BRD7P3_binarized(2): BAZ1B_binarized 
NCDN_binarized(2): GSDMD_binarized 
MCFD2_binarized(2): GSDMD_binarized 
FRY_binarized(2): TCIRG1_binarized 
ICAM3_binarized(2): GSDMD_binarized 
SIPA1L3_binarized(2): GSDMD_binarized 
INTS3_binarized(2): SLC7A8_binarized 
CYHR1_binarized(2): GSDMD_binarized 
IGL@_binarized(2): MUM1_binarized 
RABEP2_binarized(2): TCIRG1_binarized 
GPR3_binarized(2): GSDMD_binarized 
BCKDHA_binarized(2): FARP1_binarized 
MAP3K12_binarized(2): SEZ6L_binarized 
AGXT_binarized(2): OR1F2P_binarized 
WDR55_binarized(2): TCIRG1_binarized 
MUM1_binarized(2): PFKL_binarized 
ARF3_binarized(2): GSDMD_binarized 
DNPEP_binarized(2): GSDMD_binarized 
RUFY3_binarized(2): GSDMD_binarized 
SEZ6L_binarized(2): 
HEY2_binarized(2): SEZ6L_binarized 
CPNE7_binarized(2): GSDMD_binarized 
COMT_binarized(2): MAP3K12_binarized 
IHH_binarized(2): GSDMD_binarized 
RGS5_binarized(2): GSDMD_binarized 
TTF2_binarized(2): VPS13D_binarized 
class(2): 
LogScore Bayes: -405.32101171686384
LogScore BDeu: -506.67713775026647
LogScore MDL: -601.1979278990707
LogScore ENTROPY: -413.0682749433208
LogScore AIC: -533.068274943321

=== Overall Scores ===
LogScore Bayes: -907.9120099070914
LogScore BDeu: -1110.6242619738969
LogScore MDL: -1317.4131583615645
LogScore ENTROPY: -923.2265165493092
LogScore AIC: -1164.226516549309


Time taken to build model: 0.13 seconds
Time taken to test model on training data: 0.03 seconds

=== Error on training data ===

Correctly Classified Instances          50               94.3396 %
Incorrectly Classified Instances         3                5.6604 %
Kappa statistic                          0.8842
Mean absolute error                      0.0869
Root mean squared error                  0.208 
Relative absolute error                 17.6826 %
Root relative squared error             41.9641 %
Total Number of Instances               53     


=== Confusion Matrix ===

  a  b   <-- classified as
 29  1 |  a = Control
  2 21 |  b = Infected


=== Error on test data ===

Correctly Classified Instances           1              100      %
Incorrectly Classified Instances         0                0      %
Kappa statistic                          1     
Mean absolute error                      0     
Root mean squared error                  0     
Relative absolute error                  0.0007 %
Root relative squared error              0.0007 %
Total Number of Instances                1     


=== Confusion Matrix ===

 a b   <-- classified as
 0 0 | a = Control
 0 1 | b = Infected

