disease ---> Breast_Neoplasm
experiment ---> GDS1326,GDS3716
type ---> multi
closed the readers
about to evaluate model
Warning: discretizing data set
evaluated model
test instances:
8
total instances:
54

Bayes Network Classifier
Using ADTree
#attributes=41 #classindex=40
Network structure (nodes followed by parents)
FNDC3A(2): class 
GSDMD_binarized(2): class 
PAX4_binarized(2): class 
MUT_binarized(2): class 
ZFP36L1_binarized(2): class 
OR1F2P_binarized(2): class 
RNF13_binarized(2): class 
TMEM48_binarized(2): class 
C6ORF26_binarized(2): class 
PFKL_binarized(2): class 
TCN2_binarized(2): class 
GOLGA1_binarized(2): class 
ZNF335_binarized(2): class 
CEP68_binarized(2): class 
RNF103_binarized(2): class 
L3MBTL_binarized(2): class 
CTTN_binarized(2): class 
FARP1_binarized(2): class 
SFI1_binarized(2): class 
SF3A1_binarized(2): class 
STX6_binarized(2): class 
ST3GAL2_binarized(2): class 
TCIRG1_binarized(2): class 
MIA3_binarized(2): class 
SMARCA1_binarized(2): class 
VPS13D_binarized(2): class 
KIR3DX1_binarized(2): class 
BRD7P3_binarized(2): class 
FCGR2C_binarized(2): class 
TPSB2_binarized(2): class 
NCDN_binarized(2): class 
CDC20_binarized(2): class 
MCFD2_binarized(2): class 
FRY_binarized(2): class 
ICAM3_binarized(2): class 
SIPA1L3_binarized(2): class 
INTS3_binarized(2): class 
CYHR1_binarized(2): class 
IGL@_binarized(2): class 
RABEP2_binarized(2): class 
class(2): 
LogScore Bayes: -728.3217788601489
LogScore BDeu: -797.0377965099132
LogScore MDL: -851.1656154127207
LogScore ENTROPY: -696.1056388549135
LogScore AIC: -777.1056388549133


Time taken to build model: 0.36 seconds
Time taken to test model on training data: 0.06 seconds

=== Error on training data ===

Correctly Classified Instances          39               84.7826 %
Incorrectly Classified Instances         7               15.2174 %
Kappa statistic                          0.6933
Mean absolute error                      0.1699
Root mean squared error                  0.3754
Relative absolute error                 34.9884 %
Root relative squared error             76.2315 %
Total Number of Instances               46     


=== Confusion Matrix ===

  a  b   <-- classified as
 22  5 |  a = Control
  2 17 |  b = Infected


=== Error on test data ===

Correctly Classified Instances           6               75      %
Incorrectly Classified Instances         2               25      %
Kappa statistic                          0.4667
Mean absolute error                      0.3072
Root mean squared error                  0.503 
Relative absolute error                 58.9771 %
Root relative squared error             95.4431 %
Total Number of Instances                8     


=== Confusion Matrix ===

 a b   <-- classified as
 2 1 | a = Control
 1 4 | b = Infected

Weighted area under ROC: 
NaN
True negative (control): 
0.0
True positive: 
0.0
