disease ---> Breast_Neoplasm
experiment ---> GDS2745,GDS1326
type ---> multi
closed the readers
about to evaluate model
Warning: discretizing data set
evaluated model
test instances:
8
total instances:
18

Bayes Network Classifier
Using ADTree
#attributes=21 #classindex=20
Network structure (nodes followed by parents)
SORBS2(1): class 
GPRC5B_binarized(2): class 
SPATA6_binarized(2): class 
ABI3BP_binarized(2): class 
BRWD1_binarized(2): class 
ARG1_binarized(2): class 
IBSP_binarized(2): class 
SCARA3_binarized(2): class 
SPTBN1_binarized(2): class 
HSPB8_binarized(2): class 
ACY1_binarized(2): class 
LCP2_binarized(2): class 
PBOV1_binarized(2): class 
KIAA0146_binarized(2): class 
FAH_binarized(2): class 
NPAS3_binarized(2): class 
API5_binarized(2): class 
GRM2_binarized(2): class 
GINS4_binarized(2): class 
SMC6_binarized(2): class 
class(2): 
LogScore Bayes: -137.88215860685463
LogScore BDeu: -170.52226699049268
LogScore MDL: -176.57747117422284
LogScore ENTROPY: -131.67706186083907
LogScore AIC: -170.677061860839


Time taken to build model: 0.04 seconds
Time taken to test model on training data: 0.03 seconds

=== Error on training data ===

Correctly Classified Instances           7               70      %
Incorrectly Classified Instances         3               30      %
Kappa statistic                          0.4   
Mean absolute error                      0.4017
Root mean squared error                  0.428 
Relative absolute error                 80.3363 %
Root relative squared error             85.6077 %
Total Number of Instances               10     


=== Confusion Matrix ===

 a b   <-- classified as
 4 1 | a = Control
 2 3 | b = Infected


=== Error on test data ===

Correctly Classified Instances           4               50      %
Incorrectly Classified Instances         4               50      %
Kappa statistic                          0     
Mean absolute error                      0.5   
Root mean squared error                  0.5011
Relative absolute error                100      %
Root relative squared error            100.2296 %
Total Number of Instances                8     


=== Confusion Matrix ===

 a b   <-- classified as
 4 0 | a = Control
 4 0 | b = Infected

Weighted area under ROC: 
NaN
True negative (control): 
0.0
True positive: 
0.0
