disease ---> Breast_Neoplasm
experiment ---> GDS2745,GDS1326
type ---> multi
closed the readers
about to evaluate model
Warning: discretizing data set
evaluated model
test instances:
10
total instances:
18

Bayes Network Classifier
Using ADTree
#attributes=31 #classindex=30
Network structure (nodes followed by parents)
BRWD1(1): class 
SPATA6_binarized(2): class 
GPRC5B_binarized(2): class 
SORBS2_binarized(2): class 
ARG1_binarized(2): class 
ABI3BP_binarized(2): class 
IBSP_binarized(2): class 
SCARA3_binarized(2): class 
SPTBN1_binarized(2): class 
HSPB8_binarized(2): class 
ACY1_binarized(2): class 
LCP2_binarized(2): class 
PBOV1_binarized(2): class 
KIAA0146_binarized(2): class 
FAH_binarized(2): class 
NPAS3_binarized(2): class 
API5_binarized(2): class 
GRM2_binarized(2): class 
GINS4_binarized(2): class 
SMC6_binarized(2): class 
KNG1_binarized(2): class 
SLC6A20_binarized(2): class 
RAD52_binarized(2): class 
HOXB13_binarized(2): class 
WNT5A_binarized(2): class 
MNT_binarized(2): class 
PELI1_binarized(2): class 
PGGT1B_binarized(2): class 
SEC14L2_binarized(2): class 
ST3GAL1_binarized(2): class 
class(2): 
LogScore Bayes: -162.85339474666125
LogScore BDeu: -212.6725075427406
LogScore MDL: -221.26391354917146
LogScore ENTROPY: -159.92038806961622
LogScore AIC: -218.9203880696162


Time taken to build model: 0.04 seconds
Time taken to test model on training data: 0.01 seconds

=== Error on training data ===

Correctly Classified Instances           6               75      %
Incorrectly Classified Instances         2               25      %
Kappa statistic                          0.5   
Mean absolute error                      0.36  
Root mean squared error                  0.3966
Relative absolute error                 71.992  %
Root relative squared error             79.3259 %
Total Number of Instances                8     


=== Confusion Matrix ===

 a b   <-- classified as
 2 2 | a = Control
 0 4 | b = Infected


=== Error on test data ===

Correctly Classified Instances           3               30      %
Incorrectly Classified Instances         7               70      %
Kappa statistic                         -0.4   
Mean absolute error                      0.5406
Root mean squared error                  0.5455
Relative absolute error                108.113  %
Root relative squared error            109.1058 %
Total Number of Instances               10     


=== Confusion Matrix ===

 a b   <-- classified as
 0 5 | a = Control
 2 3 | b = Infected

Weighted area under ROC: 
NaN
True negative (control): 
0.0
True positive: 
0.0
