disease ---> Breast_Neoplasm
experiment ---> GDS2745,GDS1326
type ---> multi
closed the readers
about to evaluate model
Warning: discretizing data set
evaluated model
test instances:
8
total instances:
18

Bayes Network Classifier
Using ADTree
#attributes=11 #classindex=10
Network structure (nodes followed by parents)
SORBS2(1): class 
GPRC5B_binarized(2): class 
SPATA6_binarized(2): class 
ABI3BP_binarized(2): class 
BRWD1_binarized(2): class 
ARG1_binarized(2): class 
IBSP_binarized(2): class 
SCARA3_binarized(2): class 
SPTBN1_binarized(2): class 
HSPB8_binarized(2): class 
class(2): 
LogScore Bayes: -68.4099569811787
LogScore BDeu: -83.87106095237567
LogScore MDL: -87.32489045454184
LogScore ENTROPY: -65.45033207109843
LogScore AIC: -84.45033207109842


Time taken to build model: 0.01 seconds
Time taken to test model on training data: 0 seconds

=== Error on training data ===

Correctly Classified Instances           6               60      %
Incorrectly Classified Instances         4               40      %
Kappa statistic                          0.2   
Mean absolute error                      0.4429
Root mean squared error                  0.4574
Relative absolute error                 88.5714 %
Root relative squared error             91.4732 %
Total Number of Instances               10     


=== Confusion Matrix ===

 a b   <-- classified as
 5 0 | a = Control
 4 1 | b = Infected


=== Error on test data ===

Correctly Classified Instances           4               50      %
Incorrectly Classified Instances         4               50      %
Kappa statistic                          0     
Mean absolute error                      0.5   
Root mean squared error                  0.5   
Relative absolute error                100      %
Root relative squared error            100      %
Total Number of Instances                8     


=== Confusion Matrix ===

 a b   <-- classified as
 4 0 | a = Control
 4 0 | b = Infected

Weighted area under ROC: 
NaN
True negative (control): 
0.0
True positive: 
0.0
