disease ---> Breast_Neoplasm
experiment ---> GDS2745,GDS1326
type ---> multi
closed the readers
about to evaluate model
Warning: discretizing data set
evaluated model
test instances:
3
total instances:
18

Bayes Network Classifier
Using ADTree
#attributes=71 #classindex=70
Network structure (nodes followed by parents)
BRWD1(1): class 
SPATA6_binarized(2): class 
GPRC5B_binarized(2): class 
SORBS2_binarized(2): class 
ARG1_binarized(2): class 
ABI3BP_binarized(2): class 
IBSP_binarized(2): class 
SCARA3_binarized(2): class 
SPTBN1_binarized(2): class 
HSPB8_binarized(2): class 
ACY1_binarized(2): class 
LCP2_binarized(2): class 
PBOV1_binarized(2): class 
KIAA0146_binarized(2): class 
FAH_binarized(2): class 
NPAS3_binarized(2): class 
API5_binarized(2): class 
GRM2_binarized(2): class 
GINS4_binarized(2): class 
SMC6_binarized(2): class 
KNG1_binarized(2): class 
SLC6A20_binarized(2): class 
RAD52_binarized(2): class 
HOXB13_binarized(2): class 
WNT5A_binarized(2): class 
MNT_binarized(2): class 
PELI1_binarized(2): class 
PGGT1B_binarized(2): class 
SEC14L2_binarized(2): class 
ST3GAL1_binarized(2): class 
ACTA2_binarized(2): class 
ROR1_binarized(2): class 
HBS1L_binarized(2): class 
ZFY_binarized(2): class 
SEPP1_binarized(2): class 
CENPJ_binarized(2): class 
FAM105A_binarized(2): class 
NFIB_binarized(2): class 
LIMCH1_binarized(2): class 
MOBKL2B_binarized(2): class 
NCAM1_binarized(2): class 
KIAA1609_binarized(2): class 
GRIA3_binarized(2): class 
ADRBK2_binarized(2): class 
IGHG1_binarized(2): class 
FRZB_binarized(2): class 
TMEM164_binarized(2): class 
ZCWPW1_binarized(2): class 
TTC18_binarized(2): class 
RFX2_binarized(2): class 
DCLRE1C_binarized(2): class 
SNX24_binarized(2): class 
TCF4_binarized(2): class 
CLIC5_binarized(2): class 
GNAS_binarized(2): class 
ASB1_binarized(2): class 
FAM198B_binarized(2): class 
C1ORF21_binarized(2): class 
CR1_binarized(2): class 
USP36_binarized(2): class 
ZNF44_binarized(2): class 
DEPDC1_binarized(2): class 
MPRIP_binarized(2): class 
HPSE_binarized(2): class 
BCL11B_binarized(2): class 
HEY2_binarized(2): class 
FRMD4A_binarized(2): class 
ETV6_binarized(2): class 
OGFRL1_binarized(2): class 
USP2_binarized(2): class 
class(2): 
LogScore Bayes: -612.7072221163739
LogScore BDeu: -731.2423525622179
LogScore MDL: -770.9688359103028
LogScore ENTROPY: -582.7593469336995
LogScore AIC: -721.7593469336999


Time taken to build model: 0.08 seconds
Time taken to test model on training data: 0.01 seconds

=== Error on training data ===

Correctly Classified Instances          10               66.6667 %
Incorrectly Classified Instances         5               33.3333 %
Kappa statistic                          0.3243
Mean absolute error                      0.3391
Root mean squared error                  0.475 
Relative absolute error                 68.0867 %
Root relative squared error             95.207  %
Total Number of Instances               15     


=== Confusion Matrix ===

 a b   <-- classified as
 6 2 | a = Control
 3 4 | b = Infected


=== Error on test data ===

Correctly Classified Instances           2               66.6667 %
Incorrectly Classified Instances         1               33.3333 %
Kappa statistic                          0.4   
Mean absolute error                      0.406 
Root mean squared error                  0.4965
Relative absolute error                 79.6483 %
Root relative squared error             97.2508 %
Total Number of Instances                3     


=== Confusion Matrix ===

 a b   <-- classified as
 1 0 | a = Control
 1 1 | b = Infected

Weighted area under ROC: 
NaN
True negative (control): 
0.0
True positive: 
0.0
