disease ---> Breast_Neoplasm
experiment ---> GDS2745,GDS1326
type ---> multi
closed the readers
about to evaluate model
Warning: discretizing data set
evaluated model
test instances:
1
total instances:
18

Bayes Network Classifier
Using ADTree
#attributes=11 #classindex=10
Network structure (nodes followed by parents)
BRWD1(1): class 
SPATA6_binarized(2): class 
GPRC5B_binarized(2): class 
SORBS2_binarized(2): class 
ARG1_binarized(2): class 
ABI3BP_binarized(2): class 
IBSP_binarized(2): class 
SCARA3_binarized(2): class 
SPTBN1_binarized(2): class 
HSPB8_binarized(2): class 
class(2): 
LogScore Bayes: -103.91457814495763
LogScore BDeu: -119.37568211615465
LogScore MDL: -124.49194646594309
LogScore ENTROPY: -97.57641969740902
LogScore AIC: -116.57641969740902


Time taken to build model: 0.03 seconds
Time taken to test model on training data: 0 seconds

=== Error on training data ===

Correctly Classified Instances          13               76.4706 %
Incorrectly Classified Instances         4               23.5294 %
Kappa statistic                          0.5211
Mean absolute error                      0.3584
Root mean squared error                  0.4051
Relative absolute error                 71.9097 %
Root relative squared error             81.1674 %
Total Number of Instances               17     


=== Confusion Matrix ===

 a b   <-- classified as
 8 1 | a = Control
 3 5 | b = Infected


=== Error on test data ===

Correctly Classified Instances           1              100      %
Incorrectly Classified Instances         0                0      %
Kappa statistic                          1     
Mean absolute error                      0.2235
Root mean squared error                  0.2235
Relative absolute error                 42.4568 %
Root relative squared error             42.4568 %
Total Number of Instances                1     


=== Confusion Matrix ===

 a b   <-- classified as
 0 0 | a = Control
 0 1 | b = Infected

Weighted area under ROC: 
NaN
True negative (control): 
0.0
True positive: 
0.0
