disease ---> Breast_Neoplasm
experiment ---> GDS2745,GDS1326
type ---> multi
closed the readers
about to evaluate model
Warning: discretizing data set
evaluated model
test instances:
2
total instances:
18

Bayes Network Classifier
Using ADTree
#attributes=41 #classindex=40
Network structure (nodes followed by parents)
SORBS2(2): class 
GPRC5B_binarized(2): class 
SPATA6_binarized(2): class 
ABI3BP_binarized(2): class 
BRWD1_binarized(2): class 
ARG1_binarized(2): class 
IBSP_binarized(2): class 
SCARA3_binarized(2): class 
SPTBN1_binarized(2): class 
HSPB8_binarized(2): class 
ACY1_binarized(2): class 
LCP2_binarized(2): class 
PBOV1_binarized(2): class 
KIAA0146_binarized(2): class 
FAH_binarized(2): class 
NPAS3_binarized(2): class 
API5_binarized(2): class 
GRM2_binarized(2): class 
GINS4_binarized(2): class 
SMC6_binarized(2): class 
KNG1_binarized(2): class 
SLC6A20_binarized(2): class 
RAD52_binarized(2): class 
HOXB13_binarized(2): class 
WNT5A_binarized(2): class 
MNT_binarized(2): class 
PELI1_binarized(2): class 
PGGT1B_binarized(2): class 
SEC14L2_binarized(2): class 
ST3GAL1_binarized(2): class 
ACTA2_binarized(2): class 
ROR1_binarized(2): class 
HBS1L_binarized(2): class 
ZFY_binarized(2): class 
SEPP1_binarized(2): class 
CENPJ_binarized(2): class 
FAM105A_binarized(2): class 
NFIB_binarized(2): class 
LIMCH1_binarized(2): class 
MOBKL2B_binarized(2): class 
class(2): 
LogScore Bayes: -372.48204025939407
LogScore BDeu: -441.19805790915876
LogScore MDL: -466.3425297291975
LogScore ENTROPY: -354.0526864784863
LogScore AIC: -435.0526864784862


Time taken to build model: 0.12 seconds
Time taken to test model on training data: 0.02 seconds

=== Error on training data ===

Correctly Classified Instances           9               56.25   %
Incorrectly Classified Instances         7               43.75   %
Kappa statistic                          0.0968
Mean absolute error                      0.3644
Root mean squared error                  0.5471
Relative absolute error                 73.9001 %
Root relative squared error            110.2842 %
Total Number of Instances               16     


=== Confusion Matrix ===

 a b   <-- classified as
 3 4 | a = Control
 3 6 | b = Infected


=== Error on test data ===

Correctly Classified Instances           0                0      %
Incorrectly Classified Instances         2              100      %
Kappa statistic                          0     
Mean absolute error                      0.8608
Root mean squared error                  0.8716
Relative absolute error                154.9442 %
Root relative squared error            156.8853 %
Total Number of Instances                2     


=== Confusion Matrix ===

 a b   <-- classified as
 0 2 | a = Control
 0 0 | b = Infected

Weighted area under ROC: 
NaN
True negative (control): 
0.0
True positive: 
0.0
