disease ---> Breast_Neoplasm
experiment ---> GDS2745,GDS1326
type ---> multi
closed the readers
about to evaluate model
Warning: discretizing data set
evaluated model
test instances:
4
total instances:
18

Bayes Network Classifier
Using ADTree
#attributes=11 #classindex=10
Network structure (nodes followed by parents)
BRWD1(1): class 
SPATA6_binarized(2): class 
GPRC5B_binarized(2): class 
SORBS2_binarized(2): class 
ARG1_binarized(2): class 
ABI3BP_binarized(2): class 
IBSP_binarized(2): class 
SCARA3_binarized(2): class 
SPTBN1_binarized(2): class 
HSPB8_binarized(2): class 
class(2): 
LogScore Bayes: -91.2781866474941
LogScore BDeu: -106.73929061869106
LogScore MDL: -110.90735177269896
LogScore ENTROPY: -85.83630714135403
LogScore AIC: -104.83630714135403


Time taken to build model: 0.04 seconds
Time taken to test model on training data: 0.02 seconds

=== Error on training data ===

Correctly Classified Instances          10               71.4286 %
Incorrectly Classified Instances         4               28.5714 %
Kappa statistic                          0.4167
Mean absolute error                      0.3896
Root mean squared error                  0.4425
Relative absolute error                 79.332  %
Root relative squared error             89.4123 %
Total Number of Instances               14     


=== Confusion Matrix ===

 a b   <-- classified as
 6 2 | a = Control
 2 4 | b = Infected


=== Error on test data ===

Correctly Classified Instances           2               50      %
Incorrectly Classified Instances         2               50      %
Kappa statistic                          0.2   
Mean absolute error                      0.3961
Root mean squared error                  0.4197
Relative absolute error                 74.5633 %
Root relative squared error             78.595  %
Total Number of Instances                4     


=== Confusion Matrix ===

 a b   <-- classified as
 1 0 | a = Control
 2 1 | b = Infected

Weighted area under ROC: 
NaN
True negative (control): 
0.0
True positive: 
0.0
