disease ---> Breast_Neoplasm
experiment ---> GDS2745,GDS1326
type ---> multi
closed the readers
about to evaluate model
Warning: discretizing data set
evaluated model
test instances:
9
total instances:
18

Bayes Network Classifier
Using ADTree
#attributes=21 #classindex=20
Network structure (nodes followed by parents)
BRWD1(1): class 
SPATA6_binarized(2): class 
GPRC5B_binarized(2): class 
SORBS2_binarized(2): class 
ARG1_binarized(2): class 
ABI3BP_binarized(2): class 
IBSP_binarized(2): class 
SCARA3_binarized(2): class 
SPTBN1_binarized(2): class 
HSPB8_binarized(2): class 
ACY1_binarized(2): class 
LCP2_binarized(2): class 
PBOV1_binarized(2): class 
KIAA0146_binarized(2): class 
FAH_binarized(2): class 
NPAS3_binarized(2): class 
API5_binarized(2): class 
GRM2_binarized(2): class 
GINS4_binarized(2): class 
SMC6_binarized(2): class 
class(2): 
LogScore Bayes: -124.11207176086538
LogScore BDeu: -156.75218014450348
LogScore MDL: -162.6373956115232
LogScore ENTROPY: -119.79151635346703
LogScore AIC: -158.79151635346696


Time taken to build model: 0.02 seconds
Time taken to test model on training data: 0.05 seconds

=== Error on training data ===

Correctly Classified Instances           6               66.6667 %
Incorrectly Classified Instances         3               33.3333 %
Kappa statistic                          0.3415
Mean absolute error                      0.3298
Root mean squared error                  0.4783
Relative absolute error                 66.6397 %
Root relative squared error             96.2326 %
Total Number of Instances                9     


=== Confusion Matrix ===

 a b   <-- classified as
 3 1 | a = Control
 2 3 | b = Infected


=== Error on test data ===

Correctly Classified Instances           4               44.4444 %
Incorrectly Classified Instances         5               55.5556 %
Kappa statistic                          0     
Mean absolute error                      0.5449
Root mean squared error                  0.7248
Relative absolute error                107.8842 %
Root relative squared error            142.9413 %
Total Number of Instances                9     


=== Confusion Matrix ===

 a b   <-- classified as
 0 5 | a = Control
 0 4 | b = Infected

Weighted area under ROC: 
NaN
True negative (control): 
0.0
True positive: 
0.0
