disease ---> Breast_Neoplasm
experiment ---> GDS2745,GDS1326
type ---> multi
closed the readers
about to evaluate model
Warning: discretizing data set
evaluated model
test instances:
7
total instances:
18

Bayes Network Classifier
Using ADTree
#attributes=21 #classindex=20
Network structure (nodes followed by parents)
SORBS2(1): class 
GPRC5B_binarized(2): class 
SPATA6_binarized(2): class 
ABI3BP_binarized(2): class 
BRWD1_binarized(2): class 
ARG1_binarized(2): class 
IBSP_binarized(2): class 
SCARA3_binarized(2): class 
SPTBN1_binarized(2): class 
HSPB8_binarized(2): class 
ACY1_binarized(2): class 
LCP2_binarized(2): class 
PBOV1_binarized(2): class 
KIAA0146_binarized(2): class 
FAH_binarized(2): class 
NPAS3_binarized(2): class 
API5_binarized(2): class 
GRM2_binarized(2): class 
GINS4_binarized(2): class 
SMC6_binarized(2): class 
class(2): 
LogScore Bayes: -142.88762285442024
LogScore BDeu: -175.52773123805835
LogScore MDL: -183.52329604364854
LogScore ENTROPY: -136.76433822408032
LogScore AIC: -175.76433822408035


Time taken to build model: 0.03 seconds
Time taken to test model on training data: 0.03 seconds

=== Error on training data ===

Correctly Classified Instances           7               63.6364 %
Incorrectly Classified Instances         4               36.3636 %
Kappa statistic                          0.2903
Mean absolute error                      0.3422
Root mean squared error                  0.5619
Relative absolute error                 73.0349 %
Root relative squared error            116.6946 %
Total Number of Instances               11     


=== Confusion Matrix ===

 a b   <-- classified as
 3 1 | a = Control
 3 4 | b = Infected


=== Error on test data ===

Correctly Classified Instances           2               28.5714 %
Incorrectly Classified Instances         5               71.4286 %
Kappa statistic                          0     
Mean absolute error                      0.714 
Root mean squared error                  0.8443
Relative absolute error                129.9537 %
Root relative squared error            150.9728 %
Total Number of Instances                7     


=== Confusion Matrix ===

 a b   <-- classified as
 0 5 | a = Control
 0 2 | b = Infected

Weighted area under ROC: 
NaN
True negative (control): 
0.0
True positive: 
0.0
