disease ---> Breast_Neoplasm
experiment ---> GDS2745,GDS1326
type ---> multi
closed the readers
about to evaluate model
Warning: discretizing data set
evaluated model
test instances:
3
total instances:
18

Bayes Network Classifier
Using ADTree
#attributes=11 #classindex=10
Network structure (nodes followed by parents)
BRWD1(1): class 
SPATA6_binarized(2): class 
GPRC5B_binarized(2): class 
SORBS2_binarized(2): class 
ARG1_binarized(2): class 
ABI3BP_binarized(2): class 
IBSP_binarized(2): class 
SCARA3_binarized(2): class 
SPTBN1_binarized(2): class 
HSPB8_binarized(2): class 
class(2): 
LogScore Bayes: -96.24432724323464
LogScore BDeu: -111.70543121443163
LogScore MDL: -116.12451248414993
LogScore ENTROPY: -90.39803557367894
LogScore AIC: -109.39803557367894


Time taken to build model: 0.01 seconds
Time taken to test model on training data: 0.02 seconds

=== Error on training data ===

Correctly Classified Instances          11               73.3333 %
Incorrectly Classified Instances         4               26.6667 %
Kappa statistic                          0.4545
Mean absolute error                      0.3849
Root mean squared error                  0.4225
Relative absolute error                 77.2812 %
Root relative squared error             84.6858 %
Total Number of Instances               15     


=== Confusion Matrix ===

 a b   <-- classified as
 7 1 | a = Control
 3 4 | b = Infected


=== Error on test data ===

Correctly Classified Instances           3              100      %
Incorrectly Classified Instances         0                0      %
Kappa statistic                          1     
Mean absolute error                      0.2799
Root mean squared error                  0.2806
Relative absolute error                 54.9031 %
Root relative squared error             54.9618 %
Total Number of Instances                3     


=== Confusion Matrix ===

 a b   <-- classified as
 1 0 | a = Control
 0 2 | b = Infected

Weighted area under ROC: 
NaN
True negative (control): 
0.0
True positive: 
0.0
