disease ---> Breast_Neoplasm
experiment ---> GDS2745,GDS1326
type ---> multi
closed the readers
about to evaluate model
Warning: discretizing data set
evaluated model
test instances:
7
total instances:
18

Bayes Network Classifier
Using ADTree
#attributes=11 #classindex=10
Network structure (nodes followed by parents)
SORBS2(1): class 
GPRC5B_binarized(2): class 
SPATA6_binarized(2): class 
ABI3BP_binarized(2): class 
BRWD1_binarized(2): class 
ARG1_binarized(2): class 
IBSP_binarized(2): class 
SCARA3_binarized(2): class 
SPTBN1_binarized(2): class 
HSPB8_binarized(2): class 
class(2): 
LogScore Bayes: -70.82107959420325
LogScore BDeu: -86.2821835654002
LogScore MDL: -90.70271796418383
LogScore ENTROPY: -67.92271287259932
LogScore AIC: -86.92271287259933


Time taken to build model: 0.02 seconds
Time taken to test model on training data: 0 seconds

=== Error on training data ===

Correctly Classified Instances           7               63.6364 %
Incorrectly Classified Instances         4               36.3636 %
Kappa statistic                          0.2903
Mean absolute error                      0.3223
Root mean squared error                  0.4704
Relative absolute error                 68.7848 %
Root relative squared error             97.699  %
Total Number of Instances               11     


=== Confusion Matrix ===

 a b   <-- classified as
 3 1 | a = Control
 3 4 | b = Infected


=== Error on test data ===

Correctly Classified Instances           2               28.5714 %
Incorrectly Classified Instances         5               71.4286 %
Kappa statistic                          0     
Mean absolute error                      0.7073
Root mean squared error                  0.8233
Relative absolute error                128.7279 %
Root relative squared error            147.2208 %
Total Number of Instances                7     


=== Confusion Matrix ===

 a b   <-- classified as
 0 5 | a = Control
 0 2 | b = Infected

Weighted area under ROC: 
NaN
True negative (control): 
0.0
True positive: 
0.0
