disease ---> Breast_Neoplasm
experiment ---> GDS2745,GDS1326
type ---> multi
closed the readers
about to evaluate model
Warning: discretizing data set
evaluated model
test instances:
6
total instances:
18

Bayes Network Classifier
Using ADTree
#attributes=71 #classindex=70
Network structure (nodes followed by parents)
SORBS2(1): class 
GPRC5B_binarized(2): class 
SPATA6_binarized(2): class 
ABI3BP_binarized(2): class 
BRWD1_binarized(2): class 
ARG1_binarized(2): class 
IBSP_binarized(2): class 
SCARA3_binarized(2): class 
SPTBN1_binarized(2): class 
HSPB8_binarized(2): class 
ACY1_binarized(2): class 
LCP2_binarized(2): class 
PBOV1_binarized(2): class 
KIAA0146_binarized(2): class 
FAH_binarized(2): class 
NPAS3_binarized(2): class 
API5_binarized(2): class 
GRM2_binarized(2): class 
GINS4_binarized(2): class 
SMC6_binarized(2): class 
KNG1_binarized(2): class 
SLC6A20_binarized(2): class 
RAD52_binarized(2): class 
HOXB13_binarized(2): class 
WNT5A_binarized(2): class 
MNT_binarized(2): class 
PELI1_binarized(2): class 
PGGT1B_binarized(2): class 
SEC14L2_binarized(2): class 
ST3GAL1_binarized(2): class 
ACTA2_binarized(2): class 
ROR1_binarized(2): class 
HBS1L_binarized(2): class 
ZFY_binarized(2): class 
SEPP1_binarized(2): class 
CENPJ_binarized(2): class 
FAM105A_binarized(2): class 
NFIB_binarized(2): class 
LIMCH1_binarized(2): class 
MOBKL2B_binarized(2): class 
NCAM1_binarized(2): class 
KIAA1609_binarized(2): class 
GRIA3_binarized(2): class 
ADRBK2_binarized(2): class 
IGHG1_binarized(2): class 
FRZB_binarized(2): class 
TMEM164_binarized(2): class 
ZCWPW1_binarized(2): class 
TTC18_binarized(2): class 
RFX2_binarized(2): class 
DCLRE1C_binarized(2): class 
SNX24_binarized(2): class 
TCF4_binarized(2): class 
CLIC5_binarized(2): class 
GNAS_binarized(2): class 
ASB1_binarized(2): class 
FAM198B_binarized(2): class 
C1ORF21_binarized(2): class 
CR1_binarized(2): class 
USP36_binarized(2): class 
ZNF44_binarized(2): class 
DEPDC1_binarized(2): class 
MPRIP_binarized(2): class 
HPSE_binarized(2): class 
BCL11B_binarized(2): class 
HEY2_binarized(2): class 
FRMD4A_binarized(2): class 
ETV6_binarized(2): class 
OGFRL1_binarized(2): class 
USP2_binarized(2): class 
class(2): 
LogScore Bayes: -527.9081880641406
LogScore BDeu: -646.4433185099858
LogScore MDL: -677.6155529971282
LogScore ENTROPY: -504.9145408368634
LogScore AIC: -643.9145408368634


Time taken to build model: 0.14 seconds
Time taken to test model on training data: 0.03 seconds

=== Error on training data ===

Correctly Classified Instances          10               83.3333 %
Incorrectly Classified Instances         2               16.6667 %
Kappa statistic                          0.6667
Mean absolute error                      0.2206
Root mean squared error                  0.3691
Relative absolute error                 44.1233 %
Root relative squared error             73.8221 %
Total Number of Instances               12     


=== Confusion Matrix ===

 a b   <-- classified as
 5 1 | a = Control
 1 5 | b = Infected


=== Error on test data ===

Correctly Classified Instances           4               66.6667 %
Incorrectly Classified Instances         2               33.3333 %
Kappa statistic                          0.3333
Mean absolute error                      0.4721
Root mean squared error                  0.5778
Relative absolute error                 94.4153 %
Root relative squared error            115.5572 %
Total Number of Instances                6     


=== Confusion Matrix ===

 a b   <-- classified as
 1 2 | a = Control
 0 3 | b = Infected

Weighted area under ROC: 
NaN
True negative (control): 
0.0
True positive: 
0.0
