disease ---> Breast_Neoplasm
experiment ---> GDS2745,GDS1326
type ---> multi
closed the readers
about to evaluate model
Warning: discretizing data set
evaluated model
test instances:
9
total instances:
18

Bayes Network Classifier
Using ADTree
#attributes=11 #classindex=10
Network structure (nodes followed by parents)
BRWD1(1): class 
SPATA6_binarized(2): class 
GPRC5B_binarized(2): class 
SORBS2_binarized(2): class 
ARG1_binarized(2): class 
ABI3BP_binarized(2): class 
IBSP_binarized(2): class 
SCARA3_binarized(2): class 
SPTBN1_binarized(2): class 
HSPB8_binarized(2): class 
class(2): 
LogScore Bayes: -61.42965439618499
LogScore BDeu: -76.89075836738199
LogScore MDL: -80.28146621934326
LogScore ENTROPY: -59.40783273464919
LogScore AIC: -78.40783273464918


Time taken to build model: 0.02 seconds
Time taken to test model on training data: 0 seconds

=== Error on training data ===

Correctly Classified Instances           6               66.6667 %
Incorrectly Classified Instances         3               33.3333 %
Kappa statistic                          0.3415
Mean absolute error                      0.3446
Root mean squared error                  0.4516
Relative absolute error                 69.6327 %
Root relative squared error             90.8571 %
Total Number of Instances                9     


=== Confusion Matrix ===

 a b   <-- classified as
 3 1 | a = Control
 2 3 | b = Infected


=== Error on test data ===

Correctly Classified Instances           4               44.4444 %
Incorrectly Classified Instances         5               55.5556 %
Kappa statistic                          0     
Mean absolute error                      0.5109
Root mean squared error                  0.6584
Relative absolute error                101.1679 %
Root relative squared error            129.8468 %
Total Number of Instances                9     


=== Confusion Matrix ===

 a b   <-- classified as
 0 5 | a = Control
 0 4 | b = Infected

Weighted area under ROC: 
NaN
True negative (control): 
0.0
True positive: 
0.0
