disease ---> Breast_Neoplasm
experiment ---> GDS2745,GDS1326
type ---> multi
closed the readers
about to evaluate model
Warning: discretizing data set
evaluated model
test instances:
2
total instances:
18

Bayes Network Classifier
Using ADTree
#attributes=21 #classindex=20
Network structure (nodes followed by parents)
SORBS2(2): class 
GPRC5B_binarized(2): class 
SPATA6_binarized(2): class 
ABI3BP_binarized(2): class 
BRWD1_binarized(2): class 
ARG1_binarized(2): class 
IBSP_binarized(2): class 
SCARA3_binarized(2): class 
SPTBN1_binarized(2): class 
HSPB8_binarized(2): class 
ACY1_binarized(2): class 
LCP2_binarized(2): class 
PBOV1_binarized(2): class 
KIAA0146_binarized(2): class 
FAH_binarized(2): class 
NPAS3_binarized(2): class 
API5_binarized(2): class 
GRM2_binarized(2): class 
GINS4_binarized(2): class 
SMC6_binarized(2): class 
class(2): 
LogScore Bayes: -199.03715763702468
LogScore BDeu: -233.39516646190697
LogScore MDL: -244.77694140493585
LogScore ENTROPY: -187.9388725990203
LogScore AIC: -228.9388725990203


Time taken to build model: 0.12 seconds
Time taken to test model on training data: 0.03 seconds

=== Error on training data ===

Correctly Classified Instances          10               62.5    %
Incorrectly Classified Instances         6               37.5    %
Kappa statistic                          0.2131
Mean absolute error                      0.3226
Root mean squared error                  0.455 
Relative absolute error                 65.4315 %
Root relative squared error             91.7179 %
Total Number of Instances               16     


=== Confusion Matrix ===

 a b   <-- classified as
 3 4 | a = Control
 2 7 | b = Infected


=== Error on test data ===

Correctly Classified Instances           0                0      %
Incorrectly Classified Instances         2              100      %
Kappa statistic                          0     
Mean absolute error                      0.8197
Root mean squared error                  0.8356
Relative absolute error                147.5522 %
Root relative squared error            150.4036 %
Total Number of Instances                2     


=== Confusion Matrix ===

 a b   <-- classified as
 0 2 | a = Control
 0 0 | b = Infected

Weighted area under ROC: 
NaN
True negative (control): 
0.0
True positive: 
0.0
