disease ---> Breast_Neoplasm
experiment ---> GDS2745,GDS1326
type ---> multi
closed the readers
about to evaluate model
Warning: discretizing data set
evaluated model
test instances:
10
total instances:
18

Bayes Network Classifier
Using ADTree
#attributes=11 #classindex=10
Network structure (nodes followed by parents)
BRWD1(1): class 
SPATA6_binarized(2): class 
GPRC5B_binarized(2): class 
SORBS2_binarized(2): class 
ARG1_binarized(2): class 
ABI3BP_binarized(2): class 
IBSP_binarized(2): class 
SCARA3_binarized(2): class 
SPTBN1_binarized(2): class 
HSPB8_binarized(2): class 
class(2): 
LogScore Bayes: -55.98979685213848
LogScore BDeu: -71.45090082333546
LogScore MDL: -74.2376876318775
LogScore ENTROPY: -54.482992985919076
LogScore AIC: -73.48299298591907


Time taken to build model: 0.03 seconds
Time taken to test model on training data: 0 seconds

=== Error on training data ===

Correctly Classified Instances           6               75      %
Incorrectly Classified Instances         2               25      %
Kappa statistic                          0.5   
Mean absolute error                      0.4335
Root mean squared error                  0.4465
Relative absolute error                 86.6988 %
Root relative squared error             89.3065 %
Total Number of Instances                8     


=== Confusion Matrix ===

 a b   <-- classified as
 3 1 | a = Control
 1 3 | b = Infected


=== Error on test data ===

Correctly Classified Instances           3               30      %
Incorrectly Classified Instances         7               70      %
Kappa statistic                         -0.4   
Mean absolute error                      0.5415
Root mean squared error                  0.5555
Relative absolute error                108.2949 %
Root relative squared error            111.1096 %
Total Number of Instances               10     


=== Confusion Matrix ===

 a b   <-- classified as
 0 5 | a = Control
 2 3 | b = Infected

Weighted area under ROC: 
NaN
True negative (control): 
0.0
True positive: 
0.0
