disease ---> Breast_Neoplasm
experiment ---> GDS2745,GDS1326
type ---> multi
closed the readers
about to evaluate model
Warning: discretizing data set
evaluated model
test instances:
10
total instances:
18

Bayes Network Classifier
Using ADTree
#attributes=41 #classindex=40
Network structure (nodes followed by parents)
BRWD1(1): class 
SPATA6_binarized(2): class 
GPRC5B_binarized(2): class 
SORBS2_binarized(2): class 
ARG1_binarized(2): class 
ABI3BP_binarized(2): class 
IBSP_binarized(2): class 
SCARA3_binarized(2): class 
SPTBN1_binarized(2): class 
HSPB8_binarized(2): class 
ACY1_binarized(2): class 
LCP2_binarized(2): class 
PBOV1_binarized(2): class 
KIAA0146_binarized(2): class 
FAH_binarized(2): class 
NPAS3_binarized(2): class 
API5_binarized(2): class 
GRM2_binarized(2): class 
GINS4_binarized(2): class 
SMC6_binarized(2): class 
KNG1_binarized(2): class 
SLC6A20_binarized(2): class 
RAD52_binarized(2): class 
HOXB13_binarized(2): class 
WNT5A_binarized(2): class 
MNT_binarized(2): class 
PELI1_binarized(2): class 
PGGT1B_binarized(2): class 
SEC14L2_binarized(2): class 
ST3GAL1_binarized(2): class 
ACTA2_binarized(2): class 
ROR1_binarized(2): class 
HBS1L_binarized(2): class 
ZFY_binarized(2): class 
SEPP1_binarized(2): class 
CENPJ_binarized(2): class 
FAM105A_binarized(2): class 
NFIB_binarized(2): class 
LIMCH1_binarized(2): class 
MOBKL2B_binarized(2): class 
class(2): 
LogScore Bayes: -202.40840983865232
LogScore BDeu: -269.406527047173
LogScore MDL: -284.56897280833516
LogScore ENTROPY: -202.43103191198162
LogScore AIC: -281.4310319119815


Time taken to build model: 0.04 seconds
Time taken to test model on training data: 0.01 seconds

=== Error on training data ===

Correctly Classified Instances           7               87.5    %
Incorrectly Classified Instances         1               12.5    %
Kappa statistic                          0.75  
Mean absolute error                      0.3229
Root mean squared error                  0.3616
Relative absolute error                 64.5873 %
Root relative squared error             72.3177 %
Total Number of Instances                8     


=== Confusion Matrix ===

 a b   <-- classified as
 3 1 | a = Control
 0 4 | b = Infected


=== Error on test data ===

Correctly Classified Instances           3               30      %
Incorrectly Classified Instances         7               70      %
Kappa statistic                         -0.4   
Mean absolute error                      0.5895
Root mean squared error                  0.6332
Relative absolute error                117.9071 %
Root relative squared error            126.636  %
Total Number of Instances               10     


=== Confusion Matrix ===

 a b   <-- classified as
 3 2 | a = Control
 5 0 | b = Infected

Weighted area under ROC: 
NaN
True negative (control): 
0.0
True positive: 
0.0
