disease ---> Breast_Neoplasm
experiment ---> GDS2745,GDS1326
type ---> multi
closed the readers
about to evaluate model
Warning: discretizing data set
evaluated model
test instances:
9
total instances:
18

Bayes Network Classifier
Using ADTree
#attributes=51 #classindex=50
Network structure (nodes followed by parents)
BRWD1(1): class 
SPATA6_binarized(2): class 
GPRC5B_binarized(2): class 
SORBS2_binarized(2): class 
ARG1_binarized(2): class 
ABI3BP_binarized(2): class 
IBSP_binarized(2): class 
SCARA3_binarized(2): class 
SPTBN1_binarized(2): class 
HSPB8_binarized(2): class 
ACY1_binarized(2): class 
LCP2_binarized(2): class 
PBOV1_binarized(2): class 
KIAA0146_binarized(2): class 
FAH_binarized(2): class 
NPAS3_binarized(2): class 
API5_binarized(2): class 
GRM2_binarized(2): class 
GINS4_binarized(2): class 
SMC6_binarized(2): class 
KNG1_binarized(2): class 
SLC6A20_binarized(2): class 
RAD52_binarized(2): class 
HOXB13_binarized(2): class 
WNT5A_binarized(2): class 
MNT_binarized(2): class 
PELI1_binarized(2): class 
PGGT1B_binarized(2): class 
SEC14L2_binarized(2): class 
ST3GAL1_binarized(2): class 
ACTA2_binarized(2): class 
ROR1_binarized(2): class 
HBS1L_binarized(2): class 
ZFY_binarized(2): class 
SEPP1_binarized(2): class 
CENPJ_binarized(2): class 
FAM105A_binarized(2): class 
NFIB_binarized(2): class 
LIMCH1_binarized(2): class 
MOBKL2B_binarized(2): class 
NCAM1_binarized(2): class 
KIAA1609_binarized(2): class 
GRIA3_binarized(2): class 
ADRBK2_binarized(2): class 
IGHG1_binarized(2): class 
FRZB_binarized(2): class 
TMEM164_binarized(2): class 
ZCWPW1_binarized(2): class 
TTC18_binarized(2): class 
RFX2_binarized(2): class 
class(2): 
LogScore Bayes: -281.5315493233232
LogScore BDeu: -365.70867094428513
LogScore MDL: -386.6712664323612
LogScore ENTROPY: -277.9086498542184
LogScore AIC: -376.90864985421854


Time taken to build model: 0.1 seconds
Time taken to test model on training data: 0.03 seconds

=== Error on training data ===

Correctly Classified Instances           5               55.5556 %
Incorrectly Classified Instances         4               44.4444 %
Kappa statistic                          0.1429
Mean absolute error                      0.3845
Root mean squared error                  0.5745
Relative absolute error                 77.6829 %
Root relative squared error            115.5983 %
Total Number of Instances                9     


=== Confusion Matrix ===

 a b   <-- classified as
 3 1 | a = Control
 3 2 | b = Infected


=== Error on test data ===

Correctly Classified Instances           4               44.4444 %
Incorrectly Classified Instances         5               55.5556 %
Kappa statistic                          0     
Mean absolute error                      0.5553
Root mean squared error                  0.745 
Relative absolute error                109.9518 %
Root relative squared error            146.9224 %
Total Number of Instances                9     


=== Confusion Matrix ===

 a b   <-- classified as
 0 5 | a = Control
 0 4 | b = Infected

Weighted area under ROC: 
NaN
True negative (control): 
0.0
True positive: 
0.0
