disease ---> Breast_Neoplasm
experiment ---> GDS2745,GDS1326
type ---> multi
closed the readers
about to evaluate model
Warning: discretizing data set
evaluated model
test instances:
6
total instances:
18

Bayes Network Classifier
Using ADTree
#attributes=21 #classindex=20
Network structure (nodes followed by parents)
SORBS2(1): class 
GPRC5B_binarized(2): class 
SPATA6_binarized(2): class 
ABI3BP_binarized(2): class 
BRWD1_binarized(2): class 
ARG1_binarized(2): class 
IBSP_binarized(2): class 
SCARA3_binarized(2): class 
SPTBN1_binarized(2): class 
HSPB8_binarized(2): class 
ACY1_binarized(2): class 
LCP2_binarized(2): class 
PBOV1_binarized(2): class 
KIAA0146_binarized(2): class 
FAH_binarized(2): class 
NPAS3_binarized(2): class 
API5_binarized(2): class 
GRM2_binarized(2): class 
GINS4_binarized(2): class 
SMC6_binarized(2): class 
class(2): 
LogScore Bayes: -159.16279427284815
LogScore BDeu: -191.80290265648617
LogScore MDL: -199.2006770643859
LogScore ENTROPY: -150.7449973935198
LogScore AIC: -189.7449973935199


Time taken to build model: 0.05 seconds
Time taken to test model on training data: 0.03 seconds

=== Error on training data ===

Correctly Classified Instances          10               83.3333 %
Incorrectly Classified Instances         2               16.6667 %
Kappa statistic                          0.6667
Mean absolute error                      0.4048
Root mean squared error                  0.427 
Relative absolute error                 80.9665 %
Root relative squared error             85.4005 %
Total Number of Instances               12     


=== Confusion Matrix ===

 a b   <-- classified as
 5 1 | a = Control
 1 5 | b = Infected


=== Error on test data ===

Correctly Classified Instances           3               50      %
Incorrectly Classified Instances         3               50      %
Kappa statistic                          0     
Mean absolute error                      0.5   
Root mean squared error                  0.5069
Relative absolute error                100      %
Root relative squared error            101.3722 %
Total Number of Instances                6     


=== Confusion Matrix ===

 a b   <-- classified as
 3 0 | a = Control
 3 0 | b = Infected

Weighted area under ROC: 
NaN
True negative (control): 
0.0
True positive: 
0.0
