disease ---> Breast_Neoplasm
experiment ---> GDS2745,GDS1326
type ---> multi
closed the readers
about to evaluate model
Warning: discretizing data set
evaluated model
test instances:
1
total instances:
18

Bayes Network Classifier
Using ADTree
#attributes=21 #classindex=20
Network structure (nodes followed by parents)
BRWD1(1): class 
SPATA6_binarized(2): class 
GPRC5B_binarized(2): class 
SORBS2_binarized(2): class 
ARG1_binarized(2): class 
ABI3BP_binarized(2): class 
IBSP_binarized(2): class 
SCARA3_binarized(2): class 
SPTBN1_binarized(2): class 
HSPB8_binarized(2): class 
ACY1_binarized(2): class 
LCP2_binarized(2): class 
PBOV1_binarized(2): class 
KIAA0146_binarized(2): class 
FAH_binarized(2): class 
NPAS3_binarized(2): class 
API5_binarized(2): class 
GRM2_binarized(2): class 
GINS4_binarized(2): class 
SMC6_binarized(2): class 
class(2): 
LogScore Bayes: -201.80543969897
LogScore BDeu: -234.4455480826082
LogScore MDL: -244.97125485943644
LogScore ENTROPY: -189.7235946503402
LogScore AIC: -228.7235946503402


Time taken to build model: 0.03 seconds
Time taken to test model on training data: 0.01 seconds

=== Error on training data ===

Correctly Classified Instances          14               82.3529 %
Incorrectly Classified Instances         3               17.6471 %
Kappa statistic                          0.6483
Mean absolute error                      0.3405
Root mean squared error                  0.3953
Relative absolute error                 68.308  %
Root relative squared error             79.2026 %
Total Number of Instances               17     


=== Confusion Matrix ===

 a b   <-- classified as
 7 2 | a = Control
 1 7 | b = Infected


=== Error on test data ===

Correctly Classified Instances           1              100      %
Incorrectly Classified Instances         0                0      %
Kappa statistic                          1     
Mean absolute error                      0.2998
Root mean squared error                  0.2998
Relative absolute error                 56.9684 %
Root relative squared error             56.9684 %
Total Number of Instances                1     


=== Confusion Matrix ===

 a b   <-- classified as
 0 0 | a = Control
 0 1 | b = Infected

Weighted area under ROC: 
NaN
True negative (control): 
0.0
True positive: 
0.0
