disease ---> Breast_Neoplasm
experiment ---> GDS2745,GDS1326
type ---> multi
closed the readers
about to evaluate model
Warning: discretizing data set
evaluated model
test instances:
6
total instances:
18

Bayes Network Classifier
Using ADTree
#attributes=41 #classindex=40
Network structure (nodes followed by parents)
SORBS2(1): class 
GPRC5B_binarized(2): class 
SPATA6_binarized(2): class 
ABI3BP_binarized(2): class 
BRWD1_binarized(2): class 
ARG1_binarized(2): class 
IBSP_binarized(2): class 
SCARA3_binarized(2): class 
SPTBN1_binarized(2): class 
HSPB8_binarized(2): class 
ACY1_binarized(2): class 
LCP2_binarized(2): class 
PBOV1_binarized(2): class 
KIAA0146_binarized(2): class 
FAH_binarized(2): class 
NPAS3_binarized(2): class 
API5_binarized(2): class 
GRM2_binarized(2): class 
GINS4_binarized(2): class 
SMC6_binarized(2): class 
KNG1_binarized(2): class 
SLC6A20_binarized(2): class 
RAD52_binarized(2): class 
HOXB13_binarized(2): class 
WNT5A_binarized(2): class 
MNT_binarized(2): class 
PELI1_binarized(2): class 
PGGT1B_binarized(2): class 
SEC14L2_binarized(2): class 
ST3GAL1_binarized(2): class 
ACTA2_binarized(2): class 
ROR1_binarized(2): class 
HBS1L_binarized(2): class 
ZFY_binarized(2): class 
SEPP1_binarized(2): class 
CENPJ_binarized(2): class 
FAM105A_binarized(2): class 
NFIB_binarized(2): class 
LIMCH1_binarized(2): class 
MOBKL2B_binarized(2): class 
class(2): 
LogScore Bayes: -299.3715985689036
LogScore BDeu: -366.36971577742395
LogScore MDL: -384.75183306927215
LogScore ENTROPY: -286.5980204026461
LogScore AIC: -365.59802040264617


Time taken to build model: 0.07 seconds
Time taken to test model on training data: 0.02 seconds

=== Error on training data ===

Correctly Classified Instances           9               75      %
Incorrectly Classified Instances         3               25      %
Kappa statistic                          0.5   
Mean absolute error                      0.2841
Root mean squared error                  0.3638
Relative absolute error                 56.8111 %
Root relative squared error             72.7618 %
Total Number of Instances               12     


=== Confusion Matrix ===

 a b   <-- classified as
 5 1 | a = Control
 2 4 | b = Infected


=== Error on test data ===

Correctly Classified Instances           3               50      %
Incorrectly Classified Instances         3               50      %
Kappa statistic                          0     
Mean absolute error                      0.5014
Root mean squared error                  0.5672
Relative absolute error                100.2759 %
Root relative squared error            113.4302 %
Total Number of Instances                6     


=== Confusion Matrix ===

 a b   <-- classified as
 0 3 | a = Control
 0 3 | b = Infected

Weighted area under ROC: 
NaN
True negative (control): 
0.0
True positive: 
0.0
