disease ---> Breast_Neoplasm
experiment ---> GDS2745,GDS1326
type ---> multi
closed the readers
about to evaluate model
Warning: discretizing data set
evaluated model
test instances:
7
total instances:
18

Bayes Network Classifier
Using ADTree
#attributes=51 #classindex=50
Network structure (nodes followed by parents)
SORBS2(1): class 
GPRC5B_binarized(2): class 
SPATA6_binarized(2): class 
ABI3BP_binarized(2): class 
BRWD1_binarized(2): class 
ARG1_binarized(2): class 
IBSP_binarized(2): class 
SCARA3_binarized(2): class 
SPTBN1_binarized(2): class 
HSPB8_binarized(2): class 
ACY1_binarized(2): class 
LCP2_binarized(2): class 
PBOV1_binarized(2): class 
KIAA0146_binarized(2): class 
FAH_binarized(2): class 
NPAS3_binarized(2): class 
API5_binarized(2): class 
GRM2_binarized(2): class 
GINS4_binarized(2): class 
SMC6_binarized(2): class 
KNG1_binarized(2): class 
SLC6A20_binarized(2): class 
RAD52_binarized(2): class 
HOXB13_binarized(2): class 
WNT5A_binarized(2): class 
MNT_binarized(2): class 
PELI1_binarized(2): class 
PGGT1B_binarized(2): class 
SEC14L2_binarized(2): class 
ST3GAL1_binarized(2): class 
ACTA2_binarized(2): class 
ROR1_binarized(2): class 
HBS1L_binarized(2): class 
ZFY_binarized(2): class 
SEPP1_binarized(2): class 
CENPJ_binarized(2): class 
FAM105A_binarized(2): class 
NFIB_binarized(2): class 
LIMCH1_binarized(2): class 
MOBKL2B_binarized(2): class 
NCAM1_binarized(2): class 
KIAA1609_binarized(2): class 
GRIA3_binarized(2): class 
ADRBK2_binarized(2): class 
IGHG1_binarized(2): class 
FRZB_binarized(2): class 
TMEM164_binarized(2): class 
ZCWPW1_binarized(2): class 
TTC18_binarized(2): class 
RFX2_binarized(2): class 
class(2): 
LogScore Bayes: -330.44391022703996
LogScore BDeu: -414.6210318480021
LogScore MDL: -440.18077341141003
LogScore ENTROPY: -321.48495740789053
LogScore AIC: -420.4849574078903


Time taken to build model: 0.11 seconds
Time taken to test model on training data: 0.02 seconds

=== Error on training data ===

Correctly Classified Instances           7               63.6364 %
Incorrectly Classified Instances         4               36.3636 %
Kappa statistic                          0.2903
Mean absolute error                      0.3633
Root mean squared error                  0.6024
Relative absolute error                 77.5405 %
Root relative squared error            125.1172 %
Total Number of Instances               11     


=== Confusion Matrix ===

 a b   <-- classified as
 3 1 | a = Control
 3 4 | b = Infected


=== Error on test data ===

Correctly Classified Instances           2               28.5714 %
Incorrectly Classified Instances         5               71.4286 %
Kappa statistic                          0     
Mean absolute error                      0.7143
Root mean squared error                  0.8452
Relative absolute error                129.9999 %
Root relative squared error            151.1218 %
Total Number of Instances                7     


=== Confusion Matrix ===

 a b   <-- classified as
 0 5 | a = Control
 0 2 | b = Infected

Weighted area under ROC: 
NaN
True negative (control): 
0.0
True positive: 
0.0
